3.119559923731948903e+00
3.111803361411308089e+00
3.092992840626492601e+00
3.090860511441108738e+00
3.086700203684730415e+00
3.052774004319213308e+00
3.070675836240059464e+00
3.083640041202353466e+00
3.083371189347011043e+00
3.117704410932292447e+00
3.090482904407684916e+00
3.045928889064533074e+00
3.008190617725985838e+00
2.997377199229392275e+00
2.950933854625514385e+00
2.887653490485551977e+00
2.829115710925363292e+00
2.759468743725847606e+00
2.736502697591611355e+00
2.739757615911099453e+00
2.753439850359653551e+00
2.786305884056333504e+00
2.773931954937808086e+00
2.711161172049042278e+00
2.682039256660802895e+00
2.692039230061205934e+00
2.709845341991120371e+00
2.645726507970793673e+00
2.572780541322791770e+00
2.527098228442162586e+00
2.488806833479235259e+00
2.432508371902922573e+00
2.375415768027131058e+00
2.278975140463287641e+00
2.207430391266558711e+00
2.129110900184282507e+00
2.072983135657315845e+00
2.022411728343675108e+00
1.996366333494556278e+00
1.979616505244880864e+00
1.955009024001542306e+00
1.875976899085702865e+00
1.752442754520267876e+00
1.644789862883897280e+00
1.573943525083394412e+00
1.469923388557364374e+00
1.446345986029664354e+00
1.426888120705226193e+00
1.398986191487630037e+00
1.335153798347696652e+00
1.302992410625141817e+00
1.271412262356360179e+00
1.264739615857772392e+00
1.252666636987838977e+00
1.220038648422115291e+00
1.240898179429922532e+00
1.250389200246614374e+00
1.242358785684277711e+00
1.194298246553165521e+00
1.164577118401057376e+00
1.127517175082580314e+00
1.120379105560591837e+00
1.098937878087453468e+00
1.086982039816644097e+00
1.085378494978225472e+00
1.070498635002508525e+00
1.085690474260820881e+00
1.088119197959677820e+00
1.096007167193062237e+00
1.096233819338748861e+00
1.070655619495118893e+00
1.070899161993529747e+00
1.074239480211330422e+00
1.096367586634384272e+00
1.118091483314130219e+00
1.137098844784451446e+00
1.136153489373524783e+00
1.139184275669891111e+00
1.120956710977758730e+00
1.135921801201450254e+00
1.158907304111873593e+00
1.217864888846685645e+00
1.358271943556931927e+00
1.551417430585542379e+00
1.674169732900744556e+00
1.722939634058834102e+00
1.745795183222155655e+00
1.772804984046719490e+00
1.798767706717536052e+00
1.804352606931845626e+00
1.790673180490801153e+00
1.794177470713251399e+00
1.826596801753332500e+00
1.852693873090108578e+00
1.884074757789972798e+00
1.949080952305132453e+00
2.010727352999693629e+00
2.010684568435116670e+00
2.042143062764615991e+00
2.127550557483075089e+00
2.213540721924999843e+00
2.271383180892815989e+00
2.301281467157671567e+00
2.342229928192143706e+00
2.361763775972162804e+00
2.382345575827832462e+00
2.370875791267154309e+00
2.342367900460220476e+00
2.329316235763149834e+00
2.321832708773404086e+00
2.329792935983415081e+00
2.318615358542624350e+00
2.295012326974256389e+00
2.281354163860674245e+00
2.318418600676846353e+00
2.309544527813249815e+00
2.282676898771135221e+00
2.302630414885575849e+00
2.367291520360045975e+00
2.375135505607369968e+00
2.418628562195483056e+00
2.469349733785978440e+00
2.520460748488899672e+00
2.539558672338271705e+00
2.615363263168736463e+00
2.686875711808796474e+00
2.690117886306579553e+00
2.724842506748491822e+00
2.751614331026912108e+00
2.739352642234003099e+00
2.699706610364801751e+00
2.644966567812724545e+00
2.623537572383631833e+00
2.633996602807185283e+00
2.613357369857700618e+00
2.598407794032294493e+00
2.575462948666059848e+00
2.570083412474468698e+00
2.600178369011877155e+00
2.632488182094176565e+00
2.609420050215714770e+00
2.619220793363324251e+00
2.626143072190833649e+00
2.595223401670971430e+00
2.593213310928438098e+00
2.577139163427380364e+00
2.540364225359021066e+00
2.552626142158108902e+00
2.587875709942725866e+00
2.654782369188310120e+00
2.678873336887988010e+00
2.731857106251784462e+00
2.779815534864063853e+00
2.826305835197383765e+00
2.822227501742958111e+00
2.841656219493644109e+00
2.874415133634105057e+00
2.885986783186437865e+00
2.869317775886781607e+00
2.863855511903890427e+00
2.894434403777284448e+00
2.898428564081240388e+00
2.899680441768920147e+00
2.957206138410551244e+00
2.959417114455017650e+00
2.914454768101307103e+00
2.894050958234894555e+00
2.882682264746221801e+00
2.876374130800295692e+00
2.885088686155407700e+00
2.874084041183365912e+00
2.846686409164244314e+00
2.837900947741161417e+00
2.845655656383675236e+00
2.847811148266294001e+00
2.852470102402768770e+00
2.860984849506045258e+00
2.837596788953107296e+00
2.825534630973772110e+00
2.808629821719192066e+00
2.790130490772533278e+00
2.805175179579862288e+00
2.803847479280048738e+00
2.820899918070226331e+00
2.859712782490258398e+00
2.861103468124213567e+00
2.849313304081286802e+00
2.850641706418417076e+00
2.839605890451898151e+00
2.850866406537767794e+00
2.869501384059027327e+00
2.870313351000462809e+00
2.883926928322670502e+00
2.917265537927347552e+00
2.919508727970378636e+00
2.912883097585221570e+00
2.933419749921456710e+00
2.919579015186246185e+00
2.877511973003303414e+00
2.861762677114613407e+00
2.839090653600373493e+00
2.835918769989886901e+00
2.823963648053162689e+00
2.833101843961495003e+00
2.823811985835981364e+00
2.825538649321832185e+00
2.843768847309307901e+00
2.871119829906500165e+00
2.895327113280591114e+00
2.889166695539690632e+00
2.883674612164153661e+00
2.900832309619405081e+00
2.897706416939454410e+00
2.854751057184143903e+00
2.811673737504545301e+00
2.796969890313137252e+00
2.775982374331479985e+00
2.710685356733626872e+00
2.639239399482316895e+00
2.547114989341400459e+00
2.370878276920997951e+00
2.190534757804831756e+00
2.064788035275989309e+00
1.952713104687829437e+00
1.849670937857649466e+00
1.770731798982692062e+00
1.645645401421050424e+00
1.534590552814404152e+00
1.525562329627589087e+00
1.537055747704822561e+00
1.540933192052834633e+00
1.539233352052651549e+00
1.528591242185389776e+00
1.508969166028659492e+00
1.510579833700391061e+00
1.558079548086057864e+00
1.589861568001987635e+00
1.602212156527938358e+00
1.648557110822840732e+00
1.664936253272442324e+00
1.677528694912384655e+00
1.614092829433209086e+00
1.581557091288964489e+00
1.546366486000875895e+00
1.522524969113811188e+00
1.504760981119352969e+00
1.441401932604345681e+00
1.385640360413949113e+00
1.384688031850226597e+00
1.381464263695229455e+00
1.343280923978559471e+00
1.258011678808798717e+00
1.146380696372025998e+00
1.046436590532570543e+00
9.901239907934106244e-01
9.706839185148908866e-01
9.651516919973835984e-01
9.252999305855640344e-01
9.354092636023378926e-01
9.569451074501017507e-01
9.932017773807008121e-01
1.009696055083266986e+00
9.493240851703159677e-01
8.924354811637122964e-01
8.614027259186789465e-01
8.077738935170037937e-01
7.661469378582068668e-01
7.363138735046343974e-01
7.387715927545681627e-01
7.446310338418837826e-01
7.182147930820604875e-01
7.361887114379132013e-01
7.666469229765036086e-01
7.270605916159155191e-01
6.687653476620345483e-01
6.262840030854736062e-01
6.260094063745216264e-01
6.330483989679739354e-01
6.071659668505290375e-01
5.995232507210095374e-01
5.923216151983741184e-01
5.596898064017098440e-01
5.025484248877539750e-01
4.761876297710946893e-01
4.848638702456276595e-01
4.999839027343752629e-01
5.146518967479433160e-01
5.044821175750304754e-01
4.694204284632158553e-01
4.808750198040590007e-01
5.158554663870495993e-01
5.147152893181747846e-01
5.143256355417676895e-01
4.935359766126860559e-01
4.676412219851077690e-01
4.280033030934653482e-01
3.812487137795650960e-01
3.914106126517601925e-01
3.771905163422945573e-01
3.343366928891724488e-01
3.007169438422705454e-01
