Time[ps]      Etot[eV]     Epot[eV]     Ekin[eV]    T[K]
0.0000        -331.3614    -331.7325       0.3710   410.1
0.0100        -331.3918    -331.5019       0.1101   121.7
0.0200        -331.1736    -331.2852       0.1116   123.3
0.0300        -331.1613    -331.2956       0.1343   148.4
0.0400        -331.0200    -331.2487       0.2287   252.8
0.0500        -331.0064    -331.2308       0.2244   248.0
0.0600        -331.0455    -331.1206       0.0752    83.1
0.0700        -330.7153    -331.0251       0.3098   342.4
0.0800        -330.3993    -330.7796       0.3804   420.4
0.0900        -330.5361    -330.7586       0.2224   245.8
0.1000        -330.4915    -330.6700       0.1785   197.3
0.1100        -330.5527    -330.7627       0.2099   232.0
0.1200        -330.5701    -330.8085       0.2384   263.5
0.1300        -330.5926    -330.6755       0.0829    91.6
0.1400        -330.5408    -330.7964       0.2556   282.5
0.1500        -330.7071    -330.9110       0.2039   225.3
0.1600        -330.8252    -331.1327       0.3075   339.8
0.1700        -331.0595    -331.2951       0.2356   260.3
0.1800        -331.1730    -331.3192       0.1462   161.6
0.1900        -330.9908    -331.2237       0.2329   257.4
0.2000        -330.8493    -331.1291       0.2799   309.3
0.2100        -330.5731    -330.7594       0.1863   205.9
0.2200        -330.6552    -330.7505       0.0954   105.4
0.2300        -330.6699    -330.9039       0.2341   258.7
0.2400        -330.5931    -330.8417       0.2486   274.8
0.2500        -330.6541    -330.8151       0.1611   178.0
0.2600        -330.4106    -330.6470       0.2364   261.2
0.2700        -330.4179    -330.7371       0.3192   352.8
0.2800        -330.6263    -331.0323       0.4060   448.7
0.2900        -330.8981    -331.1401       0.2419   267.4
0.3000        -330.9855    -331.1759       0.1904   210.4
0.3100        -331.1228    -331.3968       0.2740   302.8
0.3200        -331.0001    -331.3169       0.3168   350.1
0.3300        -331.3104    -331.4892       0.1788   197.6
0.3400        -331.0800    -331.5108       0.4308   476.1
0.3500        -331.2733    -331.7359       0.4626   511.3
0.3600        -331.3532    -331.6863       0.3331   368.1
0.3700        -331.5054    -331.6264       0.1210   133.7
0.3800        -331.4804    -331.6137       0.1334   147.4
0.3900        -331.4725    -331.6046       0.1321   146.0
0.4000        -331.1590    -331.4933       0.3342   369.4
0.4100        -331.2105    -331.5495       0.3390   374.6
0.4200        -331.4670    -331.8236       0.3566   394.1
0.4300        -331.6035    -331.9408       0.3373   372.8
0.4400        -331.6833    -331.9560       0.2727   301.4
0.4500        -331.7779    -332.0503       0.2724   301.1
0.4600        -331.7835    -331.9913       0.2078   229.6
0.4700        -331.6745    -331.9596       0.2850   315.0
0.4800        -331.6673    -331.9070       0.2397   264.9
0.4900        -331.5803    -331.7964       0.2161   238.8
0.5000        -331.5813    -331.7508       0.1695   187.3
0.5100        -331.4943    -331.6661       0.1718   189.9
0.5200        -331.3657    -331.5602       0.1945   215.0
0.5300        -331.3311    -331.4754       0.1443   159.4
0.5400        -331.1836    -331.3910       0.2074   229.2
0.5500        -331.1693    -331.4139       0.2446   270.3
0.5600        -331.0825    -331.3067       0.2242   247.8
0.5700        -330.9386    -331.1721       0.2335   258.1
0.5800        -330.7035    -331.0264       0.3230   356.9
0.5900        -330.7265    -331.0018       0.2753   304.2
0.6000        -330.7101    -330.9374       0.2273   251.2
0.6100        -330.6292    -330.8375       0.2082   230.1
0.6200        -330.4148    -330.7101       0.2954   326.4
0.6300        -330.4268    -330.7231       0.2963   327.4
0.6400        -330.4280    -330.7029       0.2749   303.8
0.6500        -330.2051    -330.4634       0.2583   285.5
0.6600        -330.1013    -330.3259       0.2247   248.3
0.6700        -330.0094    -330.2681       0.2587   285.9
0.6800        -329.8310    -330.1827       0.3517   388.7
0.6900        -329.8943    -330.0409       0.1466   162.0
0.7000        -329.6803    -330.0129       0.3326   367.6
0.7100        -329.7082    -329.9777       0.2694   297.8
0.7200        -329.6841    -329.8111       0.1270   140.4
0.7300        -329.6537    -329.7708       0.1171   129.4
0.7400        -329.4299    -329.5861       0.1561   172.5
0.7500        -329.3717    -329.4838       0.1121   123.9
0.7600        -329.1568    -329.3751       0.2183   241.3
0.7700        -329.0066    -329.2235       0.2169   239.7
0.7800        -329.0685    -329.1522       0.0837    92.5
0.7900        -328.8471    -329.0928       0.2458   271.6
0.8000        -328.6640    -328.9658       0.3018   333.6
0.8100        -328.6882    -329.0835       0.3952   436.8
0.8200        -329.1919    -329.7809       0.5891   651.0
0.8300        -330.2208    -330.8860       0.6652   735.1
0.8400        -330.8275    -331.1983       0.3708   409.8
0.8500        -330.8466    -331.0159       0.1692   187.1
0.8600        -330.8350    -331.0320       0.1970   217.8
0.8700        -330.7856    -330.9772       0.1917   211.8
0.8800        -330.5874    -330.8142       0.2268   250.7
0.8900        -330.6189    -330.8435       0.2247   248.3
0.9000        -330.4986    -330.8053       0.3067   339.0
0.9100        -330.3376    -330.5959       0.2582   285.4
0.9200        -330.3773    -330.5385       0.1612   178.2
0.9300        -330.3021    -330.5259       0.2238   247.3
0.9400        -329.9255    -330.2917       0.3662   404.8
0.9500        -330.1538    -330.3786       0.2248   248.4
0.9600        -330.0782    -330.4353       0.3572   394.7
0.9700        -330.1627    -330.3299       0.1672   184.8
0.9800        -329.9225    -330.2932       0.3706   409.6
0.9900        -330.1990    -330.5285       0.3294   364.1
1.0000        -330.4512    -330.7150       0.2637   291.5
1.0100        -330.4588    -330.6376       0.1788   197.6
1.0200        -330.3970    -330.5366       0.1396   154.3
1.0300        -330.3185    -330.4160       0.0975   107.8
1.0400        -330.2389    -330.3914       0.1526   168.6
1.0500        -330.1914    -330.3954       0.2040   225.4
1.0600        -329.8969    -330.1920       0.2951   326.1
1.0700        -329.8381    -330.1169       0.2789   308.2
1.0800        -329.6677    -330.0214       0.3538   391.0
1.0900        -329.6840    -329.9378       0.2538   280.4
1.1000        -329.7290    -329.9513       0.2223   245.7
1.1100        -329.5726    -329.7332       0.1607   177.6
1.1200        -329.4950    -329.5880       0.0931   102.8
1.1300        -329.3204    -329.5812       0.2608   288.2
1.1400        -329.3119    -329.5160       0.2042   225.6
1.1500        -329.2018    -329.3668       0.1649   182.3
1.1600        -328.7862    -329.0271       0.2408   266.2
1.1700        -328.8527    -329.1367       0.2839   313.8
1.1800        -328.9713    -329.1172       0.1459   161.3
1.1900        -328.7693    -329.0355       0.2662   294.2
1.2000        -328.8156    -329.0476       0.2321   256.5
1.2100        -328.8282    -329.1210       0.2927   323.5
1.2200        -328.9165    -329.1960       0.2795   308.9
1.2300        -328.7829    -329.1724       0.3895   430.4
1.2400        -329.0430    -329.4150       0.3720   411.1
1.2500        -329.2039    -329.4938       0.2899   320.4
1.2600        -329.1941    -329.3259       0.1318   145.6
1.2700        -328.8438    -329.2354       0.3916   432.8
1.2800        -329.0465    -329.1958       0.1494   165.1
1.2900        -328.6647    -329.0334       0.3687   407.5
1.3000        -328.6135    -328.9000       0.2864   316.6
1.3100        -328.6204    -328.8383       0.2179   240.8
1.3200        -328.4419    -328.7104       0.2685   296.8
1.3300        -328.4683    -328.6942       0.2258   249.6
1.3400        -328.3155    -328.5283       0.2129   235.3
1.3500        -328.1689    -328.3330       0.1641   181.4
1.3600        -328.1196    -328.2499       0.1303   144.0
1.3700        -327.7467    -328.0126       0.2659   293.9
1.3800        -327.7838    -327.9622       0.1784   197.2
1.3900        -327.9125    -328.0821       0.1696   187.4
1.4000        -327.7449    -327.9438       0.1989   219.8
1.4100        -327.5604    -327.7371       0.1767   195.3
1.4200        -327.4960    -327.6775       0.1815   200.6
1.4300        -327.2788    -327.5213       0.2425   268.0
1.4400        -327.2250    -327.4805       0.2555   282.4
1.4500        -327.1240    -327.3305       0.2065   228.2
1.4600        -327.0980    -327.2190       0.1210   133.7
1.4700        -326.9190    -327.1170       0.1980   218.8
1.4800        -326.7620    -326.9800       0.2180   241.0
1.4900        -326.9773    -327.1571       0.1798   198.7
1.5000        -326.9321    -327.1150       0.1829   202.1
1.5100        -326.9911    -327.2040       0.2129   235.3
1.5200        -327.3223    -327.6216       0.2993   330.8
1.5300        -327.8195    -327.9508       0.1313   145.1
1.5400        -327.5625    -327.7917       0.2292   253.3
1.5500        -327.6320    -327.8096       0.1776   196.3
1.5600        -327.6822    -327.9059       0.2237   247.2
1.5700        -327.7768    -327.9964       0.2196   242.7
1.5800        -327.4219    -327.8209       0.3990   440.9
1.5900        -327.3718    -327.6229       0.2511   277.5
1.6000        -327.4828    -327.7381       0.2553   282.1
1.6100        -327.5564    -327.6866       0.1303   144.0
1.6200        -327.3441    -327.6181       0.2740   302.8
1.6300        -327.4813    -327.9751       0.4938   545.7
1.6400        -327.5571    -327.8886       0.3314   366.3
1.6500        -327.2615    -327.4571       0.1957   216.2
1.6600        -327.0790    -327.2495       0.1705   188.4
1.6700        -326.9092    -327.0647       0.1555   171.9
1.6800        -326.7558    -326.9012       0.1455   160.8
1.6900        -326.5640    -326.7509       0.1870   206.6
1.7000        -326.3128    -326.5053       0.1925   212.7
1.7100        -326.1146    -326.2283       0.1137   125.7
1.7200        -325.9699    -326.1564       0.1865   206.1
1.7300        -325.8147    -326.1213       0.3066   338.9
1.7400        -325.7292    -326.0028       0.2737   302.4
1.7500        -325.6453    -325.9861       0.3408   376.6
1.7600        -325.6230    -325.8586       0.2356   260.4
1.7700        -325.3934    -325.7602       0.3668   405.4
1.7800        -325.3428    -325.5516       0.2088   230.8
1.7900        -325.1652    -325.2868       0.1216   134.4
1.8000        -324.8680    -325.0523       0.1843   203.7
1.8100        -324.7883    -325.0698       0.2814   311.0
1.8200        -324.7238    -325.0004       0.2766   305.7
1.8300        -324.7724    -324.9162       0.1438   159.0
1.8400        -324.9839    -325.1536       0.1697   187.5
1.8500        -324.7135    -324.9819       0.2684   296.6
1.8600        -324.5382    -324.8149       0.2767   305.8
1.8700        -324.5500    -324.7658       0.2158   238.5
1.8800        -324.3686    -324.5933       0.2247   248.3
1.8900        -324.3571    -324.6454       0.2884   318.7
1.9000        -324.3370    -324.6771       0.3401   375.9
1.9100        -324.3871    -324.4952       0.1081   119.4
1.9200        -324.4236    -324.5559       0.1323   146.2
1.9300        -324.6603    -324.8117       0.1513   167.2
1.9400        -324.5503    -324.8053       0.2550   281.8
1.9500        -324.3647    -324.5972       0.2325   257.0
1.9600        -324.4934    -324.7417       0.2484   274.5
1.9700        -324.2049    -324.4841       0.2791   308.5
1.9800        -323.7133    -323.9230       0.2097   231.7
1.9900        -323.4113    -323.6847       0.2734   302.2
2.0000        -323.2777    -323.5046       0.2269   250.8
2.0100        -323.1610    -323.3749       0.2140   236.5
2.0200        -323.0004    -323.1835       0.1831   202.4
2.0300        -322.9030    -323.2067       0.3037   335.6
2.0400        -322.7499    -322.9697       0.2199   243.0
2.0500        -322.6424    -322.8707       0.2282   252.2
2.0600        -322.7752    -322.8806       0.1054   116.5
2.0700        -322.8502    -322.9752       0.1250   138.1
2.0800        -322.9735    -323.0992       0.1258   139.0
2.0900        -322.8079    -322.9654       0.1575   174.1
2.1000        -322.6746    -322.8051       0.1305   144.2
2.1100        -322.7918    -322.9678       0.1760   194.5
2.1200        -322.4259    -322.7572       0.3313   366.2
2.1300        -321.9522    -322.1794       0.2272   251.1
2.1400        -321.6936    -321.9624       0.2688   297.1
2.1500        -321.5872    -321.8892       0.3021   333.8
2.1600        -321.6148    -321.8867       0.2719   300.5
2.1700        -321.8956    -322.1941       0.2985   329.9
2.1800        -322.7602    -323.0813       0.3212   354.9
2.1900        -324.1658    -324.5335       0.3677   406.4
2.2000        -326.1294    -326.8298       0.7004   774.0
2.2100        -327.6158    -328.3814       0.7656   846.1
2.2200        -328.5415    -328.9743       0.4329   478.4
2.2300        -328.8257    -329.2798       0.4541   501.9
2.2400        -329.1283    -329.5337       0.4054   448.1
2.2500        -329.0032    -329.5586       0.5555   613.9
2.2600        -329.4833    -329.9337       0.4504   497.8
2.2700        -329.6321    -329.8779       0.2457   271.6
2.2800        -329.5692    -329.8157       0.2464   272.4
2.2900        -329.6357    -329.8322       0.1966   217.2
2.3000        -329.5898    -329.7836       0.1937   214.1
2.3100        -329.3360    -329.6803       0.3443   380.6
2.3200        -329.2345    -329.4579       0.2234   246.9
2.3300        -329.2377    -329.4943       0.2566   283.6
2.3400        -329.1149    -329.3728       0.2579   285.0
2.3500        -329.0751    -329.3357       0.2605   288.0
2.3600        -328.9183    -329.1723       0.2539   280.6
2.3700        -328.9804    -329.1201       0.1398   154.5
2.3800        -328.7892    -329.0304       0.2412   266.6
2.3900        -328.8143    -328.9451       0.1308   144.6
2.4000        -328.7282    -328.8605       0.1323   146.2
2.4100        -328.5032    -328.7878       0.2846   314.5
2.4200        -328.4186    -328.7125       0.2939   324.8
2.4300        -328.3135    -328.5079       0.1944   214.9
2.4400        -328.1014    -328.3812       0.2798   309.2
2.4500        -328.1261    -328.3165       0.1904   210.4
2.4600        -328.0005    -328.2632       0.2626   290.3
2.4700        -327.9999    -328.2859       0.2860   316.1
2.4800        -327.9454    -328.2425       0.2971   328.4
2.4900        -327.8631    -328.0286       0.1655   182.9
2.5000        -327.7568    -327.9552       0.1984   219.3
2.5100        -327.5864    -327.9891       0.4027   445.1
2.5200        -327.8271    -328.2289       0.4018   444.1
2.5300        -328.1690    -328.5039       0.3349   370.1
2.5400        -328.3935    -328.6524       0.2590   286.2
2.5500        -328.4349    -328.7481       0.3133   346.2
2.5600        -328.3182    -328.4787       0.1605   177.4
2.5700        -328.4454    -328.6882       0.2427   268.3
2.5800        -328.2179    -328.4800       0.2621   289.7
2.5900        -328.1134    -328.3554       0.2420   267.5
2.6000        -327.9989    -328.2198       0.2208   244.0
2.6100        -327.7364    -328.0161       0.2796   309.1
2.6200        -328.0799    -328.3716       0.2917   322.4
2.6300        -328.2502    -328.5847       0.3345   369.7
2.6400        -328.6207    -328.8529       0.2322   256.6
2.6500        -329.1480    -329.3162       0.1682   185.9
2.6600        -329.2107    -329.4980       0.2873   317.5
2.6700        -329.3477    -329.7030       0.3553   392.7
2.6800        -329.3797    -329.7267       0.3469   383.4
2.6900        -329.3188    -329.8038       0.4849   536.0
2.7000        -329.5896    -330.0244       0.4348   480.6
2.7100        -330.1009    -330.4655       0.3646   403.0
2.7200        -329.7733    -330.1780       0.4047   447.3
2.7300        -330.0708    -330.4677       0.3968   438.6
2.7400        -330.5758    -330.9415       0.3657   404.2
2.7500        -330.7955    -330.9816       0.1860   205.6
2.7600        -330.7760    -330.9292       0.1533   169.4
2.7700        -330.7123    -330.8832       0.1708   188.8
2.7800        -330.7573    -330.9736       0.2163   239.1
2.7900        -330.7672    -330.9696       0.2024   223.7
2.8000        -330.6439    -330.9107       0.2668   294.9
2.8100        -330.6518    -330.8777       0.2260   249.7
2.8200        -330.8356    -331.1561       0.3206   354.3
2.8300        -330.9740    -331.1105       0.1366   150.9
2.8400        -330.8402    -331.0805       0.2404   265.7
2.8500        -330.7029    -330.9262       0.2233   246.8
2.8600        -330.5843    -330.7698       0.1855   205.0
2.8700        -330.5422    -330.7418       0.1995   220.5
2.8800        -330.6764    -330.8411       0.1647   182.0
2.8900        -330.3306    -330.6191       0.2885   318.8
2.9000        -330.2140    -330.4352       0.2212   244.4
2.9100        -330.2304    -330.3704       0.1400   154.7
2.9200        -330.0080    -330.2567       0.2487   274.9
2.9300        -330.0667    -330.3044       0.2378   262.8
2.9400        -330.1678    -330.3625       0.1948   215.2
2.9500        -330.1466    -330.4142       0.2676   295.7
2.9600        -330.5222    -330.7378       0.2156   238.3
2.9700        -330.3401    -330.5097       0.1697   187.5
2.9800        -330.1940    -330.6065       0.4125   455.9
2.9900        -330.3935    -330.7471       0.3536   390.8
3.0000        -330.3048    -330.8349       0.5302   585.9
