2.116922513879051060e+00
2.169502068859681998e+00
2.158603221615377876e+00
2.104824737614109154e+00
1.981976348972112500e+00
1.798998858815759494e+00
1.739698345830916093e+00
1.824980920045493171e+00
1.856346325996643953e+00
1.860514510532390142e+00
1.833892976220592885e+00
1.859540396474704815e+00
1.856302405593942106e+00
1.873907563624286121e+00
1.866452884905324794e+00
1.844279783768943748e+00
1.836547001105452770e+00
1.804393936698081458e+00
1.672205003869368545e+00
1.607851951788345835e+00
1.667178491839094834e+00
1.622543188659003821e+00
1.657874593120758133e+00
1.630034792416385159e+00
1.622261021180171348e+00
1.638104513922939542e+00
1.629917864955166662e+00
1.613824967894660567e+00
1.655800227358698695e+00
1.623852480874276694e+00
1.599869321734350924e+00
1.622366849596438509e+00
1.615349593069555834e+00
1.584231086314131565e+00
1.574416773738403386e+00
1.580396014264020987e+00
1.605120684638706940e+00
1.579381010035997068e+00
1.563165582051742941e+00
1.577015660368319416e+00
1.661204782428518101e+00
1.926050866704827058e+00
2.427791565133956109e+00
2.538682571413903855e+00
2.474071784431588927e+00
2.477722900615378698e+00
2.420882229435304733e+00
2.324780849513464531e+00
2.252794668453112603e+00
2.276544860872133924e+00
2.283714402865772541e+00
