Time[ps]      Etot[eV]     Epot[eV]     Ekin[eV]    T[K]
0.0000       -1535.6490   -1535.6490       0.0000     0.0
0.0100       -1535.2879   -1535.5553       0.2674   517.1
0.0200       -1535.1302   -1535.4240       0.2938   568.2
0.0300       -1535.2306   -1535.4066       0.1760   340.3
0.0400       -1535.3792   -1535.4271       0.0478    92.5
0.0500       -1535.3108   -1535.3629       0.0521   100.8
0.0600       -1535.0831   -1535.3041       0.2210   427.4
0.0700       -1535.0150   -1535.0645       0.0495    95.7
0.0800       -1535.0083   -1535.2706       0.2623   507.4
0.0900       -1535.0340   -1535.2026       0.1686   326.1
0.1000       -1534.9711   -1535.1655       0.1945   376.1
0.1100       -1535.0688   -1535.2400       0.1712   331.1
0.1200       -1534.9341   -1535.0811       0.1470   284.2
0.1300       -1534.9683   -1535.0778       0.1096   211.9
0.1400       -1535.0527   -1535.1014       0.0487    94.1
0.1500       -1534.7099   -1535.0019       0.2920   564.8
0.1600       -1534.8081   -1535.0287       0.2205   426.5
0.1700       -1534.8381   -1535.0254       0.1873   362.3
0.1800       -1534.9011   -1535.0227       0.1216   235.2
0.1900       -1534.7782   -1534.8788       0.1005   194.5
0.2000       -1534.7641   -1534.9761       0.2120   410.0
0.2100       -1534.6339   -1534.9137       0.2798   541.1
0.2200       -1534.7762   -1534.9387       0.1625   314.3
0.2300       -1534.7218   -1534.9115       0.1897   367.0
0.2400       -1534.5184   -1534.7538       0.2355   455.4
0.2500       -1534.6038   -1534.7971       0.1932   373.7
0.2600       -1534.5183   -1534.6093       0.0910   176.1
0.2700       -1534.6530   -1534.8583       0.2052   397.0
0.2800       -1534.4191   -1534.7768       0.3577   691.9
0.2900       -1534.4097   -1534.6949       0.2853   551.7
0.3000       -1534.2513   -1534.7447       0.4934   954.4
0.3100       -1534.6476   -1534.7899       0.1423   275.2
0.3200       -1534.5429   -1534.8066       0.2636   509.9
0.3300       -1534.2792   -1534.5151       0.2359   456.2
0.3400       -1534.3886   -1534.6860       0.2973   575.1
0.3500       -1534.5191   -1534.7103       0.1912   369.7
0.3600       -1534.5176   -1534.6812       0.1636   316.5
0.3700       -1534.6336   -1534.7593       0.1257   243.1
0.3800       -1534.6934   -1534.7495       0.0560   108.3
0.3900       -1534.3674   -1534.6914       0.3240   626.6
0.4000       -1534.2094   -1534.6273       0.4178   808.1
0.4100       -1534.3426   -1534.5520       0.2094   404.9
0.4200       -1534.5991   -1534.6841       0.0850   164.4
0.4300       -1534.4196   -1534.5432       0.1236   239.0
0.4400       -1534.4199   -1534.6098       0.1899   367.3
0.4500       -1534.0522   -1534.4937       0.4416   854.0
0.4600       -1534.4657   -1534.5610       0.0952   184.2
0.4700       -1534.4456   -1534.6157       0.1701   329.0
0.4800       -1534.1565   -1534.5327       0.3762   727.7
0.4900       -1534.1713   -1534.5534       0.3821   739.0
0.5000       -1534.1567   -1534.4870       0.3302   638.7
0.5100       -1534.2072   -1534.3648       0.1576   304.8
0.5200       -1534.3052   -1534.4985       0.1933   373.9
0.5300       -1534.3141   -1534.4569       0.1428   276.3
0.5400       -1534.2427   -1534.4772       0.2346   453.7
0.5500       -1534.1773   -1534.2959       0.1186   229.4
0.5600       -1534.2141   -1534.4318       0.2177   421.0
0.5700       -1534.2315   -1534.3479       0.1164   225.2
0.5800       -1534.1691   -1534.4083       0.2392   462.7
0.5900       -1534.3891   -1534.5595       0.1704   329.6
0.6000       -1534.4155   -1534.5010       0.0855   165.4
0.6100       -1534.2535   -1534.4308       0.1772   342.8
0.6200       -1534.4288   -1534.5861       0.1573   304.1
0.6300       -1534.4291   -1534.5391       0.1100   212.7
0.6400       -1534.3602   -1534.4989       0.1387   268.2
0.6500       -1534.3456   -1534.4792       0.1336   258.5
0.6600       -1534.2633   -1534.5166       0.2533   489.9
0.6700       -1534.2704   -1534.4856       0.2152   416.2
0.6800       -1534.2493   -1534.3528       0.1035   200.2
0.6900       -1534.0742   -1534.2993       0.2251   435.4
0.7000       -1534.0100   -1534.2833       0.2733   528.7
0.7100       -1534.1850   -1534.4688       0.2838   549.0
0.7200       -1534.1909   -1534.4354       0.2445   473.0
0.7300       -1534.2451   -1534.3941       0.1490   288.1
0.7400       -1534.3446   -1534.4902       0.1456   281.6
0.7500       -1534.2038   -1534.3906       0.1868   361.4
0.7600       -1534.3265   -1534.4061       0.0796   154.0
0.7700       -1534.0588   -1534.2892       0.2304   445.6
0.7800       -1534.0249   -1534.2852       0.2603   503.4
0.7900       -1534.0621   -1534.2433       0.1812   350.5
0.8000       -1533.8601   -1534.2637       0.4035   780.5
0.8100       -1533.9203   -1534.2195       0.2992   578.7
0.8200       -1533.6699   -1534.0006       0.3306   639.4
0.8300       -1533.9610   -1534.3742       0.4132   799.2
0.8400       -1534.3017   -1534.3791       0.0774   149.7
0.8500       -1534.1932   -1534.4109       0.2177   421.0
0.8600       -1534.0606   -1534.3474       0.2868   554.7
0.8700       -1534.2607   -1534.2994       0.0388    75.0
0.8800       -1534.0130   -1534.2832       0.2702   522.6
0.8900       -1534.0113   -1534.2753       0.2639   510.5
0.9000       -1534.1970   -1534.3799       0.1829   353.7
0.9100       -1534.0383   -1534.1520       0.1137   220.0
0.9200       -1533.9996   -1534.2423       0.2427   469.4
0.9300       -1534.0218   -1534.2312       0.2094   404.9
0.9400       -1533.9787   -1534.1797       0.2010   388.8
0.9500       -1533.9361   -1534.1191       0.1830   353.9
0.9600       -1533.8705   -1534.1764       0.3059   591.6
0.9700       -1533.9457   -1534.2465       0.3009   581.9
0.9800       -1534.0779   -1534.2207       0.1427   276.1
0.9900       -1534.0354   -1534.2247       0.1893   366.2
1.0000       -1533.8832   -1534.1673       0.2842   549.6
1.0100       -1533.7751   -1534.0372       0.2621   506.9
1.0200       -1533.6509   -1534.1477       0.4968   960.8
1.0300       -1533.8712   -1534.1897       0.3185   616.0
1.0400       -1533.9855   -1534.1551       0.1697   328.1
1.0500       -1534.0279   -1534.1481       0.1201   232.3
1.0600       -1533.9325   -1534.1050       0.1725   333.5
1.0700       -1533.8873   -1533.9985       0.1112   215.2
1.0800       -1533.9974   -1534.1190       0.1216   235.1
1.0900       -1534.0241   -1534.1583       0.1343   259.7
1.1000       -1533.9266   -1534.1278       0.2012   389.2
1.1100       -1533.8175   -1534.1498       0.3323   642.8
1.1200       -1533.7913   -1533.9793       0.1880   363.6
1.1300       -1533.9418   -1534.2010       0.2591   501.2
1.1400       -1534.0423   -1534.1956       0.1533   296.5
1.1500       -1533.9751   -1534.1790       0.2039   394.3
1.1600       -1533.9888   -1534.2434       0.2546   492.4
1.1700       -1534.0672   -1534.2374       0.1702   329.1
1.1800       -1533.9462   -1534.0379       0.0917   177.4
1.1900       -1533.8943   -1533.9918       0.0976   188.7
1.2000       -1533.7652   -1533.9824       0.2171   419.9
1.2100       -1533.9726   -1534.0708       0.0982   189.8
1.2200       -1533.7256   -1533.9944       0.2688   519.9
1.2300       -1533.9356   -1534.0778       0.1422   275.1
1.2400       -1534.0742   -1534.1285       0.0544   105.2
1.2500       -1533.8929   -1533.9904       0.0975   188.6
1.2600       -1533.8124   -1533.9806       0.1683   325.4
1.2700       -1533.7613   -1533.9445       0.1832   354.2
1.2800       -1533.8352   -1533.9931       0.1579   305.5
1.2900       -1533.3783   -1533.8717       0.4934   954.3
1.3000       -1533.6495   -1533.8866       0.2371   458.5
1.3100       -1533.8342   -1533.9713       0.1372   265.3
1.3200       -1533.7444   -1533.9354       0.1910   369.4
1.3300       -1533.8753   -1534.0448       0.1695   327.8
1.3400       -1533.7696   -1533.9071       0.1375   265.9
1.3500       -1533.8333   -1533.9789       0.1456   281.6
1.3600       -1533.8559   -1534.0129       0.1570   303.7
1.3700       -1533.7888   -1533.8352       0.0464    89.7
1.3800       -1533.8122   -1533.8825       0.0703   135.9
1.3900       -1533.6403   -1533.9375       0.2972   574.8
1.4000       -1533.6923   -1533.8961       0.2037   394.0
1.4100       -1533.7753   -1534.0108       0.2356   455.6
1.4200       -1533.9301   -1534.0640       0.1339   258.9
1.4300       -1533.6512   -1533.9058       0.2546   492.4
1.4400       -1533.6194   -1533.8297       0.2103   406.7
1.4500       -1533.8928   -1534.0012       0.1084   209.6
1.4600       -1533.7954   -1533.9066       0.1113   215.2
1.4700       -1533.8337   -1534.0931       0.2593   501.6
1.4800       -1533.6167   -1533.7963       0.1797   347.5
1.4900       -1533.8088   -1533.8889       0.0802   155.1
1.5000       -1533.7400   -1533.9051       0.1651   319.3
1.5100       -1533.6750   -1533.9207       0.2458   475.3
1.5200       -1533.7317   -1533.9269       0.1952   377.6
1.5300       -1533.4603   -1533.7436       0.2833   548.0
1.5400       -1533.7047   -1533.8631       0.1585   306.5
1.5500       -1533.6986   -1533.9055       0.2069   400.1
1.5600       -1533.6832   -1533.7578       0.0746   144.2
1.5700       -1533.4269   -1533.7922       0.3654   706.6
1.5800       -1533.4265   -1533.9228       0.4963   959.8
1.5900       -1533.7976   -1534.0154       0.2178   421.2
1.6000       -1533.8721   -1533.9122       0.0401    77.7
1.6100       -1533.6153   -1533.9217       0.3064   592.7
1.6200       -1533.6921   -1533.8185       0.1264   244.4
1.6300       -1533.7127   -1533.8059       0.0931   180.2
1.6400       -1533.4613   -1533.7979       0.3367   651.1
1.6500       -1533.6237   -1533.7621       0.1384   267.7
1.6600       -1533.7182   -1533.8058       0.0876   169.3
1.6700       -1533.5233   -1533.7947       0.2714   525.0
1.6800       -1533.7755   -1533.9289       0.1534   296.7
1.6900       -1533.6294   -1533.8913       0.2620   506.7
1.7000       -1533.6968   -1533.9339       0.2371   458.7
1.7100       -1533.7634   -1533.9045       0.1411   272.9
1.7200       -1533.6172   -1533.8411       0.2239   433.0
1.7300       -1533.4810   -1533.6984       0.2174   420.5
1.7400       -1533.5089   -1533.8615       0.3526   682.0
1.7500       -1533.5459   -1533.6971       0.1512   292.4
1.7600       -1533.3421   -1533.7611       0.4190   810.4
1.7700       -1533.6191   -1533.7876       0.1685   325.8
1.7800       -1533.7391   -1533.7863       0.0472    91.3
1.7900       -1533.6843   -1533.7874       0.1031   199.4
1.8000       -1533.7247   -1533.7628       0.0381    73.7
1.8100       -1533.3853   -1533.7934       0.4081   789.3
1.8200       -1533.5545   -1533.6937       0.1392   269.2
1.8300       -1533.4962   -1533.7633       0.2672   516.8
1.8400       -1533.5196   -1533.9190       0.3993   772.4
1.8500       -1533.7461   -1533.8875       0.1414   273.4
1.8600       -1533.5887   -1533.7611       0.1724   333.5
1.8700       -1533.5963   -1533.7930       0.1967   380.4
1.8800       -1533.2708   -1533.6653       0.3945   763.0
1.8900       -1532.9733   -1533.5268       0.5535  1070.5
1.9000       -1533.3459   -1533.7476       0.4017   776.9
1.9100       -1533.6655   -1533.7938       0.1283   248.2
1.9200       -1533.5672   -1533.7387       0.1715   331.6
1.9300       -1533.6765   -1533.8518       0.1753   339.1
1.9400       -1533.5485   -1533.7171       0.1685   325.9
1.9500       -1533.4714   -1533.7599       0.2886   558.1
1.9600       -1533.5229   -1533.7472       0.2243   433.9
1.9700       -1533.4640   -1533.7580       0.2940   568.6
1.9800       -1533.5396   -1533.7656       0.2260   437.0
1.9900       -1533.5816   -1533.6636       0.0820   158.6
2.0000       -1533.4196   -1533.5796       0.1600   309.5
2.0100       -1533.2941   -1533.5297       0.2356   455.6
2.0200       -1533.5407   -1533.7735       0.2327   450.1
2.0300       -1533.3666   -1533.5760       0.2094   405.0
2.0400       -1533.3401   -1533.6086       0.2684   519.2
2.0500       -1533.5993   -1533.7951       0.1958   378.7
2.0600       -1533.5997   -1533.6955       0.0958   185.2
2.0700       -1533.5081   -1533.6761       0.1680   324.9
2.0800       -1533.4915   -1533.6296       0.1381   267.1
2.0900       -1533.3008   -1533.5145       0.2137   413.3
2.1000       -1533.2705   -1533.6619       0.3914   757.1
2.1100       -1533.1960   -1533.5982       0.4023   778.0
2.1200       -1533.3201   -1533.6582       0.3381   653.9
2.1300       -1533.3211   -1533.6605       0.3393   656.3
2.1400       -1533.5860   -1533.6795       0.0935   180.8
2.1500       -1533.5917   -1533.6761       0.0844   163.3
2.1600       -1533.4680   -1533.6251       0.1570   303.7
2.1700       -1533.3435   -1533.5898       0.2463   476.3
2.1800       -1533.3691   -1533.5389       0.1698   328.4
2.1900       -1533.0597   -1533.5603       0.5006   968.2
2.2000       -1533.0228   -1533.2655       0.2427   469.4
2.2100       -1533.1935   -1533.4365       0.2429   469.9
2.2200       -1533.4550   -1533.5895       0.1345   260.1
2.2300       -1533.5119   -1533.5849       0.0730   141.3
2.2400       -1533.1724   -1533.4916       0.3193   617.5
2.2500       -1533.3668   -1533.4734       0.1066   206.1
2.2600       -1533.5555   -1533.6214       0.0659   127.5
2.2700       -1533.4004   -1533.6001       0.1996   386.1
2.2800       -1533.5777   -1533.7158       0.1380   266.9
2.2900       -1533.4319   -1533.6703       0.2384   461.1
2.3000       -1533.3670   -1533.6099       0.2428   469.6
2.3100       -1533.2405   -1533.7050       0.4645   898.4
2.3200       -1533.4273   -1533.6141       0.1867   361.1
2.3300       -1533.2171   -1533.5382       0.3211   621.1
2.3400       -1533.1796   -1533.5360       0.3565   689.4
2.3500       -1533.3923   -1533.5889       0.1966   380.3
2.3600       -1533.5692   -1533.6454       0.0762   147.3
2.3700       -1533.5397   -1533.6617       0.1220   236.0
2.3800       -1533.4770   -1533.5996       0.1226   237.1
2.3900       -1533.2976   -1533.5065       0.2088   403.9
2.4000       -1533.5277   -1533.6381       0.1104   213.5
2.4100       -1533.2743   -1533.3548       0.0805   155.7
2.4200       -1533.1922   -1533.4094       0.2172   420.1
2.4300       -1532.9930   -1533.3747       0.3817   738.3
2.4400       -1533.5303   -1533.5767       0.0465    89.9
2.4500       -1533.2780   -1533.5934       0.3154   610.0
2.4600       -1533.2693   -1533.6200       0.3507   678.2
2.4700       -1533.3861   -1533.5722       0.1860   359.8
2.4800       -1533.4777   -1533.6660       0.1883   364.1
2.4900       -1533.4762   -1533.6598       0.1836   355.0
2.5000       -1533.4546   -1533.5990       0.1444   279.2
2.5100       -1533.4099   -1533.5685       0.1585   306.6
2.5200       -1533.4635   -1533.5319       0.0684   132.3
2.5300       -1533.3487   -1533.5941       0.2454   474.6
2.5400       -1533.3943   -1533.5579       0.1636   316.4
2.5500       -1533.2758   -1533.5424       0.2666   515.5
2.5600       -1533.4564   -1533.5978       0.1414   273.6
2.5700       -1533.4749   -1533.5606       0.0857   165.8
2.5800       -1533.2407   -1533.3171       0.0764   147.8
2.5900       -1533.2453   -1533.5182       0.2729   527.9
2.6000       -1533.1557   -1533.5154       0.3598   695.8
2.6100       -1533.2830   -1533.5662       0.2832   547.7
2.6200       -1533.2547   -1533.3995       0.1448   280.1
2.6300       -1533.3325   -1533.4785       0.1460   282.4
2.6400       -1533.3049   -1533.4782       0.1733   335.1
2.6500       -1533.2680   -1533.5694       0.3014   583.0
2.6600       -1532.9178   -1533.4989       0.5812  1124.0
2.6700       -1532.9762   -1533.4525       0.4762   921.0
2.6800       -1533.0681   -1533.1309       0.0628   121.4
2.6900       -1533.4272   -1533.4903       0.0631   122.0
2.7000       -1533.3052   -1533.4358       0.1306   252.6
2.7100       -1533.1958   -1533.4454       0.2495   482.6
2.7200       -1533.2309   -1533.4708       0.2399   464.0
2.7300       -1533.1768   -1533.4160       0.2393   462.8
2.7400       -1533.2265   -1533.5445       0.3180   615.0
2.7500       -1533.4371   -1533.5019       0.0648   125.2
2.7600       -1533.2732   -1533.4061       0.1329   257.0
2.7700       -1533.1748   -1533.3364       0.1616   312.5
2.7800       -1533.2684   -1533.4694       0.2010   388.8
2.7900       -1533.1328   -1533.3479       0.2150   415.9
2.8000       -1532.9844   -1533.4304       0.4460   862.5
2.8100       -1533.1645   -1533.3916       0.2272   439.3
2.8200       -1533.1948   -1533.3919       0.1972   381.3
2.8300       -1533.3311   -1533.4941       0.1630   315.3
2.8400       -1533.2253   -1533.3801       0.1548   299.4
2.8500       -1533.2077   -1533.4137       0.2060   398.5
2.8600       -1533.3533   -1533.4536       0.1003   193.9
2.8700       -1533.2290   -1533.3863       0.1572   304.1
2.8800       -1533.2596   -1533.4211       0.1616   312.5
2.8900       -1533.1265   -1533.3858       0.2593   501.5
2.9000       -1533.0839   -1533.3861       0.3022   584.4
2.9100       -1533.3306   -1533.3991       0.0685   132.5
2.9200       -1533.0359   -1533.3110       0.2751   532.0
2.9300       -1533.0447   -1533.2931       0.2484   480.4
2.9400       -1533.0835   -1533.3620       0.2786   538.8
2.9500       -1532.9750   -1533.3602       0.3852   745.0
2.9600       -1533.0999   -1533.3590       0.2591   501.2
2.9700       -1533.0808   -1533.3142       0.2333   451.3
2.9800       -1533.1453   -1533.3521       0.2068   399.9
2.9900       -1533.0672   -1533.4907       0.4236   819.2
3.0000       -1533.3198   -1533.4714       0.1516   293.2
3.0100       -1533.2928   -1533.3990       0.1062   205.4
3.0200       -1533.3141   -1533.4541       0.1401   270.9
3.0300       -1533.1847   -1533.3758       0.1911   369.6
3.0400       -1533.0054   -1533.4180       0.4126   798.1
3.0500       -1533.3041   -1533.3983       0.0942   182.2
3.0600       -1533.1908   -1533.3607       0.1699   328.7
3.0700       -1533.1897   -1533.2899       0.1002   193.8
3.0800       -1533.1862   -1533.3404       0.1541   298.1
3.0900       -1533.2208   -1533.3694       0.1486   287.4
3.1000       -1532.9956   -1533.1856       0.1900   367.5
3.1100       -1532.9324   -1533.2694       0.3370   651.7
3.1200       -1532.9641   -1533.1392       0.1751   338.6
3.1300       -1533.2203   -1533.3056       0.0853   165.0
3.1400       -1533.1335   -1533.3407       0.2072   400.7
3.1500       -1533.0405   -1533.3577       0.3172   613.5
3.1600       -1533.3066   -1533.3749       0.0683   132.0
3.1700       -1533.2034   -1533.3022       0.0988   191.1
3.1800       -1533.2113   -1533.3552       0.1438   278.2
3.1900       -1533.1839   -1533.2723       0.0884   171.0
3.2000       -1533.0677   -1533.2746       0.2069   400.2
3.2100       -1533.0903   -1533.1738       0.0835   161.6
3.2200       -1533.0732   -1533.1757       0.1025   198.3
3.2300       -1533.0296   -1533.1664       0.1369   264.7
3.2400       -1533.3556   -1533.4510       0.0955   184.6
3.2500       -1533.1636   -1533.3195       0.1560   301.7
3.2600       -1533.2661   -1533.3512       0.0852   164.8
3.2700       -1533.0343   -1533.2932       0.2590   500.8
3.2800       -1532.8695   -1533.1188       0.2493   482.1
3.2900       -1533.0608   -1533.3031       0.2423   468.6
3.3000       -1532.8276   -1533.1339       0.3063   592.3
3.3100       -1532.9501   -1533.3369       0.3868   748.2
3.3200       -1533.1751   -1533.3284       0.1533   296.5
3.3300       -1533.2764   -1533.3377       0.0613   118.5
3.3400       -1533.1156   -1533.2702       0.1547   299.1
3.3500       -1533.0686   -1533.3318       0.2632   509.1
3.3600       -1533.0433   -1533.2367       0.1934   374.1
3.3700       -1533.1039   -1533.2171       0.1132   218.8
3.3800       -1533.1865   -1533.2142       0.0277    53.6
3.3900       -1533.1492   -1533.2190       0.0699   135.2
3.4000       -1533.0814   -1533.2959       0.2145   415.0
3.4100       -1533.0571   -1533.3095       0.2524   488.2
3.4200       -1532.8675   -1533.1040       0.2365   457.4
3.4300       -1533.0593   -1533.1286       0.0693   134.0
3.4400       -1533.1761   -1533.2956       0.1195   231.1
3.4500       -1533.0676   -1533.2624       0.1947   376.6
3.4600       -1533.1005   -1533.2163       0.1158   224.0
3.4700       -1532.8702   -1533.2009       0.3307   639.5
3.4800       -1532.8611   -1533.1982       0.3371   652.0
3.4900       -1533.0460   -1533.3375       0.2915   563.8
3.5000       -1533.0058   -1533.2301       0.2244   433.9
3.5100       -1533.0168   -1533.2070       0.1902   367.8
3.5200       -1533.0258   -1533.3139       0.2881   557.1
3.5300       -1532.6890   -1533.0476       0.3587   693.7
3.5400       -1532.9490   -1533.1562       0.2071   400.6
3.5500       -1533.1588   -1533.2567       0.0978   189.2
3.5600       -1533.0571   -1533.2715       0.2144   414.7
3.5700       -1532.8786   -1533.1783       0.2997   579.6
3.5800       -1532.9234   -1533.0874       0.1639   317.1
3.5900       -1532.9723   -1533.2123       0.2400   464.2
3.6000       -1532.8143   -1533.1740       0.3597   695.8
3.6100       -1532.9477   -1533.1733       0.2256   436.3
3.6200       -1532.7569   -1533.1691       0.4123   797.4
3.6300       -1532.8782   -1532.9858       0.1076   208.0
3.6400       -1532.9484   -1533.1607       0.2123   410.6
3.6500       -1533.0455   -1533.2624       0.2169   419.5
3.6600       -1533.0474   -1533.2501       0.2028   392.2
3.6700       -1532.9380   -1533.2386       0.3005   581.3
3.6800       -1532.7569   -1533.1052       0.3483   673.7
3.6900       -1533.0079   -1533.1739       0.1660   321.1
3.7000       -1532.8297   -1532.9263       0.0965   186.7
3.7100       -1532.9602   -1533.0766       0.1164   225.1
3.7200       -1532.9338   -1533.1801       0.2463   476.3
3.7300       -1532.9600   -1533.1337       0.1738   336.1
3.7400       -1532.9739   -1533.1728       0.1988   384.5
3.7500       -1532.8782   -1532.9663       0.0882   170.5
3.7600       -1532.8841   -1533.2895       0.4054   784.1
3.7700       -1532.7977   -1533.0985       0.3008   581.8
3.7800       -1532.7861   -1533.0396       0.2535   490.3
3.7900       -1532.9419   -1533.1979       0.2560   495.2
3.8000       -1532.9049   -1533.1576       0.2527   488.7
3.8100       -1532.8587   -1533.0279       0.1692   327.3
3.8200       -1533.0215   -1533.1177       0.0962   186.0
3.8300       -1532.9447   -1533.1881       0.2435   470.9
3.8400       -1532.9652   -1533.0714       0.1062   205.3
3.8500       -1533.0328   -1533.1860       0.1532   296.2
3.8600       -1532.8853   -1533.1558       0.2705   523.1
3.8700       -1532.7885   -1533.0488       0.2604   503.6
3.8800       -1532.8802   -1533.1051       0.2249   435.0
3.8900       -1532.7865   -1533.0448       0.2583   499.5
3.9000       -1532.8009   -1532.9824       0.1815   351.0
3.9100       -1532.6889   -1533.0557       0.3668   709.4
3.9200       -1532.8328   -1533.0811       0.2483   480.2
3.9300       -1532.9879   -1533.1603       0.1725   333.6
3.9400       -1532.8711   -1533.1053       0.2342   453.0
3.9500       -1532.9529   -1533.1700       0.2171   419.9
3.9600       -1533.1272   -1533.2675       0.1404   271.5
3.9700       -1533.0352   -1533.2116       0.1764   341.2
3.9800       -1532.7092   -1532.9210       0.2117   409.5
3.9900       -1533.0309   -1533.1632       0.1323   255.8
4.0000       -1533.1069   -1533.1963       0.0894   173.0
4.0100       -1533.0052   -1533.1526       0.1474   285.2
4.0200       -1532.9267   -1533.0582       0.1315   254.4
4.0300       -1532.9502   -1533.0183       0.0681   131.7
4.0400       -1532.9131   -1533.0307       0.1176   227.5
4.0500       -1532.7265   -1533.0726       0.3461   669.4
4.0600       -1532.9072   -1533.0601       0.1529   295.7
4.0700       -1532.7822   -1532.8498       0.0677   130.9
4.0800       -1532.7284   -1532.9296       0.2012   389.2
4.0900       -1532.5136   -1533.0942       0.5807  1123.0
4.1000       -1532.9761   -1533.0346       0.0584   113.0
4.1100       -1532.9169   -1533.0021       0.0852   164.7
4.1200       -1532.9812   -1533.0573       0.0762   147.4
4.1300       -1532.8710   -1533.1982       0.3272   632.9
4.1400       -1532.9752   -1533.1701       0.1949   376.9
4.1500       -1532.7559   -1532.9286       0.1728   334.1
4.1600       -1532.7092   -1533.0748       0.3656   707.1
4.1700       -1532.7504   -1533.0239       0.2735   529.0
4.1800       -1532.8671   -1533.1332       0.2661   514.6
4.1900       -1532.7247   -1533.1913       0.4666   902.5
4.2000       -1532.8790   -1533.2249       0.3460   669.2
4.2100       -1532.7948   -1533.1160       0.3212   621.2
4.2200       -1532.7635   -1533.0243       0.2608   504.4
4.2300       -1532.7595   -1533.0351       0.2756   533.0
4.2400       -1532.8756   -1533.0453       0.1696   328.1
4.2500       -1532.8007   -1532.9720       0.1713   331.2
4.2600       -1532.6333   -1532.9689       0.3356   649.0
4.2700       -1532.6467   -1532.9975       0.3508   678.5
4.2800       -1532.7478   -1532.9238       0.1760   340.4
4.2900       -1532.7124   -1533.1368       0.4244   820.8
4.3000       -1532.9802   -1533.1142       0.1340   259.2
4.3100       -1533.0361   -1533.1809       0.1449   280.2
4.3200       -1532.9860   -1533.1038       0.1178   227.9
4.3300       -1532.9164   -1533.1250       0.2086   403.5
4.3400       -1532.7791   -1533.0005       0.2214   428.2
4.3500       -1532.8201   -1533.0460       0.2259   436.9
4.3600       -1532.5927   -1532.8411       0.2484   480.4
4.3700       -1533.0157   -1533.1529       0.1372   265.3
4.3800       -1532.6353   -1532.9488       0.3134   606.2
4.3900       -1532.8161   -1533.0706       0.2545   492.2
4.4000       -1532.8154   -1532.9616       0.1462   282.7
4.4100       -1532.7699   -1532.9567       0.1868   361.3
4.4200       -1532.7126   -1532.9578       0.2451   474.1
4.4300       -1532.7369   -1532.9574       0.2206   426.6
4.4400       -1532.6952   -1532.8959       0.2008   388.3
4.4500       -1532.9415   -1533.1635       0.2220   429.4
4.4600       -1532.7813   -1533.0557       0.2744   530.7
4.4700       -1532.8506   -1532.9750       0.1243   240.5
4.4800       -1532.8938   -1533.0427       0.1489   287.9
4.4900       -1532.8498   -1533.0269       0.1771   342.5
4.5000       -1532.6872   -1533.0214       0.3341   646.3
4.5100       -1532.8896   -1533.0027       0.1131   218.8
4.5200       -1532.6917   -1533.0628       0.3711   717.8
4.5300       -1532.7690   -1532.9377       0.1687   326.4
4.5400       -1532.8320   -1533.0362       0.2043   395.1
4.5500       -1532.5118   -1533.0242       0.5124   991.0
4.5600       -1532.8161   -1532.9526       0.1365   264.0
4.5700       -1532.6086   -1532.9099       0.3012   582.6
4.5800       -1532.8208   -1532.9418       0.1210   234.0
4.5900       -1532.6418   -1532.8936       0.2518   486.9
4.6000       -1532.6391   -1532.9278       0.2887   558.3
4.6100       -1532.8231   -1532.9378       0.1146   221.7
4.6200       -1532.7128   -1532.9322       0.2194   424.4
4.6300       -1532.5735   -1532.8689       0.2954   571.3
4.6400       -1532.5297   -1532.8226       0.2928   566.4
4.6500       -1532.7409   -1532.9062       0.1653   319.7
4.6600       -1532.6550   -1532.8601       0.2051   396.7
4.6700       -1532.5775   -1532.8486       0.2712   524.5
4.6800       -1532.4787   -1532.7338       0.2551   493.4
4.6900       -1532.5688   -1532.6949       0.1261   243.9
4.7000       -1532.7049   -1532.9258       0.2209   427.2
4.7100       -1532.6948   -1532.7765       0.0818   158.1
4.7200       -1532.7143   -1532.9211       0.2067   399.8
4.7300       -1532.6838   -1532.8887       0.2049   396.3
4.7400       -1532.6102   -1532.9714       0.3612   698.5
4.7500       -1532.6316   -1532.8169       0.1854   358.5
4.7600       -1532.5756   -1532.7178       0.1422   275.0
4.7700       -1532.5496   -1532.9038       0.3543   685.2
4.7800       -1532.4843   -1532.8168       0.3326   643.2
4.7900       -1532.8248   -1533.0610       0.2361   456.7
4.8000       -1532.8926   -1533.0518       0.1591   307.8
4.8100       -1532.7651   -1532.9508       0.1857   359.2
4.8200       -1532.7738   -1532.9788       0.2050   396.4
4.8300       -1532.8223   -1532.9631       0.1408   272.3
4.8400       -1532.9178   -1533.0618       0.1440   278.4
4.8500       -1532.7926   -1532.8708       0.0782   151.3
4.8600       -1532.8687   -1532.9609       0.0921   178.1
4.8700       -1532.7447   -1532.8639       0.1192   230.6
4.8800       -1532.7049   -1532.8210       0.1161   224.6
4.8900       -1532.6002   -1532.8839       0.2837   548.7
4.9000       -1532.5662   -1532.7982       0.2320   448.7
4.9100       -1532.6095   -1532.7711       0.1617   312.7
4.9200       -1532.6353   -1532.9518       0.3164   612.0
4.9300       -1532.6912   -1532.9378       0.2466   476.9
4.9400       -1532.6035   -1532.9132       0.3098   599.2
4.9500       -1532.7169   -1532.8629       0.1459   282.2
4.9600       -1532.5914   -1532.8247       0.2333   451.3
4.9700       -1532.5701   -1532.7803       0.2101   406.4
4.9800       -1532.5170   -1532.7113       0.1942   375.7
4.9900       -1532.6678   -1532.8601       0.1922   371.8
5.0000       -1532.7898   -1532.9756       0.1858   359.4
5.0100       -1532.8904   -1532.9655       0.0751   145.2
5.0200       -1532.8406   -1532.9645       0.1238   239.5
5.0300       -1532.8976   -1532.9461       0.0485    93.9
5.0400       -1532.7545   -1532.9071       0.1527   295.2
5.0500       -1532.7741   -1532.8417       0.0676   130.7
5.0600       -1532.5973   -1532.8698       0.2725   527.1
5.0700       -1532.6082   -1532.8952       0.2870   555.1
5.0800       -1532.4527   -1532.8371       0.3844   743.4
5.0900       -1532.4734   -1532.8431       0.3697   715.0
5.1000       -1532.4750   -1532.8034       0.3285   635.3
5.1100       -1532.6870   -1532.8983       0.2113   408.8
5.1200       -1532.5295   -1532.6744       0.1449   280.2
5.1300       -1532.4880   -1532.7468       0.2588   500.5
5.1400       -1532.6772   -1532.9037       0.2265   438.1
5.1500       -1532.6110   -1532.8115       0.2005   387.8
5.1600       -1532.6750   -1532.8784       0.2035   393.5
5.1700       -1532.7245   -1532.8456       0.1211   234.2
5.1800       -1532.5903   -1532.8454       0.2551   493.4
5.1900       -1532.6209   -1532.7002       0.0793   153.4
5.2000       -1532.6687   -1532.7685       0.0998   193.0
5.2100       -1532.6870   -1532.8469       0.1599   309.3
5.2200       -1532.5672   -1532.7115       0.1443   279.0
5.2300       -1532.6802   -1532.7969       0.1167   225.6
5.2400       -1532.7086   -1532.7438       0.0352    68.1
5.2500       -1532.5184   -1532.6844       0.1660   321.0
5.2600       -1532.4543   -1532.8553       0.4009   775.4
5.2700       -1532.6966   -1532.8189       0.1223   236.5
5.2800       -1532.6921   -1532.9462       0.2541   491.4
5.2900       -1532.6562   -1532.7923       0.1360   263.1
5.3000       -1532.4541   -1532.6438       0.1896   366.8
5.3100       -1532.6949   -1532.7649       0.0700   135.5
5.3200       -1532.7237   -1532.8798       0.1561   302.0
5.3300       -1532.7303   -1532.9131       0.1827   353.4
5.3400       -1532.5259   -1532.6908       0.1650   319.0
5.3500       -1532.6590   -1532.7819       0.1229   237.7
5.3600       -1532.7257   -1532.7764       0.0507    98.0
5.3700       -1532.6969   -1532.9003       0.2034   393.5
5.3800       -1532.7302   -1532.8559       0.1258   243.2
5.3900       -1532.7917   -1532.9436       0.1519   293.8
5.4000       -1532.6292   -1532.8777       0.2485   480.6
5.4100       -1532.9100   -1533.0330       0.1230   237.8
5.4200       -1532.8032   -1532.8584       0.0552   106.7
5.4300       -1532.7709   -1532.9324       0.1615   312.3
5.4400       -1532.5376   -1532.8673       0.3297   637.7
5.4500       -1532.5119   -1532.7599       0.2480   479.6
5.4600       -1532.3502   -1532.7670       0.4168   806.1
5.4700       -1532.5415   -1532.7893       0.2478   479.3
5.4800       -1532.3233   -1532.6469       0.3236   625.8
5.4900       -1532.3711   -1532.6560       0.2849   551.0
5.5000       -1532.4124   -1532.6523       0.2399   463.9
5.5100       -1532.3335   -1532.7537       0.4202   812.7
5.5200       -1532.5781   -1532.8372       0.2591   501.1
5.5300       -1532.7431   -1532.7957       0.0526   101.8
5.5400       -1532.6713   -1532.7800       0.1087   210.2
5.5500       -1532.6408   -1532.7551       0.1144   221.2
5.5600       -1532.6929   -1532.7797       0.0868   167.9
5.5700       -1532.6509   -1532.8019       0.1510   292.1
5.5800       -1532.7059   -1532.8748       0.1688   326.6
5.5900       -1532.5472   -1532.6867       0.1395   269.8
5.6000       -1532.4597   -1532.7114       0.2517   486.9
5.6100       -1532.5087   -1532.7298       0.2211   427.6
5.6200       -1532.5267   -1532.7108       0.1841   356.0
5.6300       -1532.6112   -1532.7255       0.1143   221.0
5.6400       -1532.5785   -1532.7573       0.1788   345.8
5.6500       -1532.6718   -1532.7997       0.1279   247.4
5.6600       -1532.5550   -1532.6297       0.0747   144.5
5.6700       -1532.4914   -1532.6563       0.1649   318.9
5.6800       -1532.6630   -1532.9156       0.2526   488.6
5.6900       -1532.5986   -1532.8379       0.2393   462.8
5.7000       -1532.6655   -1532.7699       0.1044   201.9
5.7100       -1532.5133   -1532.8135       0.3002   580.6
5.7200       -1532.4916   -1532.7576       0.2660   514.5
5.7300       -1532.5198   -1532.7798       0.2600   502.8
5.7400       -1532.5347   -1532.8737       0.3390   655.7
5.7500       -1532.5976   -1532.7209       0.1233   238.5
5.7600       -1532.5934   -1532.7139       0.1206   233.2
5.7700       -1532.0833   -1532.6187       0.5354  1035.5
5.7800       -1532.3142   -1532.6287       0.3145   608.3
5.7900       -1532.1208   -1532.6054       0.4846   937.3
5.8000       -1532.5241   -1532.6975       0.1734   335.4
5.8100       -1532.2654   -1532.3602       0.0949   183.5
5.8200       -1532.5549   -1532.6587       0.1038   200.7
5.8300       -1532.6162   -1532.7015       0.0853   164.9
5.8400       -1532.5418   -1532.7218       0.1800   348.1
5.8500       -1532.3663   -1532.5195       0.1532   296.3
5.8600       -1532.4445   -1532.8084       0.3639   703.8
5.8700       -1532.2895   -1532.6406       0.3511   679.1
5.8800       -1532.4059   -1532.6614       0.2555   494.2
5.8900       -1532.3463   -1532.5640       0.2177   421.1
5.9000       -1532.4593   -1532.6024       0.1431   276.7
5.9100       -1532.4599   -1532.6173       0.1574   304.4
5.9200       -1532.4107   -1532.6311       0.2205   426.4
5.9300       -1532.4487   -1532.7130       0.2642   511.0
5.9400       -1532.4884   -1532.6803       0.1919   371.2
5.9500       -1532.6619   -1532.7313       0.0694   134.3
5.9600       -1532.6027   -1532.7173       0.1146   221.7
5.9700       -1532.3814   -1532.6404       0.2590   500.9
5.9800       -1532.2686   -1532.5420       0.2734   528.8
5.9900       -1532.2534   -1532.5208       0.2674   517.1
6.0000       -1532.4635   -1532.7146       0.2511   485.6
6.0100       -1532.3724   -1532.5319       0.1595   308.5
6.0200       -1532.4326   -1532.7768       0.3442   665.7
6.0300       -1532.2267   -1532.5719       0.3452   667.6
6.0400       -1532.6094   -1532.6847       0.0753   145.6
6.0500       -1532.6687   -1532.7816       0.1130   218.5
6.0600       -1532.6438   -1532.8024       0.1587   306.8
6.0700       -1532.6582   -1532.8243       0.1661   321.3
6.0800       -1532.3060   -1532.6314       0.3254   629.4
6.0900       -1532.2240   -1532.5242       0.3001   580.5
6.1000       -1532.3214   -1532.6609       0.3395   656.6
6.1100       -1532.4247   -1532.7231       0.2983   577.0
6.1200       -1532.3492   -1532.6110       0.2617   506.2
6.1300       -1532.4778   -1532.6706       0.1927   372.8
6.1400       -1532.2796   -1532.5887       0.3091   597.8
6.1500       -1532.3523   -1532.5685       0.2162   418.1
6.1600       -1532.3819   -1532.6906       0.3088   597.2
6.1700       -1532.2867   -1532.5155       0.2289   442.7
6.1800       -1532.2881   -1532.7050       0.4169   806.3
6.1900       -1532.4180   -1532.5442       0.1262   244.1
6.2000       -1532.4045   -1532.4941       0.0897   173.4
6.2100       -1532.4656   -1532.5921       0.1265   244.6
6.2200       -1532.3592   -1532.6744       0.3152   609.6
6.2300       -1532.3141   -1532.6708       0.3567   689.9
6.2400       -1532.3895   -1532.5811       0.1917   370.7
6.2500       -1532.5647   -1532.6385       0.0738   142.7
6.2600       -1532.3598   -1532.7262       0.3664   708.6
6.2700       -1532.5358   -1532.7166       0.1808   349.8
6.2800       -1532.4748   -1532.6848       0.2101   406.3
6.2900       -1532.3589   -1532.6293       0.2704   523.0
6.3000       -1532.2167   -1532.5468       0.3301   638.5
6.3100       -1532.3630   -1532.6575       0.2945   569.5
6.3200       -1532.4326   -1532.6357       0.2031   392.7
6.3300       -1532.3544   -1532.5166       0.1621   313.5
6.3400       -1532.3971   -1532.5529       0.1558   301.4
6.3500       -1532.4705   -1532.6418       0.1713   331.3
6.3600       -1532.4762   -1532.5490       0.0728   140.7
6.3700       -1532.1578   -1532.6323       0.4746   917.8
6.3800       -1532.4363   -1532.7059       0.2695   521.3
6.3900       -1532.2596   -1532.5665       0.3069   593.5
6.4000       -1532.5044   -1532.6047       0.1003   194.1
6.4100       -1532.4198   -1532.5233       0.1035   200.2
6.4200       -1532.2822   -1532.5546       0.2725   526.9
6.4300       -1532.3046   -1532.6561       0.3515   679.8
6.4400       -1532.3713   -1532.5979       0.2266   438.2
6.4500       -1532.3542   -1532.5795       0.2252   435.6
6.4600       -1532.2379   -1532.3980       0.1601   309.7
6.4700       -1532.2078   -1532.5227       0.3149   609.0
6.4800       -1532.4494   -1532.6055       0.1561   302.0
6.4900       -1532.4667   -1532.6003       0.1336   258.4
6.5000       -1532.4048   -1532.6270       0.2222   429.8
6.5100       -1532.4115   -1532.5112       0.0996   192.7
6.5200       -1532.3090   -1532.6551       0.3461   669.4
6.5300       -1532.4057   -1532.5743       0.1686   326.0
6.5400       -1532.5729   -1532.6407       0.0678   131.1
6.5500       -1532.5257   -1532.5994       0.0737   142.5
6.5600       -1532.3019   -1532.4695       0.1676   324.1
6.5700       -1532.3530   -1532.5501       0.1970   381.1
6.5800       -1532.3230   -1532.5120       0.1891   365.6
6.5900       -1532.2900   -1532.4907       0.2006   388.0
6.6000       -1532.4851   -1532.5855       0.1003   194.1
6.6100       -1532.3625   -1532.7769       0.4143   801.3
6.6200       -1532.2338   -1532.4081       0.1743   337.1
6.6300       -1532.4439   -1532.5609       0.1170   226.2
6.6400       -1532.4911   -1532.7086       0.2175   420.6
6.6500       -1532.4570   -1532.6485       0.1915   370.4
6.6600       -1532.4887   -1532.7361       0.2473   478.4
6.6700       -1532.4884   -1532.5992       0.1108   214.3
6.6800       -1532.3716   -1532.5791       0.2075   401.3
6.6900       -1532.4058   -1532.5947       0.1890   365.5
6.7000       -1532.0699   -1532.4627       0.3928   759.7
6.7100       -1532.1058   -1532.4606       0.3548   686.2
6.7200       -1532.1587   -1532.5609       0.4022   778.0
6.7300       -1532.1232   -1532.4047       0.2815   544.5
6.7400       -1532.2956   -1532.6421       0.3464   670.0
6.7500       -1532.3759   -1532.5809       0.2050   396.5
6.7600       -1532.1419   -1532.4643       0.3224   623.5
6.7700       -1532.3413   -1532.5419       0.2006   387.9
6.7800       -1532.3469   -1532.5332       0.1862   360.2
6.7900       -1532.5098   -1532.6015       0.0917   177.4
6.8000       -1532.3691   -1532.4687       0.0997   192.8
6.8100       -1532.2546   -1532.5600       0.3054   590.6
6.8200       -1532.4447   -1532.5916       0.1468   283.9
6.8300       -1532.4223   -1532.5845       0.1622   313.7
6.8400       -1532.3493   -1532.5444       0.1950   377.2
6.8500       -1532.3446   -1532.4592       0.1146   221.7
6.8600       -1532.4739   -1532.5231       0.0492    95.1
6.8700       -1532.3901   -1532.5543       0.1642   317.6
6.8800       -1531.9954   -1532.4364       0.4410   852.9
6.8900       -1532.1403   -1532.4543       0.3140   607.3
6.9000       -1532.3012   -1532.4460       0.1448   280.1
6.9100       -1532.1973   -1532.5166       0.3193   617.6
6.9200       -1532.3454   -1532.5013       0.1559   301.5
6.9300       -1532.4693   -1532.6216       0.1523   294.5
6.9400       -1532.4178   -1532.4916       0.0739   142.9
6.9500       -1532.4455   -1532.6015       0.1560   301.8
6.9600       -1532.3142   -1532.4758       0.1617   312.7
6.9700       -1532.3217   -1532.4548       0.1332   257.6
6.9800       -1532.1540   -1532.3756       0.2217   428.7
6.9900       -1532.1769   -1532.3966       0.2197   425.0
7.0000       -1531.9188   -1532.4060       0.4871   942.2
7.0100       -1532.0087   -1532.3482       0.3395   656.6
7.0200       -1532.1839   -1532.4360       0.2521   487.6
7.0300       -1532.1568   -1532.5756       0.4188   810.0
7.0400       -1532.2291   -1532.3959       0.1668   322.7
7.0500       -1532.3907   -1532.5341       0.1434   277.3
7.0600       -1532.1917   -1532.3398       0.1480   286.3
7.0700       -1532.2684   -1532.4538       0.1855   358.7
7.0800       -1532.4911   -1532.6053       0.1142   220.9
7.0900       -1532.1778   -1532.4207       0.2429   469.8
7.1000       -1532.0416   -1532.4085       0.3670   709.8
7.1100       -1532.1198   -1532.3913       0.2716   525.2
7.1200       -1532.3324   -1532.4542       0.1219   235.7
7.1300       -1532.2575   -1532.4183       0.1608   311.0
7.1400       -1532.3335   -1532.4905       0.1570   303.6
7.1500       -1532.2383   -1532.3447       0.1064   205.9
7.1600       -1532.1127   -1532.4723       0.3596   695.4
7.1700       -1532.0489   -1532.3806       0.3317   641.6
7.1800       -1532.2149   -1532.4182       0.2032   393.1
7.1900       -1532.1181   -1532.5204       0.4023   778.1
7.2000       -1531.9388   -1532.4442       0.5055   977.6
7.2100       -1532.2238   -1532.4672       0.2434   470.7
7.2200       -1532.2444   -1532.4539       0.2095   405.3
7.2300       -1532.3025   -1532.4441       0.1416   273.8
7.2400       -1532.3427   -1532.4238       0.0812   157.0
7.2500       -1532.4541   -1532.5668       0.1127   218.1
7.2600       -1532.3600   -1532.5576       0.1977   382.3
7.2700       -1532.1766   -1532.4422       0.2656   513.7
7.2800       -1532.1618   -1532.3781       0.2163   418.4
7.2900       -1532.3261   -1532.4000       0.0739   142.8
7.3000       -1532.2438   -1532.4633       0.2195   424.5
7.3100       -1532.2010   -1532.4250       0.2240   433.3
7.3200       -1532.2290   -1532.4209       0.1919   371.2
7.3300       -1532.1027   -1532.3762       0.2735   529.0
7.3400       -1532.3123   -1532.4379       0.1256   242.9
7.3500       -1532.3366   -1532.4934       0.1569   303.4
7.3600       -1532.3847   -1532.5471       0.1624   314.1
7.3700       -1532.3750   -1532.4430       0.0680   131.6
7.3800       -1532.3679   -1532.5202       0.1523   294.5
7.3900       -1532.3285   -1532.5205       0.1921   371.5
7.4000       -1532.3136   -1532.5068       0.1932   373.6
7.4100       -1532.2114   -1532.4508       0.2394   463.0
7.4200       -1532.0422   -1532.2897       0.2475   478.7
7.4300       -1532.3825   -1532.4831       0.1005   194.5
7.4400       -1532.2189   -1532.3377       0.1188   229.8
7.4500       -1532.3738   -1532.5402       0.1663   321.7
7.4600       -1532.3758   -1532.4882       0.1124   217.4
7.4700       -1532.3296   -1532.6074       0.2778   537.3
7.4800       -1532.3663   -1532.5073       0.1410   272.7
7.4900       -1532.2839   -1532.4831       0.1992   385.3
7.5000       -1532.3846   -1532.4930       0.1084   209.7
7.5100       -1532.3377   -1532.4247       0.0870   168.3
7.5200       -1532.1805   -1532.3920       0.2115   409.1
7.5300       -1532.2836   -1532.4900       0.2064   399.2
7.5400       -1532.2851   -1532.4373       0.1522   294.4
7.5500       -1532.1597   -1532.4125       0.2528   489.0
7.5600       -1532.3835   -1532.4758       0.0923   178.5
7.5700       -1532.2942   -1532.3982       0.1041   201.3
7.5800       -1532.2353   -1532.3523       0.1170   226.3
7.5900       -1532.1519   -1532.5461       0.3942   762.4
7.6000       -1532.2464   -1532.3935       0.1471   284.5
7.6100       -1532.0583   -1532.4018       0.3434   664.2
7.6200       -1532.1802   -1532.5710       0.3908   755.8
7.6300       -1532.2011   -1532.4003       0.1992   385.2
7.6400       -1532.3443   -1532.4024       0.0581   112.4
7.6500       -1532.2000   -1532.3788       0.1788   345.8
7.6600       -1532.4064   -1532.5586       0.1521   294.3
7.6700       -1532.2467   -1532.4105       0.1638   316.9
7.6800       -1532.2726   -1532.4140       0.1414   273.6
7.6900       -1532.1857   -1532.3066       0.1209   233.9
7.7000       -1531.9710   -1532.4083       0.4373   845.7
7.7100       -1532.0936   -1532.2017       0.1081   209.1
7.7200       -1531.9468   -1532.3182       0.3714   718.3
7.7300       -1532.0586   -1532.1545       0.0959   185.4
7.7400       -1532.0086   -1532.3183       0.3097   598.9
7.7500       -1531.9477   -1532.2508       0.3031   586.2
7.7600       -1532.0977   -1532.3442       0.2465   476.8
7.7700       -1532.0925   -1532.2870       0.1944   376.0
7.7800       -1532.2764   -1532.3889       0.1125   217.5
7.7900       -1532.2117   -1532.3910       0.1792   346.7
7.8000       -1532.1192   -1532.3807       0.2615   505.7
7.8100       -1532.2377   -1532.4283       0.1905   368.5
7.8200       -1532.3059   -1532.4142       0.1083   209.5
7.8300       -1532.1162   -1532.3021       0.1859   359.6
7.8400       -1532.0728   -1532.3817       0.3089   597.4
7.8500       -1532.2026   -1532.3377       0.1351   261.3
7.8600       -1532.1647   -1532.3598       0.1952   377.5
7.8700       -1532.2802   -1532.4741       0.1939   375.0
7.8800       -1532.1690   -1532.4137       0.2447   473.4
7.8900       -1532.2452   -1532.3697       0.1245   240.8
7.9000       -1532.1615   -1532.3923       0.2308   446.4
7.9100       -1532.2000   -1532.4093       0.2092   404.7
7.9200       -1531.9601   -1532.2081       0.2480   479.6
7.9300       -1532.0994   -1532.2968       0.1973   381.6
7.9400       -1532.0422   -1532.3282       0.2860   553.1
7.9500       -1532.0782   -1532.2917       0.2136   413.1
7.9600       -1532.1016   -1532.2651       0.1635   316.3
7.9700       -1532.0762   -1532.3266       0.2504   484.2
7.9800       -1532.0414   -1532.3346       0.2932   567.0
7.9900       -1532.1393   -1532.2125       0.0731   141.5
8.0000       -1531.7978   -1532.0923       0.2945   569.7
8.0100       -1531.8966   -1532.2664       0.3697   715.1
8.0200       -1532.1355   -1532.3142       0.1788   345.7
8.0300       -1532.1889   -1532.3017       0.1128   218.2
8.0400       -1532.2195   -1532.4631       0.2436   471.1
8.0500       -1532.3646   -1532.4459       0.0813   157.2
8.0600       -1532.1917   -1532.3402       0.1484   287.1
8.0700       -1532.3441   -1532.4277       0.0836   161.7
8.0800       -1532.1611   -1532.3680       0.2069   400.2
8.0900       -1532.0596   -1532.2686       0.2089   404.1
8.1000       -1531.9823   -1532.1734       0.1911   369.5
8.1100       -1532.2237   -1532.3575       0.1338   258.7
8.1200       -1531.9767   -1532.3103       0.3336   645.3
8.1300       -1531.9634   -1532.1660       0.2025   391.7
8.1400       -1532.2492   -1532.4249       0.1758   340.0
8.1500       -1532.2350   -1532.3413       0.1063   205.6
8.1600       -1532.1019   -1532.2997       0.1978   382.6
8.1700       -1532.0162   -1532.1621       0.1459   282.2
8.1800       -1532.1900   -1532.2642       0.0742   143.6
8.1900       -1532.0332   -1532.2670       0.2338   452.1
8.2000       -1532.1113   -1532.2712       0.1600   309.4
8.2100       -1532.1780   -1532.3033       0.1253   242.4
8.2200       -1532.1569   -1532.2448       0.0879   170.1
8.2300       -1532.0008   -1532.3242       0.3234   625.4
8.2400       -1532.1270   -1532.1665       0.0395    76.3
8.2500       -1532.2060   -1532.3481       0.1421   274.8
8.2600       -1532.3035   -1532.4267       0.1232   238.2
8.2700       -1532.2168   -1532.4677       0.2509   485.2
8.2800       -1532.2533   -1532.3257       0.0724   140.0
8.2900       -1532.0387   -1532.3206       0.2819   545.3
8.3000       -1532.0635   -1532.3126       0.2491   481.8
8.3100       -1531.9389   -1532.2695       0.3307   639.5
8.3200       -1531.9002   -1532.0968       0.1965   380.1
8.3300       -1531.7624   -1532.2924       0.5300  1025.0
8.3400       -1531.8661   -1532.2520       0.3859   746.3
8.3500       -1532.0438   -1532.2818       0.2380   460.3
8.3600       -1532.0376   -1532.3019       0.2643   511.2
8.3700       -1532.2086   -1532.2882       0.0795   153.8
8.3800       -1532.0638   -1532.2371       0.1732   335.1
8.3900       -1532.1434   -1532.2791       0.1357   262.5
8.4000       -1532.1998   -1532.3060       0.1062   205.3
8.4100       -1532.0415   -1532.3389       0.2975   575.3
8.4200       -1531.9516   -1532.2924       0.3408   659.1
8.4300       -1532.2383   -1532.3968       0.1585   306.6
8.4400       -1532.0461   -1532.3026       0.2565   496.1
8.4500       -1532.1051   -1532.2641       0.1590   307.5
8.4600       -1532.1045   -1532.3725       0.2680   518.3
8.4700       -1532.2991   -1532.4642       0.1651   319.3
8.4800       -1532.3049   -1532.4263       0.1214   234.8
8.4900       -1532.1912   -1532.3621       0.1710   330.7
8.5000       -1532.3384   -1532.4457       0.1073   207.6
8.5100       -1532.2539   -1532.4211       0.1672   323.4
8.5200       -1532.1738   -1532.3755       0.2017   390.0
8.5300       -1532.2034   -1532.3507       0.1473   284.9
8.5400       -1532.0882   -1532.3323       0.2441   472.1
8.5500       -1532.2222   -1532.3550       0.1328   256.9
8.5600       -1532.0927   -1532.2428       0.1501   290.2
8.5700       -1532.2327   -1532.3289       0.0962   186.0
8.5800       -1532.0186   -1532.2019       0.1833   354.5
8.5900       -1531.9524   -1532.1329       0.1805   349.0
8.6000       -1532.0918   -1532.2517       0.1599   309.2
8.6100       -1532.0970   -1532.2415       0.1445   279.5
8.6200       -1532.1884   -1532.2701       0.0817   158.1
8.6300       -1532.0528   -1532.2945       0.2416   467.4
8.6400       -1532.0360   -1532.2308       0.1948   376.8
8.6500       -1532.0460   -1532.2260       0.1800   348.1
8.6600       -1532.1185   -1532.2334       0.1149   222.2
8.6700       -1532.0137   -1532.1450       0.1313   253.9
8.6800       -1532.1182   -1532.2692       0.1510   292.1
8.6900       -1532.2127   -1532.4036       0.1909   369.3
8.7000       -1532.1189   -1532.2822       0.1632   315.7
8.7100       -1532.0133   -1532.2957       0.2825   546.3
8.7200       -1532.1519   -1532.2858       0.1339   259.0
8.7300       -1531.9732   -1532.1556       0.1824   352.8
8.7400       -1532.1880   -1532.2505       0.0625   120.9
8.7500       -1532.2107   -1532.3031       0.0924   178.8
8.7600       -1532.0649   -1532.3103       0.2454   474.7
8.7700       -1531.7795   -1531.9773       0.1978   382.6
8.7800       -1532.0764   -1532.2788       0.2024   391.5
8.7900       -1532.0222   -1532.1898       0.1676   324.2
8.8000       -1532.1024   -1532.2430       0.1405   271.8
8.8100       -1532.0654   -1532.1728       0.1074   207.8
8.8200       -1531.9062   -1532.1676       0.2614   505.5
8.8300       -1531.8649   -1532.1543       0.2894   559.7
8.8400       -1532.0531   -1532.3309       0.2779   537.4
8.8500       -1531.9706   -1532.2175       0.2469   477.5
8.8600       -1532.0757   -1532.3968       0.3211   621.0
8.8700       -1532.0824   -1532.3329       0.2505   484.6
8.8800       -1532.1375   -1532.4293       0.2918   564.4
8.8900       -1532.1271   -1532.2593       0.1322   255.7
8.9000       -1532.1309   -1532.4097       0.2787   539.1
8.9100       -1532.0106   -1532.2393       0.2287   442.4
8.9200       -1531.8658   -1532.2624       0.3966   767.0
8.9300       -1532.0983   -1532.2596       0.1612   311.8
8.9400       -1532.1231   -1532.1703       0.0471    91.1
8.9500       -1532.1091   -1532.2268       0.1177   227.7
8.9600       -1531.9875   -1532.1128       0.1254   242.4
8.9700       -1531.9169   -1532.0173       0.1003   194.0
8.9800       -1532.0228   -1532.1445       0.1217   235.4
8.9900       -1531.9374   -1532.1642       0.2268   438.6
9.0000       -1532.0389   -1532.1784       0.1395   269.7
9.0100       -1532.0910   -1532.1490       0.0581   112.3
9.0200       -1531.9588   -1532.2573       0.2985   577.3
9.0300       -1531.8760   -1532.1464       0.2704   523.0
9.0400       -1531.9626   -1532.1780       0.2154   416.5
9.0500       -1532.0919   -1532.2309       0.1390   268.8
9.0600       -1532.1156   -1532.1922       0.0766   148.2
9.0700       -1532.0445   -1532.2023       0.1578   305.2
9.0800       -1531.9507   -1532.1052       0.1545   298.9
9.0900       -1532.0343   -1532.2111       0.1768   342.0
9.1000       -1532.0193   -1532.2398       0.2205   426.4
9.1100       -1531.8193   -1532.0626       0.2433   470.6
9.1200       -1531.9181   -1532.0714       0.1533   296.6
9.1300       -1531.9177   -1532.1364       0.2187   423.0
9.1400       -1531.8415   -1532.0557       0.2142   414.3
9.1500       -1531.6918   -1532.1804       0.4886   945.0
9.1600       -1531.9802   -1532.1558       0.1757   339.7
9.1700       -1532.1031   -1532.2829       0.1799   347.8
9.1800       -1531.9523   -1532.0841       0.1318   255.0
9.1900       -1531.8064   -1532.2500       0.4435   857.8
9.2000       -1531.9814   -1532.2216       0.2402   464.5
9.2100       -1531.9061   -1532.0866       0.1805   349.1
9.2200       -1532.0669   -1532.1667       0.0998   193.0
9.2300       -1531.9400   -1532.1302       0.1902   367.9
9.2400       -1531.8631   -1532.1061       0.2430   470.0
9.2500       -1532.0902   -1532.2680       0.1778   343.9
9.2600       -1532.1173   -1532.2366       0.1193   230.8
9.2700       -1532.1750   -1532.2419       0.0669   129.3
9.2800       -1532.0581   -1532.1898       0.1317   254.7
9.2900       -1531.8227   -1532.1500       0.3272   632.9
9.3000       -1531.8312   -1532.0671       0.2359   456.2
9.3100       -1531.9652   -1532.0119       0.0467    90.3
9.3200       -1531.9713   -1532.0852       0.1139   220.2
9.3300       -1531.8229   -1532.1106       0.2878   556.6
9.3400       -1531.7893   -1531.9590       0.1698   328.3
9.3500       -1531.7514   -1532.0763       0.3249   628.5
9.3600       -1532.0032   -1532.1183       0.1151   222.6
9.3700       -1532.0241   -1532.0922       0.0681   131.7
9.3800       -1531.8748   -1532.1861       0.3113   602.1
9.3900       -1532.0313   -1532.2487       0.2174   420.5
9.4000       -1531.8353   -1532.0998       0.2644   511.5
9.4100       -1531.8982   -1532.1799       0.2817   544.8
9.4200       -1531.7605   -1532.0323       0.2718   525.7
9.4300       -1532.0234   -1532.0981       0.0747   144.5
9.4400       -1532.0184   -1532.1247       0.1063   205.5
9.4500       -1532.0024   -1532.1420       0.1396   270.0
9.4600       -1531.9517   -1532.0927       0.1410   272.7
9.4700       -1531.8645   -1532.1943       0.3298   637.9
9.4800       -1531.8237   -1532.1074       0.2837   548.7
9.4900       -1531.7997   -1531.9147       0.1150   222.4
9.5000       -1531.8304   -1532.0939       0.2636   509.8
9.5100       -1531.9256   -1532.0571       0.1315   254.4
9.5200       -1532.0073   -1532.1713       0.1640   317.1
9.5300       -1531.8234   -1531.9662       0.1428   276.2
9.5400       -1531.8043   -1532.0342       0.2298   444.5
9.5500       -1531.6865   -1532.0479       0.3614   699.0
9.5600       -1531.9174   -1532.0696       0.1522   294.3
9.5700       -1531.9504   -1532.1151       0.1647   318.6
9.5800       -1531.9407   -1532.1717       0.2310   446.7
9.5900       -1531.8504   -1532.0219       0.1715   331.7
9.6000       -1531.6614   -1532.0214       0.3600   696.3
9.6100       -1531.7805   -1532.1706       0.3901   754.4
9.6200       -1532.0572   -1532.3093       0.2521   487.6
9.6300       -1531.9999   -1532.2214       0.2215   428.5
9.6400       -1531.8704   -1532.0369       0.1665   322.1
9.6500       -1531.8501   -1532.1647       0.3146   608.4
9.6600       -1531.7755   -1532.1799       0.4044   782.1
9.6700       -1531.8609   -1532.0691       0.2082   402.6
9.6800       -1531.6882   -1532.1210       0.4327   836.9
9.6900       -1531.7960   -1531.9954       0.1994   385.7
9.7000       -1531.7759   -1532.0599       0.2840   549.3
9.7100       -1531.6167   -1532.0291       0.4124   797.6
9.7200       -1531.7362   -1531.9961       0.2599   502.6
9.7300       -1531.8439   -1532.0493       0.2054   397.3
9.7400       -1531.9296   -1532.1813       0.2517   486.8
9.7500       -1531.9289   -1532.1537       0.2248   434.7
9.7600       -1531.7869   -1531.9934       0.2064   399.3
9.7700       -1532.0734   -1532.2134       0.1400   270.8
9.7800       -1532.0824   -1532.2312       0.1488   287.8
9.7900       -1531.9174   -1532.0706       0.1532   296.3
9.8000       -1532.1036   -1532.2047       0.1010   195.4
9.8100       -1532.0745   -1532.1777       0.1032   199.6
9.8200       -1532.0908   -1532.3204       0.2296   444.0
9.8300       -1531.7412   -1532.1652       0.4240   820.1
9.8400       -1532.0553   -1532.1574       0.1021   197.4
9.8500       -1532.0142   -1532.1731       0.1589   307.3
9.8600       -1532.0994   -1532.1496       0.0503    97.3
9.8700       -1532.0401   -1532.1422       0.1021   197.4
9.8800       -1531.9263   -1532.0857       0.1594   308.3
9.8900       -1531.8779   -1532.0679       0.1900   367.4
9.9000       -1531.8642   -1532.0268       0.1625   314.3
9.9100       -1531.9703   -1532.0114       0.0411    79.5
9.9200       -1531.7831   -1532.0326       0.2495   482.5
9.9300       -1531.7186   -1531.9986       0.2800   541.6
9.9400       -1531.9657   -1532.1775       0.2118   409.6
9.9500       -1532.0245   -1532.1116       0.0871   168.5
9.9600       -1531.8338   -1532.1839       0.3501   677.1
9.9700       -1531.9063   -1532.0360       0.1297   250.9
9.9800       -1531.8708   -1532.0809       0.2101   406.4
9.9900       -1531.9057   -1531.9880       0.0823   159.2
10.0000      -1532.0483   -1532.0986       0.0503    97.3
