1.030828870805742925e+00 1.030831765855795279e+00 1.030831765594217853e+00
1.014664899094341211e+00 1.038869338225668404e+00 1.016079682954809993e+00
1.036067450610658414e+00 1.095734681913708819e+00 1.077564524639789800e+00
1.003085810060944771e+00 1.105590469203563853e+00 1.037423535436758915e+00
1.012318059840682460e+00 1.044238940927015413e+00 1.020492612421582956e+00
1.078331507555606139e+00 1.023053132599604842e+00 9.926065170964897266e-01
1.034820395826025363e+00 1.049377706797604892e+00 1.012596144725775416e+00
1.092535115529289058e+00 1.092437630801202930e+00 1.163742919625157191e+00
1.057066006557777049e+00 1.022649032992511975e+00 1.117618187693723897e+00
1.094655813597111838e+00 1.077799132921943848e+00 9.745207928072407988e-01
1.055182316880330706e+00 1.108937808445930040e+00 9.994858059296141128e-01
9.938334605282105327e-01 9.883992403406031135e-01 1.056291124815350146e+00
1.105283827877846292e+00 1.082755610388707268e+00 1.090913488126168174e+00
1.018844597746942915e+00 1.068439688265726994e+00 9.675595864833951287e-01
9.667899383958380444e-01 9.329062552345503967e-01 1.024723282837189053e+00
1.112460092543066770e+00 9.566376768314353018e-01 1.080463853026384369e+00
1.063448850964432424e+00 9.627154374022769412e-01 9.963678048421297229e-01
1.011842118064290919e+00 1.098812469295433081e+00 1.077030102573741210e+00
1.181721959091148744e+00 1.021456243421055010e+00 1.006336735402883820e+00
1.199376749154721145e+00 1.058630820568194908e+00 1.114558344573377324e+00
9.895928755731159265e-01 1.075890310716874909e+00 9.601394517511118165e-01
1.047984124588720700e+00 1.174193569346450250e+00 1.086227844430034617e+00
1.023668287911524200e+00 9.699268925847909228e-01 1.168090644667850286e+00
1.049616563384987655e+00 9.890492626095979123e-01 9.711071145918140912e-01
1.166029779036281022e+00 1.046207517778067198e+00 1.202281606915115875e+00
1.018769119896450803e+00 9.587823480120662989e-01 9.350531696944465176e-01
1.016465082121912999e+00 1.059363118345147292e+00 1.173126742921865917e+00
9.808786991781671682e-01 9.711467569884976170e-01 1.026981453926240961e+00
1.001798639025436310e+00 1.124112330488680422e+00 1.019011546117783107e+00
1.101611372047023307e+00 1.154515978957473710e+00 9.910008678153598982e-01
1.099441329304400750e+00 1.147990408477813418e+00 1.167290086673824279e+00
1.044916608802402669e+00 9.536535065418541013e-01 1.066969026181384006e+00
1.196037245459695031e+00 1.075500418095228339e+00 9.787140741838962210e-01
1.234481866304749431e+00 1.164088163909631657e+00 1.060521194921539623e+00
1.181929829732404347e+00 1.052849563865567495e+00 1.049855189909525199e+00
1.228206854177581020e+00 1.018536518929674894e+00 9.831541207206163646e-01
1.013962593188084682e+00 1.078071043482374591e+00 1.251011072557626447e+00
9.711515846293181653e-01 9.873908476144821478e-01 9.808235946843560926e-01
9.786115427308348380e-01 1.150998816546550785e+00 1.004164381229743386e+00
1.018500491389925822e+00 1.166523028042714571e+00 1.049339803047093955e+00
1.043022895032680086e+00 1.159507635309295015e+00 1.140497571070852922e+00
9.368972000107577136e-01 1.018184755381741802e+00 1.150120169751799537e+00
1.062308123156414208e+00 1.014926553942920195e+00 1.226108049799236932e+00
1.047792839939106546e+00 1.117581047927592275e+00 1.171681911500864759e+00
1.076868542547455121e+00 9.961645099351091881e-01 1.135770947573595313e+00
1.178290924674039397e+00 1.248817275518516068e+00 1.053694768338800491e+00
9.582563092696755325e-01 1.103607417341386343e+00 1.094390236252876791e+00
1.045719950100393314e+00 1.002150574220055823e+00 1.232457523260310550e+00
9.015863608000824758e-01 9.437488168074847916e-01 9.370953647413674537e-01
1.315083387674512938e+00 1.012754532933425544e+00 1.040865092669006842e+00
1.181245891569540296e+00 1.080236102386270103e+00 9.280539812342275541e-01
1.153802807226266269e+00 1.168838744875423163e+00 1.072474163689858928e+00
9.693115333443197423e-01 8.819715714832674358e-01 1.075734696110598243e+00
1.155791825767851444e+00 1.071744481010832528e+00 1.026917413759251163e+00
1.100245403666571420e+00 1.090570761637407182e+00 9.196368135593960824e-01
1.010297333950578746e+00 1.160631263533971280e+00 1.006700395218211419e+00
9.463388445156101225e-01 1.282134016291379908e+00 1.034498812912867605e+00
1.167492156980757256e+00 1.185396202680600641e+00 1.029783709220467136e+00
1.152920158193026845e+00 1.197413495932593053e+00 1.038260636740183873e+00
9.735793911613329632e-01 1.200099765682231645e+00 9.710803138076113949e-01
9.475004378216096423e-01 9.162081515335367410e-01 1.078959180932159256e+00
1.128383659328375588e+00 9.848501533974278743e-01 1.128931707047813537e+00
1.188155567668350177e+00 9.661038358671497628e-01 9.641159480706471552e-01
9.141295339986084123e-01 1.022289418350875723e+00 9.904704160572783689e-01
1.025856279594089981e+00 9.519120556415819889e-01 9.723881965119178794e-01
9.490116153311267677e-01 9.482930215058226198e-01 1.087106521055901887e+00
9.975810507188419551e-01 9.721842442440783438e-01 1.245788936708735140e+00
9.820661322124570880e-01 1.065704237483318328e+00 1.244193539724292030e+00
9.479667849656823186e-01 9.331791928904346056e-01 1.148685326369663473e+00
1.054128241495767337e+00 1.002782157818936204e+00 1.251793655892091905e+00
1.246228511037058118e+00 1.039538909215196538e+00 9.774566553587050732e-01
1.206690353832432727e+00 9.864245191112840372e-01 1.128173926231690105e+00
1.211613118785883403e+00 9.983833482788688762e-01 1.025246684250856966e+00
1.267023297423420791e+00 1.017205067558439424e+00 1.061250692961783537e+00
1.077202284017954037e+00 9.506122416906529482e-01 9.387981045711479844e-01
9.355547766655399888e-01 1.009152006233575483e+00 9.627307475711381901e-01
9.297761563695197129e-01 1.110979043301788760e+00 9.340541763061158687e-01
1.015994719933773549e+00 9.035058710575730734e-01 1.087168106130893097e+00
1.192271514613989725e+00 1.026748703859162948e+00 1.016891180943163553e+00
1.311336497908744514e+00 1.119346789055835290e+00 1.089818487967637806e+00
1.215278030109671059e+00 1.057977346429858079e+00 1.145828019270638487e+00
1.220171293457437800e+00 1.066885791444857290e+00 1.220471200654448474e+00
9.508913910897651700e-01 1.175210210025730007e+00 1.250377359330067106e+00
1.056187089325436368e+00 1.327307988052675025e+00 9.932287401134383131e-01
9.877534848121436450e-01 1.314748918391430044e+00 1.111959642368599122e+00
1.013318366361449785e+00 1.290977010851513507e+00 1.030474937773887989e+00
1.046240902752473723e+00 1.241558299629617279e+00 1.121758720424545608e+00
1.062944791871230477e+00 1.282390136952340054e+00 9.465739521806667556e-01
9.973214718469367579e-01 1.214028296222917636e+00 1.031302969950144588e+00
9.242092700565630592e-01 1.180348303295194690e+00 1.102316275799581025e+00
1.054247585239228124e+00 9.708786214795733782e-01 9.338513318894451354e-01
9.304687502562475343e-01 1.012564544243574893e+00 1.104838882926489241e+00
1.027455723373888352e+00 1.023235511835107303e+00 1.311267525636242270e+00
1.198214913499717094e+00 9.710097834887246870e-01 1.164566313050364288e+00
1.325430453056386071e+00 1.033291379884285766e+00 1.037535734463074233e+00
1.237374695006885128e+00 1.107936365888924746e+00 1.046632892233382295e+00
1.276474786985112742e+00 9.660312285972205704e-01 1.045563055858893309e+00
8.921711645129707380e-01 1.037427324235106862e+00 9.595342543945293290e-01
1.083051470784027082e+00 1.163298110304100685e+00 9.070511568800011526e-01
1.011991412596900064e+00 1.297358413953432210e+00 1.032655976694701438e+00
1.167732649564054093e+00 1.144711980063821466e+00 1.200717494019388987e+00
9.866336896533587364e-01 1.078893610661455060e+00 1.189035693221320633e+00
1.041305470925083299e+00 1.337041772198903633e+00 9.609283760695777055e-01
9.731895082556835108e-01 1.163256599705997818e+00 1.171201008855633274e+00
1.076956376774589330e+00 1.028711051874251936e+00 1.303605935116445735e+00
1.005176819797932719e+00 1.257068981677597064e+00 1.080021059439658870e+00
1.072459255900249486e+00 1.264102321091147285e+00 9.721864243213090839e-01
1.360383897665980113e+00 1.039562878359065801e+00 1.013386272905664409e+00
1.054931310372852593e+00 9.035358484844927540e-01 1.131529562057411953e+00
1.015962610289900647e+00 1.048836463812969022e+00 1.367023304485426305e+00
1.189093791072144191e+00 1.075492648594308154e+00 1.242507543781550483e+00
1.021066251827481564e+00 1.015892999124756946e+00 1.248989050889502295e+00
1.095792460957137893e+00 1.031102546325417313e+00 1.165956663522941694e+00
1.196614818539760927e+00 9.055381033269381819e-01 1.011110592842566769e+00
9.749860496924865894e-01 9.387246635402309858e-01 9.726167860042606028e-01
9.278381336448252581e-01 1.116003673937820961e+00 9.143767850571433708e-01
9.097493821878500642e-01 9.577358422228664514e-01 9.569027176987604522e-01
9.802662260519307003e-01 9.784099896067804947e-01 9.257642593967927436e-01
1.018045641596019291e+00 1.241607107867147120e+00 9.213422693786289530e-01
1.023623278593562169e+00 1.110644137901037443e+00 9.310481202930029898e-01
1.251805477753710205e+00 1.272197660244885897e+00 1.103629017895524589e+00
1.207604915308866822e+00 1.246147266819884081e+00 9.970235263360135436e-01
1.132898525398854384e+00 1.207845863215313509e+00 9.719960712374615674e-01
1.180997920838428250e+00 1.039174218877077394e+00 9.529869549095388859e-01
1.092487859307831988e+00 8.766101831505709319e-01 1.013709979471545175e+00
1.096122017418054373e+00 8.857671439407652780e-01 9.349978359515320747e-01
8.807009075409546472e-01 1.148893652239466823e+00 1.009450561306973082e+00
9.071432576315080487e-01 1.065294792230994769e+00 1.086207178142952534e+00
9.847058814078355482e-01 9.565285557367848579e-01 1.222064234778176495e+00
9.127527446854758475e-01 1.091174359189349685e+00 1.225598025534306190e+00
1.066249281472198440e+00 1.136679096189492588e+00 1.247733407209695056e+00
1.117343359309903361e+00 1.215777601874261205e+00 1.193055241276803846e+00
1.375721613544687916e+00 1.020991901590109663e+00 1.006224924589611325e+00
1.118337961231635980e+00 9.085999751953356407e-01 1.097189110470991880e+00
1.238733101809922132e+00 9.594382539254887599e-01 1.110895000041121294e+00
1.203430942916535740e+00 9.915296778048454662e-01 1.212371367064147609e+00
9.823704055642522581e-01 1.088159569645764657e+00 1.361553519775893895e+00
1.109656101811740792e+00 9.222021827494303325e-01 1.334652411766226843e+00
9.568449253011023226e-01 1.000620164007918644e+00 1.235802610960309078e+00
1.132413853432350237e+00 1.047843899057978811e+00 1.381905912046901941e+00
1.191560374611134066e+00 9.979497406817628979e-01 8.849083520749949638e-01
9.846371421373371069e-01 1.027364078289750626e+00 9.110566350825177739e-01
9.049786944040438819e-01 9.457340892888549400e-01 1.084994724405965671e+00
9.659293671943871562e-01 1.017573802519281756e+00 1.375939770140675700e+00
1.256120000061708097e+00 1.049671885783339365e+00 1.136027846068725422e+00
1.265411520436603432e+00 1.148455343603434153e+00 9.810531252759988607e-01
1.077894969094920219e+00 1.260317287618842874e+00 9.222927308042745409e-01
1.054420454681069597e+00 1.289696661878885209e+00 1.152634143533359135e+00
1.027912930446277517e+00 1.201088271506248528e+00 1.278904606227424745e+00
1.066015110050444248e+00 1.334221826563189106e+00 1.226459331207403469e+00
1.019116015192709002e+00 1.285821526046391661e+00 1.236575504589531471e+00
1.055826144740667605e+00 1.276760398920400386e+00 1.005803384057432082e+00
1.095522785867033333e+00 1.343421942736266805e+00 1.128989323862633176e+00
1.247986811819828290e+00 1.300834260987681956e+00 1.102087500106960105e+00
1.351072137571243781e+00 1.055385993556441138e+00 1.218483833915609660e+00
9.496750318130010582e-01 9.730673679659167519e-01 1.277024417065733441e+00
1.162276048021342545e+00 1.159283547760638911e+00 1.379453932648264880e+00
1.016589819964449193e+00 1.266836408411477377e+00 1.260103476323682914e+00
8.846983177660299180e-01 1.196315539095168523e+00 1.040465005686454170e+00
9.426166907409165852e-01 9.089649122821604754e-01 9.204430215947674299e-01
9.201694838447251890e-01 9.450078581118214194e-01 1.047250237440595866e+00
1.154036483643303246e+00 1.009613530003659054e+00 8.820783807626849660e-01
1.353150739648373291e+00 1.105860231480195743e+00 1.069977883436468824e+00
1.181690090201862331e+00 1.166785444289775597e+00 9.124083741602394548e-01
1.306801866569838877e+00 1.035464788505675582e+00 9.621304862076397457e-01
1.328277482355809891e+00 9.370878273505619527e-01 1.080994413783601837e+00
1.382823194578833181e+00 1.107020390284873645e+00 1.045967266421195641e+00
1.408541425328078134e+00 1.068232278507915467e+00 1.069062705870964303e+00
1.161010017326579380e+00 9.759361624840462435e-01 1.259017187066047150e+00
1.058618312279711038e+00 8.804476517714273642e-01 1.125365283883613010e+00
1.127145265368869831e+00 9.047283133076017281e-01 1.004616628294197733e+00
9.256616352564779326e-01 1.172636774824606709e+00 1.045271828359569000e+00
1.007991176530451671e+00 1.279176723963183049e+00 9.417671511635846704e-01
1.005107652851592315e+00 1.308427395895856327e+00 1.198309131361679380e+00
1.073005892656924143e+00 9.049239679039299267e-01 9.195601955778850423e-01
1.387741088366701181e+00 1.025943887806272992e+00 9.963637939193515924e-01
1.276955615619688622e+00 1.250898559853116598e+00 1.019278738182248567e+00
9.849316894735540284e-01 1.456983089473687931e+00 1.053430716875289219e+00
1.172440913786423566e+00 1.277940846071777825e+00 1.068326061212268474e+00
1.224278294168412495e+00 1.207689417467040949e+00 1.130818947875891212e+00
1.063812628944487804e+00 9.891251712217067338e-01 1.388919284424675382e+00
1.193805854928615018e+00 1.214946752171147226e+00 1.201180659810462625e+00
1.301610932282972088e+00 9.803007603130533543e-01 1.218682824485448846e+00
9.894729437016239748e-01 1.174248267375969323e+00 1.328418538611458644e+00
9.035811400996583975e-01 9.884874469252006302e-01 9.947315271967642758e-01
1.007124594421017427e+00 9.230966438544109254e-01 9.131361656463939935e-01
9.525407875745931507e-01 8.633872805309525944e-01 9.974361026970800514e-01
1.005982064425614553e+00 1.210306114920786547e+00 9.099425978943626037e-01
9.359183589285582361e-01 9.435692551945797923e-01 1.105616630600187333e+00
1.036028240130350886e+00 1.247546665112670539e+00 1.380121925477388212e+00
1.085545993577350599e+00 1.158252370730180614e+00 8.964119083385720943e-01
1.170405071431635413e+00 8.883149000581112009e-01 9.726292170487768063e-01
1.093464528558746984e+00 9.721876050451265794e-01 9.105120704870514059e-01
9.257482474336885536e-01 9.608349090355036148e-01 9.252274793784430740e-01
9.358052064450859131e-01 1.253814681161437461e+00 1.051278794430508645e+00
1.084296560608350335e+00 1.438689062843893085e+00 1.050922150394877130e+00
1.194842195423100106e+00 1.181284029029515237e+00 1.203266851856513275e+00
1.191303682912943751e+00 9.427137150306159619e-01 1.205002493356305493e+00
1.007475395342078750e+00 9.928804802990656153e-01 1.240168035047285455e+00
9.553966970128956460e-01 9.978185256535555547e-01 1.289226535085697734e+00
9.629735130442417246e-01 9.562931213875097702e-01 1.084225977656024131e+00
9.163418479129902261e-01 1.163871198881248681e+00 1.254609068671913130e+00
1.043769437890998297e+00 1.114803401123968030e+00 8.887103095783522866e-01
1.075854691099818128e+00 9.391696128604581917e-01 1.009197229986120048e+00
1.234365277546729089e+00 1.254926582001933744e+00 9.721884870043123739e-01
1.008502710413147874e+00 1.399825224197545515e+00 1.079594362160076315e+00
1.114323351907466453e+00 1.326714413689767058e+00 1.076850236517537640e+00
1.044267602881679968e+00 1.428252816049117468e+00 9.947737167478647446e-01
1.142462981070510031e+00 1.341630336517532829e+00 1.143860479519398510e+00
9.099646646864819610e-01 1.064727569875917323e+00 1.292989402947802180e+00
1.077219177895113233e+00 1.027559266036706553e+00 1.407873262429760519e+00
1.138820371386582986e+00 1.010330422342889278e+00 1.164348086570844432e+00
1.267431268032082059e+00 1.107143962660783076e+00 1.305995285159309738e+00
1.022889514361770447e+00 1.065717936754273287e+00 1.416231442104522786e+00
1.133101675366279482e+00 1.089419813477643384e+00 1.303120709428619683e+00
1.126924366493355478e+00 1.000381233305318585e+00 1.379893600688537614e+00
1.111918526459742429e+00 1.119781416943577135e+00 1.369712085941575230e+00
1.143262986743591281e+00 1.319739539149606067e+00 1.194243490124589524e+00
1.081486201659878077e+00 1.331508934755392337e+00 1.040170104608679980e+00
1.028835565633648752e+00 1.255174934009303689e+00 1.196876546378633721e+00
9.225564566150910029e-01 8.967217918354232209e-01 8.521506785885206714e-01
9.394659755783858479e-01 1.016418666673888804e+00 8.950471957504070319e-01
9.472072459771825326e-01 1.154374026285475363e+00 1.011670112160740542e+00
1.056043398916960863e+00 1.334093822380080674e+00 9.531006628866237618e-01
1.064617502097541024e+00 1.307235850157466794e+00 1.109368188254723275e+00
1.312330763510660692e+00 1.045441096151466853e+00 1.347516566593534248e+00
1.041353250428161514e+00 9.075153660556090074e-01 1.146693990977038391e+00
1.287771462766729824e+00 9.650763639043061781e-01 1.202013693094442948e+00
1.350457629743564425e+00 9.564694955396306764e-01 9.444610956799839308e-01
1.175095386464768188e+00 9.047880911860958220e-01 1.027771480396339809e+00
1.255076766203560901e+00 9.867032747792991998e-01 9.405354190608573584e-01
9.621449485956914405e-01 1.141667704149526008e+00 9.027688466557827196e-01
9.066283629434136460e-01 9.878715333686479694e-01 1.022048180886844015e+00
9.658409161801437826e-01 8.872528923665575773e-01 1.171242193881255167e+00
1.340709824981696441e+00 1.220615564895643379e+00 1.169746123381529168e+00
1.241647336524106748e+00 1.101936921754797849e+00 9.688884297128185219e-01
1.376987373213965693e+00 1.062007639196201447e+00 9.429513847880582889e-01
1.434504997697016559e+00 1.071334479477689339e+00 1.087842499010339026e+00
1.197855876379369189e+00 1.150278683950638703e+00 9.370776864946861462e-01
1.110812528496263774e+00 1.220268032945032610e+00 9.191715429987700192e-01
9.626394253448904426e-01 1.390431869991275216e+00 1.028719506607211898e+00
1.100467910798267557e+00 1.400020285922711993e+00 1.090943391361374637e+00
1.041914476645009247e+00 1.348472462260460247e+00 1.039021231273556278e+00
1.074484053428052643e+00 1.154821875935585052e+00 8.757533879653770503e-01
1.123147168690216580e+00 8.992341294822038256e-01 9.478467256765681359e-01
1.071036566831956360e+00 9.956665629049512578e-01 8.831637269582917060e-01
1.260858256626293139e+00 9.355312997283435905e-01 9.487047444518166284e-01
1.114850091093866569e+00 9.407899987739586356e-01 9.045549374666250753e-01
8.930533046474673498e-01 1.191421680621780554e+00 9.809492445119881721e-01
9.069926756896229403e-01 1.125796144396056020e+00 9.365816527104373623e-01
9.011080753159410595e-01 9.576820204306523143e-01 9.684521131849284092e-01
8.961835148215628877e-01 9.982666616887280187e-01 9.262813796399105293e-01
8.709175741671046911e-01 1.033167589308324086e+00 9.309553920129589599e-01
9.176335197135701005e-01 9.515036010578489245e-01 1.238787460688205222e+00
1.044279522278567240e+00 9.596672797955928536e-01 1.370942784430912331e+00
1.082216927726913136e+00 1.083900714460525716e+00 1.424991331614830381e+00
1.357402984230816623e+00 1.124238059837229020e+00 1.134230853936172512e+00
1.468959449223888880e+00 1.077742467602930576e+00 1.067754945132323385e+00
1.419370588284893042e+00 1.096901874012124800e+00 1.022239088440731081e+00
1.320465800214745800e+00 9.726029414926088412e-01 1.100592758302885832e+00
9.506604004538795616e-01 1.057326965445450462e+00 1.418900015897081257e+00
1.256258223518234018e+00 1.163221733669818736e+00 1.219530598998653126e+00
1.360250856244577200e+00 1.201004589383137144e+00 1.022158846578548941e+00
1.176153464602111676e+00 1.299861674429005687e+00 9.330925783287942199e-01
1.335730907503055009e+00 1.129607064429832830e+00 1.157344410983239591e+00
1.110766165345736578e+00 9.125489388426549775e-01 1.201952622673289506e+00
1.245439289228249979e+00 9.877485009743509625e-01 1.196700841227309242e+00
1.135567701315681299e+00 1.205613650964835637e+00 1.243559638252673238e+00
9.766887383569120562e-01 1.124787037421161706e+00 1.291204052564785654e+00
1.084453643314427174e+00 1.182632865444485981e+00 1.354452413946801714e+00
1.170575412014711603e+00 1.225340771955886643e+00 1.249196946686129239e+00
1.270770333794593698e+00 1.214974078888789499e+00 9.827346856883675263e-01
1.174198774662810418e+00 9.836098699232245224e-01 8.964562760687642129e-01
1.112474381155591274e+00 9.471572195786692738e-01 1.240006054998097129e+00
9.014889259619304207e-01 1.113535660551129736e+00 1.076257023825360370e+00
9.607131295722477482e-01 1.234355100760799351e+00 1.238080736949728866e+00
9.142206400927189724e-01 1.207685252571465417e+00 1.027993757686763709e+00
9.818795390028434156e-01 1.284402539314680958e+00 9.219128939443042015e-01
9.262817348189961164e-01 1.348749588812087064e+00 1.086710746480324730e+00
1.016966413674834868e+00 1.109272243278565107e+00 1.328174178966503360e+00
1.173369308477105966e+00 1.054244224080049586e+00 1.345037651814150692e+00
1.399562598187812146e+00 1.208037409084338654e+00 1.084438687841566384e+00
1.213936393148379311e+00 9.785693748879140674e-01 1.029846313805940161e+00
9.235396380577033382e-01 8.885784440922507299e-01 1.232910535295255183e+00
1.041923650411064495e+00 1.027568859760177311e+00 1.534366822623745907e+00
1.260975975925807901e+00 9.180874522567332718e-01 1.187369497380796002e+00
1.477964839913678885e+00 1.057728587647642771e+00 1.031150227939384489e+00
1.348697553491402523e+00 9.311133514645220099e-01 1.087849795477115356e+00
1.386786490269083405e+00 1.011097430706632050e+00 1.227478846896794540e+00
1.298769354306618107e+00 9.924613331192869703e-01 1.328107405447431333e+00
9.467669353411028998e-01 1.352808109377651391e+00 1.214609411135501915e+00
9.419775787311476245e-01 1.416472236572883237e+00 1.079865082935997478e+00
1.187124284499254667e+00 1.484159814229686569e+00 1.073774448709871043e+00
1.335438473508220536e+00 1.329588764167460635e+00 1.065775642609347873e+00
1.191331114658842116e+00 1.397698465351113528e+00 1.071107074878153709e+00
1.026977663471816626e+00 1.395177530616596995e+00 1.004767260000500206e+00
1.053401345261738786e+00 1.485071979781629414e+00 1.011377580074529492e+00
9.762392251551361699e-01 1.354983819000261880e+00 1.280742045942194984e+00
1.023043041166885825e+00 9.473219626923208292e-01 1.483438586215104715e+00
9.595462559122659441e-01 1.166750352810651536e+00 1.186332792491677113e+00
9.835279913225992710e-01 1.148742313299411233e+00 8.732935827254064698e-01
8.689441569229924278e-01 8.775336592562071880e-01 1.106071352975065647e+00
8.674927209668292782e-01 1.152220533465755814e+00 1.034698780168384680e+00
9.538887626572815082e-01 1.095362173741086131e+00 1.211183216823992881e+00
1.139229134173207036e+00 9.080555863785205739e-01 1.178880577960003562e+00
1.197735015286661708e+00 8.976591259542746615e-01 1.077783328230259130e+00
1.326435949096763434e+00 9.760683013212239079e-01 8.863848289679038261e-01
1.421630138897190809e+00 1.017291666183620213e+00 1.184605069076410944e+00
1.458667205872021144e+00 9.591789024838210942e-01 1.024097774080151346e+00
1.248813255736913153e+00 1.111048636848393389e+00 9.316927429733391497e-01
1.221681448160015560e+00 1.316849633211166104e+00 1.009209896249447125e+00
1.253070278732853815e+00 1.169321027094502252e+00 9.263448262748948947e-01
1.347207685413359446e+00 1.263006122982315738e+00 1.054063612886182888e+00
1.154184646594401675e+00 1.188579098418678148e+00 1.161597727221410858e+00
1.020802521718221945e+00 1.206019258005542438e+00 1.364026113985260080e+00
1.014023963750425805e+00 1.113406040569458133e+00 1.492968671729192787e+00
9.845468132218794244e-01 9.958804172575655977e-01 1.444951514754518884e+00
9.512012957456068563e-01 1.055095314518170957e+00 1.387814704144131772e+00
1.081115765670104034e+00 8.948463418835999050e-01 1.279870756958654709e+00
1.217335158321321220e+00 1.005358812896307352e+00 1.245791988052401544e+00
1.157584680711844394e+00 1.071865410657976359e+00 1.450328199574139498e+00
9.987146915917330947e-01 1.093675592101014615e+00 1.456324321884931328e+00
1.040761305277575488e+00 9.564279561992674594e-01 1.534852354034022426e+00
9.467379778686526581e-01 1.052679335025409557e+00 1.371982854475173541e+00
8.694883628340581705e-01 9.083291169290876876e-01 1.098109983004500911e+00
8.443699644770082946e-01 1.107938232958750380e+00 1.059812696650221486e+00
9.717997459361139567e-01 9.166774595890943012e-01 1.113952871401176825e+00
8.874087832913567508e-01 1.120049318793307824e+00 1.186633618315909411e+00
9.319926373443728762e-01 1.329515487032798093e+00 9.242659997685133133e-01
9.116149920013120189e-01 1.086132788138030270e+00 9.577870938117416522e-01
1.087586834051531337e+00 1.189555514051414464e+00 8.626405020985737915e-01
8.451390041995641145e-01 9.461930477250717342e-01 9.588623779233927946e-01
1.189903876992689735e+00 9.478541008109726551e-01 8.681359347045561892e-01
1.241253478581631819e+00 9.447858449862109875e-01 9.747005877894947545e-01
1.322111279076261026e+00 8.936562189843056947e-01 1.024574196399497650e+00
1.521404892908060358e+00 1.033833920629215086e+00 1.024251765151106497e+00
1.486857117963343411e+00 1.006638131853479612e+00 9.785667182157236077e-01
1.393651503923710511e+00 1.139986628058409002e+00 1.046381922584975754e+00
1.189525351944253684e+00 1.200829870052097625e+00 9.412664152744457668e-01
1.318821430420006102e+00 1.335943918722760415e+00 1.101558054955302346e+00
1.160752262052427763e+00 1.369804302867432488e+00 9.573130688609796657e-01
9.740249384142035671e-01 1.492101060949829083e+00 1.097069457072466170e+00
1.203048615824048539e+00 1.247536115697897241e+00 1.417239378626310886e+00
1.302864271299049248e+00 9.374959368736649479e-01 1.315960577040859114e+00
1.165983524747423949e+00 1.342923024045781011e+00 1.208120507809411492e+00
1.061151014764612599e+00 1.421438971995562461e+00 1.203640875477873351e+00
1.285545252000988903e+00 1.276279761786688338e+00 9.356642706805397003e-01
1.246829502075058382e+00 9.477583762250146870e-01 9.833429584475581464e-01
1.053880690820306887e+00 8.479358089272411858e-01 8.716755509321250095e-01
9.631845364431124157e-01 9.232628220028513688e-01 9.570965542731202369e-01
1.030908022411685332e+00 1.069389822852268246e+00 8.762977019647818500e-01
9.815817500171916121e-01 1.065151896640897933e+00 8.478213312644966582e-01
1.039938910510372683e+00 8.672551853423071666e-01 9.385330938834040015e-01
1.012623485630178788e+00 9.941351679509292660e-01 9.084150701321604959e-01
8.795366665705336429e-01 8.628521626867736716e-01 9.766963382116017334e-01
9.098527146884033412e-01 9.575383414001406024e-01 1.285344405094970943e+00
9.476805047576453145e-01 8.743830664664965502e-01 1.057397362000947805e+00
1.237257422538922347e+00 9.815038513375883289e-01 1.404355166290657264e+00
9.552564012879714017e-01 1.103825597904061651e+00 1.511012141070346093e+00
1.227291871773098952e+00 1.030851920710361691e+00 1.258346296255683727e+00
1.170598612436506203e+00 1.199327808503041659e+00 1.214748578863580342e+00
1.130073167628787179e+00 1.316251843593112758e+00 1.342113098740858046e+00
9.435854869611483009e-01 1.214215993029362339e+00 1.256075301642313180e+00
1.028281228647991208e+00 1.339009381802358511e+00 8.658112649999811783e-01
1.012621024675631087e+00 1.048848154109418784e+00 8.747763082265728185e-01
8.630952140037391196e-01 9.583864774749100146e-01 1.178951663500290792e+00
8.498016299554667086e-01 1.016193002084228914e+00 1.129659894044035662e+00
9.360633983404177405e-01 1.359847588871518242e+00 1.153197776178719325e+00
1.193344621713747111e+00 1.214198255211773159e+00 1.399480783962339769e+00
1.169976666279966437e+00 9.356844625760843970e-01 1.308407391696657873e+00
1.175445390281262048e+00 9.903041542299790834e-01 1.366775141309188646e+00
1.184189475015681614e+00 1.050856621247151956e+00 1.428365998820564364e+00
1.230007092384215683e+00 1.188916476391437493e+00 1.177272642668800939e+00
1.316791273409774421e+00 1.375454968756410157e+00 9.906133292086340969e-01
1.141870010823259562e+00 1.478522729171810379e+00 1.173983798434560022e+00
9.277994487950307345e-01 1.413975063465377824e+00 1.112038544911633675e+00
1.039819715234239883e+00 1.490901338089889672e+00 9.907767130429699920e-01
1.140153285322691223e+00 1.326547397942779538e+00 9.031732450523380917e-01
1.320232392508638997e+00 1.306211241160355696e+00 1.196882520837275976e+00
1.282531958384077075e+00 1.148806194112569790e+00 1.293796483605210046e+00
1.438892993918964303e+00 1.138237643700397594e+00 9.191403898057776134e-01
1.078229947193065197e+00 1.165280897576015828e+00 1.111893100738728934e+00
1.100307482741922360e+00 1.282355987436327949e+00 1.287319113612141575e+00
1.453098608101059730e+00 1.029120163881424688e+00 1.237386507405944913e+00
1.332455677387776039e+00 1.011617845850094621e+00 9.644488899828945749e-01
1.458576654541853257e+00 9.809094130247111298e-01 1.031723235681567541e+00
1.539840792422357385e+00 1.000784825642222042e+00 1.019108191176282929e+00
1.511484259770259353e+00 1.066533359018357441e+00 1.056931973437657435e+00
1.363586088936572072e+00 1.203062795288323716e+00 1.137372251253955246e+00
1.188782875271199302e+00 1.176095922641268166e+00 1.374629571321244637e+00
1.247589492655174714e+00 1.105357324331409652e+00 1.295050792875110934e+00
1.375001699934817578e+00 1.167661287678878779e+00 1.114648338302034469e+00
1.485794087793445239e+00 1.049216724072773221e+00 1.091660129773296406e+00
1.271677621484587073e+00 9.040491560002889004e-01 9.848727648403375889e-01
9.244259161887868892e-01 8.985942554082811951e-01 9.145007860559415391e-01
9.178844111125659122e-01 1.277564420116860111e+00 9.893051928442126997e-01
9.095386447608942992e-01 1.205181825631816528e+00 9.272787335455298097e-01
9.006690149333316242e-01 1.162714025294351528e+00 9.251936164447114308e-01
8.910155151340528601e-01 1.057324561456436607e+00 1.239137562275768989e+00
1.013860518889337703e+00 9.291567979451875736e-01 1.206345197793429413e+00
1.194269149143907249e+00 8.681408908769395749e-01 9.369261665503074710e-01
1.190714203300767826e+00 1.140944195860704502e+00 9.161315479243300475e-01
1.266496373976450318e+00 9.266313010674296358e-01 9.000777578407810342e-01
1.546421000563800385e+00 1.023705722956366193e+00 9.948720743861887428e-01
1.565172714005491406e+00 1.050507843479917769e+00 1.070083418953629018e+00
1.449466829121562217e+00 1.199920274876185022e+00 1.007717120241206965e+00
1.190370099876698173e+00 1.217529383188623360e+00 9.643349952965024618e-01
1.466220054557269004e+00 1.165135851104211362e+00 9.916212018515062621e-01
1.234601422088451805e+00 1.332445499468873029e+00 9.571450227684240586e-01
1.033193045154620515e+00 1.459994100502452596e+00 1.070570686386683734e+00
1.269779243767384269e+00 1.360444803124850610e+00 1.160565195647367931e+00
1.234985518381500169e+00 1.201637910713539092e+00 1.320448457433537781e+00
1.420370241174435000e+00 1.058386038149711661e+00 1.224749501591352541e+00
1.145839247151237750e+00 8.887935357451547391e-01 1.193132348214747340e+00
1.130431505654112545e+00 8.593641078543119427e-01 1.014991819958914077e+00
1.046475286529427784e+00 1.096079287561479987e+00 8.691310285282732861e-01
1.039698593881269506e+00 1.488234468628335527e+00 1.074227496253754133e+00
1.066729178900632791e+00 1.459460379602546931e+00 1.109256029907093932e+00
1.040871148577843242e+00 1.501486353182346578e+00 9.542214288837711500e-01
9.205301608671915270e-01 1.100226295323219805e+00 1.093538781839589857e+00
9.754661888435015582e-01 8.917927974117733081e-01 1.247472012959762067e+00
1.377949251027525301e+00 9.378973113838957598e-01 9.634342483175543093e-01
1.268025929423619358e+00 1.379242885272703445e+00 1.018588337117575016e+00
1.042427730777470973e+00 1.565970502968690559e+00 1.042680715799788160e+00
1.057985648685911606e+00 1.579722874567293323e+00 1.035806877835105277e+00
9.996943917142060432e-01 1.563329821520211604e+00 1.021305923493197154e+00
1.080527641162186470e+00 1.433566425217796203e+00 9.854352396799809233e-01
1.312779038579603874e+00 1.275041368975480927e+00 9.304554013000202461e-01
1.467896020878038721e+00 1.177578443636040806e+00 1.152662048180694843e+00
1.049835918272929991e+00 8.913246468419194768e-01 1.375053560502385697e+00
8.562927878224498857e-01 1.127580247899444110e+00 1.060146208657863687e+00
9.521122046778826009e-01 1.238077336711034926e+00 1.194697576790682003e+00
1.017773234625874546e+00 1.315136522512359019e+00 1.350214866197769759e+00
1.027147725535897616e+00 1.220265685116421750e+00 1.432745837726913107e+00
1.048419920655732085e+00 1.169251161658043880e+00 1.484799965152820533e+00
1.060542106175098365e+00 9.856162339655474280e-01 1.546073478823549951e+00
1.025141682643644581e+00 9.010093564327940063e-01 1.453682358396400254e+00
9.531638288170882767e-01 9.503097198154287772e-01 1.314812358310175400e+00
8.208247620243639409e-01 1.042011119006749142e+00 1.117613211020006325e+00
9.545460600569288800e-01 1.245259527617521123e+00 1.170331360320242986e+00
1.173197385020231520e+00 1.288020767903218733e+00 1.238012237612654332e+00
1.088301245035656617e+00 1.362760255364791506e+00 1.248307516731487876e+00
9.198065361568555920e-01 1.324524447300962748e+00 1.281725402492805976e+00
1.095218553085272717e+00 1.171849767466129011e+00 1.546127882673970166e+00
9.945621399990746125e-01 9.689555792903998821e-01 1.465983442313423035e+00
9.037376924846053372e-01 8.783960158549105612e-01 1.011167355691906522e+00
1.088541016741134460e+00 9.773289144043533216e-01 8.922918301569358057e-01
1.455470151863504924e+00 9.483620192167979690e-01 9.670988486597387190e-01
1.269195263080789227e+00 8.867961454613162431e-01 1.051302086627382115e+00
1.311441109238965730e+00 9.380418590350322328e-01 1.242625970620248488e+00
1.008549501264905945e+00 8.739879317536163317e-01 1.000231153823613495e+00
9.344029970905595173e-01 1.289375395575417027e+00 9.257398717076836814e-01
9.046730164590016665e-01 1.273227837594578471e+00 1.105822983060235742e+00
9.021892420545434277e-01 1.052181436261078851e+00 1.318314131972102121e+00
1.029649018701667362e+00 9.128903907826718678e-01 1.352337053308165338e+00
9.073270306619104497e-01 9.683408929196326564e-01 1.176767312069990412e+00
9.553495513460275035e-01 1.315484393404202645e+00 1.189176601845054027e+00
1.148320675611241404e+00 1.534357252622500001e+00 1.170887133592659390e+00
1.124005060507881515e+00 1.354284213216035981e+00 9.737127734099557674e-01
1.155422684069414396e+00 1.210023360859302732e+00 1.012466203369551954e+00
1.221051559330699421e+00 8.960368648380260259e-01 1.229191264721247290e+00
1.421726393395704724e+00 1.199499009700645047e+00 1.257923470001330646e+00
1.143568960256904132e+00 1.007528909047740839e+00 1.390842614970242197e+00
1.034956838171225302e+00 1.195468916578864338e+00 1.438988054172128050e+00
1.081440471932728187e+00 1.387901244948233526e+00 1.253693013965027525e+00
9.561755569465480997e-01 1.443975895160295675e+00 1.191422290683913587e+00
1.209046524875970530e+00 1.365366957543768578e+00 1.284046142204678054e+00
1.402067849439872171e+00 1.089961802783357747e+00 1.307910369462976119e+00
1.345132377358576603e+00 9.398082310829257713e-01 8.829890757402762969e-01
1.230953551965900283e+00 9.779212049244682126e-01 1.222057889037233558e+00
1.135573614286504052e+00 1.160573653266054661e+00 1.066870621821829790e+00
1.291561861516327570e+00 1.068294961712598967e+00 1.298396491384934404e+00
1.373472007606344247e+00 9.841696490831878252e-01 1.255810052570713431e+00
1.556559326666419052e+00 1.020122239275232490e+00 1.145301550838789595e+00
1.409493268905923191e+00 9.752614859677394277e-01 1.144988390329853889e+00
1.519492140884496578e+00 1.013703321899329435e+00 1.098702007624671850e+00
1.584439892988557919e+00 1.078421058638164176e+00 1.000204095467468468e+00
1.342595644806557909e+00 1.267437260089727902e+00 1.034528526763336620e+00
1.186261783852591734e+00 1.052548898423678159e+00 9.412849514178966981e-01
9.336007581126657406e-01 8.539679465430932703e-01 9.466734272774558479e-01
8.970660480248213720e-01 1.146319360129370191e+00 9.133650089423345220e-01
1.001698946508636334e+00 1.273310070677585726e+00 9.129061238127265110e-01
9.443786399207191318e-01 1.157511184413801963e+00 1.209430767509261484e+00
8.791417606763242132e-01 1.007460888744404759e+00 1.279433987079335644e+00
1.158892401118901239e+00 8.647767496138055732e-01 1.056712624985590265e+00
1.256482855023919987e+00 9.163584297938448531e-01 1.279831008546943094e+00
1.119152862901866774e+00 1.069005499051877583e+00 1.599791615181160198e+00
9.389470903072556496e-01 9.497802799937934415e-01 1.521531219068318341e+00
1.032735777684356870e+00 1.080647877916237398e+00 1.652371220959741871e+00
1.013620402399429743e+00 1.096398217101919315e+00 1.539352994680574183e+00
1.282099673170766119e+00 9.596597574669801789e-01 1.319605387600159441e+00
1.523390637227193478e+00 9.750615756975112847e-01 9.213947863998629417e-01
1.267230839173229429e+00 1.054661646848248369e+00 8.662167098589790282e-01
8.609760920450276744e-01 1.186911722121253510e+00 1.002182533744055970e+00
9.422600133974878833e-01 8.826368002036538707e-01 1.258849131589940162e+00
1.351249552064310189e+00 8.841366681996455368e-01 1.048898664927665703e+00
1.347329933669546564e+00 1.035439681895780062e+00 8.816311811531380993e-01
1.210949159991051571e+00 1.221470332882821364e+00 9.763860719362899010e-01
1.351850872913103130e+00 1.063875035766709054e+00 1.472228418036405806e+00
8.916397866452168142e-01 9.635714522116261005e-01 1.350249248408383451e+00
8.619864272383885861e-01 1.155380250501401918e+00 1.106239093573935683e+00
8.741388602852905310e-01 1.117542159597301632e+00 1.174623769821155461e+00
9.663240316374444028e-01 1.007457316955330917e+00 8.888332927030191399e-01
1.088748046354720111e+00 9.377063311725254424e-01 8.906891713035450797e-01
1.122173636181721390e+00 8.529911019170682840e-01 1.003883249405967737e+00
1.099050243457519116e+00 8.786227834193812702e-01 1.272358279578703177e+00
8.476366290695749317e-01 9.747720763089114948e-01 1.121865330382614934e+00
8.945003562846771672e-01 1.199527093526197463e+00 1.181141661636840645e+00
8.850967829833131795e-01 1.095018350977085442e+00 1.249149202939826342e+00
9.896799701209716416e-01 1.330603116037484934e+00 1.348214311019584777e+00
1.156271868682208881e+00 1.138831178290141244e+00 1.175146864819895054e+00
1.266894005053597949e+00 1.054086249399284858e+00 9.055303645343857344e-01
1.510407381985084729e+00 1.047062363381315642e+00 9.767290392271461563e-01
1.256469555879766276e+00 1.341705774310595345e+00 1.046390934827633235e+00
1.044345022375552823e+00 1.623713089952270483e+00 1.026523290141931666e+00
1.067009606381866149e+00 1.509345172451111772e+00 1.097064271238018751e+00
1.161094140138460684e+00 1.517863249127946901e+00 9.978661542293686404e-01
1.240917356441202379e+00 1.405841868097845726e+00 9.496559216788975633e-01
1.051638303660537010e+00 1.547144138812504677e+00 1.137745914230897437e+00
1.229902381008828760e+00 1.416535625264441434e+00 1.228874957514822119e+00
1.223116817129445089e+00 1.190935057425073218e+00 1.179966049808542694e+00
1.369796587782605268e+00 1.149665445845223566e+00 1.254806640977237153e+00
1.184493925788820290e+00 1.202459467593804066e+00 1.224023820281033847e+00
1.096532109354385387e+00 1.173686910485256307e+00 1.463602706194955472e+00
9.801293038451128758e-01 9.677453459320534135e-01 1.553225829861014651e+00
1.238806797222516742e+00 1.120256618990910003e+00 1.526197480917061533e+00
1.455789000960758806e+00 9.299782663780018499e-01 1.149794032304802816e+00
1.347919788280453002e+00 9.407537562653921492e-01 1.201339188990730777e+00
1.046209356013672931e+00 8.746408065298502121e-01 1.066826143587769060e+00
1.105112371733963039e+00 8.449778048515754758e-01 1.178518463023911833e+00
9.383309887234030366e-01 9.586333173385039874e-01 1.143846614363606129e+00
9.875869138463683194e-01 8.372875519047815462e-01 1.225615202895459221e+00
1.175218862313468504e+00 8.734880124966060144e-01 1.114621006595710728e+00
1.126578584598140642e+00 1.022569166106670702e+00 8.728261754893065216e-01
1.304654279280226481e+00 1.183049911122301623e+00 8.551711782577334775e-01
1.290554293357989879e+00 1.232342243707362561e+00 9.167125257322839005e-01
1.223599434344329939e+00 1.056643274523287213e+00 8.782970375195811030e-01
9.014397659545421160e-01 1.216676115497882904e+00 8.735674775513001533e-01
9.371534636723334311e-01 1.265241064227728307e+00 8.858262923657179710e-01
9.248030470667435443e-01 1.424140662526001133e+00 9.832092337300373242e-01
8.846148987427006061e-01 1.050317133321842844e+00 8.927736275117775788e-01
9.672325359461979577e-01 9.055314337791051660e-01 8.756325957463302334e-01
1.080354251277446220e+00 8.772168797579270594e-01 9.011249107452239393e-01
9.333480634824087296e-01 8.663756903940262877e-01 9.140858934291496984e-01
9.931291354163473972e-01 1.324384200283501123e+00 9.052565923979649654e-01
1.104778811473732913e+00 1.593635507296764287e+00 1.046545315176125701e+00
1.292327910050176110e+00 1.236784321203309167e+00 1.333069847530871987e+00
1.479178441597926996e+00 1.003507559043533837e+00 1.248010808015527218e+00
1.664678509734919931e+00 1.111188956266467853e+00 9.743737548238627921e-01
1.520310870967607420e+00 1.041397644463207373e+00 1.191327607097646402e+00
1.332388809537323748e+00 1.300487110567030591e+00 9.383236124619235285e-01
1.322506654541889315e+00 1.118288735037982429e+00 1.374130705944597519e+00
9.153828454988575114e-01 1.079444845971010869e+00 1.430363052911906019e+00
9.665377858120383081e-01 1.386008280713491025e+00 1.309889398992555076e+00
1.099103479118272553e+00 1.312528132820077076e+00 1.381051563485152789e+00
9.298266548837575973e-01 1.114060505429886438e+00 1.344486976843568771e+00
1.024258395730684335e+00 1.333901201608720610e+00 1.344575587284922547e+00
9.799386389838767863e-01 1.189907784041398742e+00 1.475645706257753043e+00
1.129239615431453903e+00 9.829834073419023710e-01 1.568065566292327961e+00
1.338356685816603608e+00 1.102604545677551062e+00 1.266130100796517555e+00
1.446435406480251595e+00 1.220819880234177868e+00 1.086792858032475717e+00
1.356820853339457011e+00 1.171576563571321561e+00 9.428958099098410095e-01
1.388760383140888788e+00 9.356984839118405173e-01 8.876649449196849506e-01
1.225874335637495927e+00 9.371207602236877321e-01 1.219212721741620875e+00
8.768468869398454713e-01 9.452078344627263817e-01 1.322490932300347977e+00
9.896011127469642732e-01 9.044301569775822225e-01 1.296773746752145628e+00
9.753091362268782039e-01 8.139458695536346822e-01 1.019949954147514548e+00
9.196849384773673197e-01 1.002626844799231032e+00 1.209330097003365134e+00
9.375947296402646902e-01 1.050068902322955244e+00 8.777394881633840962e-01
8.821222871898498630e-01 9.158140097100981869e-01 1.005954020309558938e+00
8.949616572378863433e-01 9.202192196720562212e-01 1.034899027227891954e+00
8.791622481476907280e-01 8.949738947925712784e-01 8.777082128648002746e-01
1.163932448772000861e+00 1.220405946217075321e+00 8.775134036293645856e-01
8.759455707621043308e-01 1.197836907890382108e+00 9.105172318924811270e-01
8.849262921236656920e-01 1.276947473412916256e+00 1.031142425827369591e+00
9.618071721715543143e-01 1.453908679325609965e+00 1.097195974420528630e+00
1.026506649703458063e+00 1.527099611305193338e+00 9.466703182568921848e-01
9.865848592862432875e-01 1.432308552538909874e+00 9.137735525329840902e-01
1.011033722335631158e+00 1.521971545609009047e+00 9.738289815898045765e-01
1.153742212967709957e+00 1.610798603284302688e+00 1.078130827696875071e+00
1.587895070657885599e+00 1.195418772077563307e+00 1.023952795665032056e+00
1.714767005331465644e+00 1.038182588296767683e+00 1.153202080498229476e+00
1.559201908839194184e+00 1.229766202028875099e+00 9.881732546264876405e-01
1.224546892896496209e+00 1.325889487401967992e+00 1.273540902532488639e+00
1.003409189172713711e+00 1.221558995464865127e+00 1.428751664373604013e+00
1.244927565154856586e+00 1.256697274090583960e+00 1.499039499626108496e+00
1.127650853356257699e+00 9.742378575876873281e-01 1.538068895476437659e+00
1.399747318134105800e+00 1.270222020756152315e+00 1.185928938505963481e+00
1.387375106137833658e+00 1.299867981827796948e+00 1.043789452410109231e+00
1.362726693702853487e+00 1.309816848363325903e+00 1.006541186158481427e+00
1.471806734423411589e+00 1.223151988695182268e+00 1.030206696647741449e+00
1.435561154936513484e+00 1.226828364463851129e+00 1.070036236134581653e+00
1.622557244101020091e+00 1.154336717230977527e+00 1.017257205141200549e+00
1.393414626414810398e+00 9.286158024593919036e-01 1.017935234902041630e+00
1.057200845354841601e+00 8.233059715009759527e-01 1.062622562652540958e+00
1.070577641086867038e+00 8.697473946011013979e-01 1.220080804017842357e+00
1.261956825492805745e+00 9.122783992247440743e-01 1.053650220410532024e+00
1.573411495980354236e+00 1.011799159101945289e+00 9.627843613684533564e-01
1.559457366436541648e+00 1.044401745170771667e+00 1.105186358802306090e+00
1.383337918849994130e+00 1.323423790918698550e+00 1.022177789765569722e+00
1.022426568736945152e+00 1.594627753188791353e+00 1.206385817598372157e+00
9.755070512074471845e-01 1.570532447528291353e+00 8.992988286172195478e-01
9.369883618816567949e-01 1.224572141839429085e+00 1.160614694040411399e+00
8.133722764930811922e-01 1.090309408773067812e+00 1.066275746339385266e+00
9.316862533679842739e-01 1.017524699355192297e+00 8.784874663520558791e-01
8.570980085224194633e-01 9.348342743171209612e-01 9.266497103115292067e-01
9.307106393603682415e-01 1.167135866930335109e+00 8.724009872036075919e-01
9.290963108168958096e-01 1.373050656766541699e+00 9.329051436234233607e-01
9.825916724197851781e-01 1.362493052053861842e+00 9.376577340586229603e-01
1.343780371168480592e+00 1.458980025239267286e+00 1.196439576755643275e+00
1.199955287360916723e+00 1.471904149498039160e+00 1.177984906618361860e+00
1.142781565741207261e+00 1.380049287593169360e+00 9.345551215174406900e-01
1.076708558106866498e+00 1.138577643369140802e+00 9.040322427270996997e-01
1.155961124699955933e+00 1.048592134442678070e+00 8.528969361064941967e-01
1.467093059356967322e+00 1.161108087277694656e+00 9.500097751260029311e-01
1.399055918979314139e+00 1.132668152988299148e+00 9.207292868853675927e-01
1.170179982753712489e+00 9.010284539327002573e-01 9.827739793914274102e-01
9.167911916666039440e-01 9.821097752171901174e-01 1.180432490228708442e+00
1.116240078899065846e+00 8.432034805476549266e-01 1.141588343077029055e+00
1.573650669186899220e+00 9.988179710342045547e-01 1.265922486266456204e+00
1.584553875056080807e+00 1.167279993683221884e+00 1.227083776261656434e+00
1.302263404691927029e+00 1.083828379948549525e+00 1.253827899304474247e+00
1.166415951455396005e+00 1.129524483458368200e+00 1.439241056927563545e+00
9.700018778325887325e-01 9.821928249767668540e-01 1.573700392748651256e+00
1.287627220153878538e+00 1.173490086940321309e+00 1.474373171086556855e+00
1.312361894535619466e+00 9.278788904951672523e-01 1.368827592470513110e+00
1.003002272847545173e+00 1.063022977804344071e+00 1.612422664135072292e+00
1.163793646919039970e+00 9.875040684254490220e-01 1.549853656289138515e+00
1.180844477604211740e+00 9.384017746130949300e-01 1.387263585541416377e+00
1.145480626609238328e+00 9.592237735159049317e-01 1.512223141528787451e+00
1.365981841129910057e+00 1.027492834302072167e+00 1.450259052006699356e+00
1.207752995601415025e+00 1.018068539261605787e+00 1.461573413090373252e+00
1.235131104119832512e+00 1.023017048879394819e+00 1.445023280549023070e+00
1.358813764766555909e+00 9.902967836143850011e-01 1.336613520279195333e+00
1.260225307288719954e+00 1.007325420643695013e+00 1.421544979789550522e+00
1.025716515733615664e+00 1.189567984350750063e+00 1.604851390216841533e+00
1.032121144401735968e+00 9.298075892976455092e-01 1.517737463049177338e+00
8.806886286651054441e-01 9.496323297368987060e-01 1.167688507772500994e+00
1.066762928871736849e+00 8.950596777060455533e-01 8.699054209859935494e-01
1.046307805670148916e+00 1.208757382646588274e+00 8.938355001685271972e-01
1.205550414060486464e+00 1.113057719349847652e+00 8.582002085509432554e-01
1.140405247783749854e+00 1.091081249146105270e+00 9.042876325400902582e-01
1.042438070884203816e+00 1.092640479806105347e+00 8.645899145662414575e-01
1.020755072495307170e+00 8.864722120301723463e-01 8.606518172153349022e-01
9.019151965907403756e-01 1.002626624097295416e+00 8.243502764382522052e-01
8.064880383233141714e-01 1.019105381675420086e+00 9.913553637897511983e-01
9.471697297169661134e-01 1.083120313183655981e+00 7.996875553523720148e-01
8.986406903584612804e-01 8.604284787515159572e-01 1.147361981281613375e+00
1.025907572822385427e+00 9.246114029989593863e-01 1.406356794431988355e+00
9.111385400643932098e-01 9.723812421099794490e-01 1.307889057327177307e+00
9.148895948649773402e-01 9.613960072045601990e-01 1.426580652095360113e+00
8.727009064138097072e-01 9.348744206159468328e-01 1.379665773033850407e+00
1.382223306286011200e+00 9.284778856824779103e-01 1.168168977093786420e+00
1.489912943860587813e+00 1.056932216116068357e+00 9.389244669310560232e-01
1.194227845225962703e+00 8.796105583156126340e-01 9.956229867542172318e-01
1.287382802854367458e+00 9.358411064818040748e-01 8.844525139317638285e-01
1.539561481418957545e+00 9.090096657538166980e-01 1.024234246454611030e+00
1.547381515351317294e+00 1.035407692489610287e+00 1.189638670916058683e+00
1.572169693701163107e+00 1.176275208418278595e+00 1.136213206103364293e+00
1.517755342878159830e+00 1.228913895030729675e+00 1.122591116242561693e+00
1.220860040457765638e+00 1.302291634678797383e+00 1.239120535401783352e+00
1.199892902895234092e+00 1.491169007598915908e+00 9.752317304186685076e-01
1.423588156260012783e+00 1.325139224907606383e+00 1.227106082815299537e+00
1.183647238389882617e+00 8.660384758169553665e-01 1.115984010989029773e+00
1.127144955881397737e+00 1.095196670783614046e+00 1.124413208906132278e+00
1.080724494106459543e+00 1.072985149881199751e+00 1.114674966048158966e+00
9.232581312767023096e-01 1.256552215791277627e+00 1.270808370804872522e+00
1.033677258450500069e+00 1.237665791226694623e+00 1.219267412415071972e+00
9.854453684368608135e-01 1.351352230485140193e+00 1.089786436690916682e+00
1.041297957299323951e+00 1.395303934216786335e+00 9.154518493560753756e-01
1.356250163179092638e+00 1.508196093387253134e+00 1.072793322876591571e+00
1.158534058290199287e+00 1.476540199986441371e+00 9.159618221503141866e-01
1.250964024351993498e+00 1.388084022097215264e+00 1.136138254298430184e+00
1.234939601646902974e+00 1.473001665447447150e+00 1.187893301029253390e+00
1.066249300430261115e+00 1.647211107795558016e+00 9.924320386558682650e-01
1.059488580450972606e+00 1.396112147390411229e+00 1.333868455130924113e+00
9.099376531020902936e-01 1.268716146984140369e+00 1.308670419364486248e+00
1.107329560511108868e+00 1.019699245532734722e+00 1.731543355340483537e+00
9.071959850718801510e-01 1.148087636937107581e+00 1.509958550086579310e+00
1.041980329865590305e+00 1.424663156890090931e+00 1.388573691796111120e+00
8.648129284299809205e-01 1.092799296264804987e+00 1.379688395062720341e+00
9.259895068315561195e-01 1.281155001078783995e+00 1.398365482529796422e+00
1.029477240268076965e+00 1.210336260295168609e+00 1.575381382321819679e+00
1.041908422737797046e+00 1.274847897811514752e+00 1.426383046983735525e+00
9.687670699802131136e-01 1.151839244427072639e+00 1.138541563729836170e+00
9.320191492849829729e-01 1.113276679328820462e+00 1.084279885352821493e+00
1.205549371956301741e+00 1.074450570045450748e+00 1.086457536947668334e+00
1.113847375108364623e+00 1.159765983623578300e+00 1.290144874344798964e+00
1.253809678448479792e+00 1.215476005623621791e+00 1.262707849680138050e+00
1.240027096163684561e+00 1.346026112262609375e+00 9.737080713139801835e-01
1.031915257368025474e+00 1.639488224876265221e+00 9.665539408766081753e-01
1.105091169667652418e+00 1.525901650083484107e+00 1.275083461271701468e+00
1.104306301329587070e+00 1.464848317390796240e+00 1.248097140303028763e+00
9.957875157821542977e-01 1.672721264788730622e+00 1.107089690836394746e+00
1.034268339507156131e+00 1.630199506932932918e+00 1.067853430056456165e+00
9.259424440416464952e-01 1.366356175770008230e+00 1.197764138641071563e+00
9.076248664957127232e-01 1.247566777469301336e+00 1.293589497419869838e+00
1.141368445195427572e+00 1.147804199664395508e+00 1.368148034582606254e+00
1.247353236098694307e+00 1.258006102793047365e+00 1.443670325097148766e+00
8.752561013737188977e-01 1.239253339486102723e+00 1.373237292530680609e+00
1.315752234362383533e+00 1.018596453972477001e+00 1.174854716532151011e+00
1.453449644221162851e+00 1.121366514508249423e+00 1.003781489952010775e+00
1.412748168000805826e+00 1.373084114551360368e+00 1.176812271837866852e+00
9.452637085014633511e-01 1.483296238896814501e+00 1.111092129303981046e+00
9.442724165991005503e-01 1.505421404074241298e+00 1.051437108141314747e+00
9.317310376088169255e-01 1.319830507174402090e+00 8.814108374861292505e-01
9.228070759241560062e-01 1.402325725345017204e+00 1.151218434934199397e+00
9.420327723696323430e-01 1.234176812155003189e+00 8.987269501935131188e-01
9.061192884475137710e-01 1.358510718218473245e+00 9.976919632256825432e-01
1.031232547220695350e+00 1.441201495913896125e+00 9.336090148030571356e-01
1.035077012546703923e+00 1.753734966193452260e+00 1.136368853466158457e+00
1.245082207280516773e+00 1.371632977396208375e+00 1.251074381636331223e+00
1.180291163110236630e+00 9.786037737819521798e-01 1.636288522192296258e+00
1.106929269417642026e+00 1.369885815160283737e+00 1.422686949016632063e+00
1.171472153660788384e+00 1.433441427544552393e+00 1.159414801880832124e+00
1.203170383577839564e+00 1.455512884604343027e+00 1.023401102050905065e+00
1.184904593254687777e+00 1.579876957103063750e+00 1.118119363305033920e+00
9.722279985183365225e-01 1.448058755147264565e+00 1.172833136084860506e+00
1.019299420521660560e+00 1.308583092980446727e+00 1.461160591333023451e+00
1.032266180442031889e+00 9.664017637696997731e-01 1.658151460689899492e+00
1.053441501446318762e+00 1.145498713083940245e+00 1.657194704398503804e+00
1.158452090886655572e+00 9.525445642805429047e-01 1.504545506640598829e+00
1.078463352577071488e+00 8.503659596095365369e-01 1.260976266154817171e+00
1.137072335751551533e+00 9.535948243354140930e-01 1.162641499148407087e+00
1.078116436569196201e+00 9.286482017685129264e-01 1.060181165871481923e+00
8.647390104101939645e-01 9.946156862514947683e-01 1.012601914456553232e+00
8.799999364141228853e-01 1.188775403144670673e+00 1.149735802488511816e+00
9.120492238829401854e-01 1.260987349032415050e+00 8.977390058198468914e-01
9.430822497183842801e-01 1.442665713047309062e+00 9.603144572351081099e-01
1.063549490083168569e+00 1.417090092628308096e+00 8.757613077056692896e-01
1.293392470240782410e+00 1.483840735532109933e+00 1.085628556653370991e+00
1.220548843797747196e+00 1.509074457181105888e+00 1.115927721529985872e+00
1.139610408484674320e+00 1.575824759814804965e+00 1.002263030797010623e+00
1.370646121524603078e+00 1.440767609100970237e+00 1.014311340335841249e+00
1.598173059440148425e+00 1.224982843644681019e+00 1.017519441195693819e+00
1.448691291980704232e+00 1.048669694194988677e+00 9.274632536473076394e-01
1.004856594246979151e+00 8.169895988011350862e-01 9.268415245252553669e-01
8.567658371709314657e-01 1.284683579835191436e+00 9.366628083485047940e-01
8.758816525368218198e-01 1.219631471045148796e+00 1.108184985728752681e+00
8.525187405362090187e-01 1.001675952725190388e+00 1.067299398058649818e+00
1.098327826238606919e+00 8.954794949120620240e-01 1.350778016743273025e+00
1.311010299216053498e+00 1.015191084029128277e+00 1.403786944653854452e+00
1.467256986569068999e+00 1.333135048775451637e+00 9.183492449650115796e-01
1.147533699866624568e+00 1.074349714627223840e+00 1.174879753559989970e+00
1.103654030114240792e+00 1.209180656651774433e+00 1.060987555558364992e+00
1.434736946622404252e+00 1.153276025199989396e+00 1.287018873185618695e+00
1.435251558716086562e+00 9.174201725817056063e-01 1.236692822133760084e+00
1.405778020401972084e+00 9.039927391340278895e-01 1.017746220452551364e+00
1.446761060252707898e+00 9.328283100918826065e-01 1.102210792077741974e+00
1.288178747986843398e+00 8.999657184768978802e-01 1.194868451904018469e+00
1.191515535521345370e+00 8.514694336428588750e-01 1.098921606488055369e+00
1.403028283203869186e+00 9.219882822529976707e-01 1.020004395073879744e+00
1.706969068695456393e+00 9.610656257944257819e-01 1.113850828313545760e+00
1.657035103974978218e+00 9.443910532271729830e-01 1.079921710593225948e+00
1.770720947596093664e+00 1.069682839388783391e+00 1.063173687844993553e+00
1.562508647126547912e+00 1.041438142858282845e+00 9.350130533150706746e-01
1.687125084338465308e+00 1.064344225734783045e+00 1.079521570924936169e+00
1.759706170095776567e+00 1.033505878159576952e+00 1.005645601047630677e+00
1.522779028847613958e+00 9.135693306297277827e-01 9.982498732089732929e-01
1.057547343069939805e+00 8.839913168383138897e-01 8.597000506553063026e-01
8.413981629062500245e-01 1.236316221670139770e+00 1.027870331253897707e+00
8.791614701837543455e-01 1.271784402589891227e+00 1.013109277327604030e+00
8.559317212023225263e-01 9.844232361508439277e-01 8.925348468321513407e-01
9.036575092250113128e-01 1.133399983824219026e+00 8.465546340974472450e-01
8.346921395663969845e-01 1.103330633892720014e+00 9.672174030139223389e-01
9.764539724689216271e-01 1.121715369864273670e+00 8.281357620726295110e-01
1.145249699996401027e+00 9.140612984622483728e-01 8.939053688368974182e-01
1.396942311964164851e+00 8.989550496803615509e-01 1.064684100007893486e+00
1.561068248163075767e+00 1.007720093022045793e+00 1.212154500977723925e+00
1.498185271007148378e+00 1.248981239168356128e+00 1.235309175849878205e+00
1.299589722545827053e+00 1.201644087884417456e+00 1.025947475872172721e+00
1.294507465412823466e+00 1.109494467866461331e+00 1.025048680015462121e+00
1.232941518178688911e+00 1.125875359014896437e+00 1.239325338716205982e+00
1.435423290528455409e+00 1.137863495820291559e+00 1.231292347556599331e+00
1.385716629492293128e+00 1.240927761226059856e+00 1.288198597594814254e+00
9.970290331004639794e-01 1.458937926332708024e+00 1.444650204714739594e+00
1.286801907856129246e+00 1.318513953846726761e+00 9.520176752761566608e-01
1.449929099097455598e+00 1.318765837839745547e+00 1.205077337189391251e+00
1.192842399571939049e+00 1.352474113948823220e+00 1.308013842940341398e+00
1.123484540246303398e+00 1.306588090970392635e+00 1.427738366083448396e+00
9.692500947537928679e-01 1.195175297279421178e+00 1.482289627466176318e+00
9.334334911902624210e-01 9.128235944394035295e-01 1.485580624847399944e+00
8.886150222675712751e-01 9.092833353794744777e-01 1.263468004621170149e+00
9.871997428096890292e-01 8.857424215068029349e-01 8.092271922582028321e-01
9.579848932254437788e-01 9.498572235969261479e-01 8.378955029149331990e-01
9.390072944692166024e-01 8.271168293324235865e-01 1.007562119988455684e+00
9.228713886293511415e-01 9.041162281668903011e-01 8.467655933508042576e-01
8.452541886527769055e-01 9.037659497092810357e-01 1.006713960149621334e+00
9.124346052054455036e-01 8.955917208390163919e-01 1.216825295822133279e+00
8.681419141257681327e-01 8.570634226019618884e-01 9.225069332281702339e-01
8.674367025746698712e-01 1.055764476583922917e+00 1.041301072540089301e+00
9.132268146194010283e-01 1.138157413054696088e+00 1.382370523975614995e+00
9.045988873888358706e-01 1.067597626735313332e+00 1.482234023785639065e+00
1.215826118713976500e+00 1.123407110856591951e+00 1.696992397338397129e+00
1.159813023187204362e+00 1.233805454628582599e+00 1.505263722309161389e+00
1.306471750611532645e+00 1.312127583469065328e+00 1.194243379550461448e+00
1.235289258811758550e+00 1.142286964332946297e+00 1.081186823051132118e+00
1.081530004827779390e+00 1.150224027623411693e+00 1.170736487234513179e+00
8.959711223715738360e-01 1.377102851324965682e+00 1.068653265533331620e+00
8.941776506099295974e-01 1.127072296245960503e+00 9.931403193042992461e-01
1.017448640569843299e+00 1.108339615300614422e+00 9.090566779273621112e-01
1.130819647696200247e+00 1.079869362921399567e+00 1.058038254212027240e+00
1.142428866933427045e+00 1.183561878258701405e+00 1.294255377705818555e+00
1.197488647669255890e+00 1.209537403722471316e+00 1.374030155436455347e+00
1.090922754938912442e+00 1.010338094599051662e+00 1.698307140319944564e+00
1.055673941536711569e+00 1.137570529681880327e+00 1.623694328993980251e+00
1.019338630858183992e+00 1.189063773869300178e+00 1.533088383384808351e+00
1.027228040493213479e+00 9.987738407968722587e-01 1.681352786498592433e+00
9.755188247269473978e-01 1.139120343722071604e+00 1.650503987114064985e+00
9.530088895589816644e-01 9.571167884208104937e-01 1.425921584911852280e+00
1.225695622167965348e+00 9.180567108855830494e-01 1.410875057661054477e+00
9.334263063271210914e-01 1.056222962021342582e+00 1.605778428873862795e+00
1.048270550244530641e+00 1.001756935038924379e+00 1.740140685931286013e+00
1.002533201735044566e+00 1.095440171630950310e+00 1.632440305821873938e+00
1.407079789082249288e+00 1.040203840081441955e+00 1.371876428496791256e+00
1.539712236228034659e+00 1.068826376027091740e+00 1.323772996438776550e+00
1.309773245974010347e+00 9.212228762101449808e-01 1.328150483723379516e+00
9.182480552076164315e-01 1.032913231197780668e+00 1.311723177231659321e+00
9.365404682799167713e-01 1.183383593966883751e+00 1.109085951649280588e+00
8.573305095780003882e-01 1.026125704324127419e+00 1.133743344731740654e+00
8.261175887160047138e-01 1.092376375870237393e+00 1.168313310307246056e+00
8.951471657575054142e-01 1.183352304951409195e+00 8.738000521817493871e-01
8.436656744245869533e-01 1.114016913421465693e+00 8.889247518867561260e-01
9.320071970528860383e-01 8.453557084905976016e-01 8.901765217177676215e-01
1.108736865554551754e+00 8.292714718475052704e-01 1.123367878450886703e+00
8.322829054765836787e-01 9.293127936076703843e-01 1.017180124762215421e+00
9.337241183128176525e-01 8.479930971002467288e-01 1.199348942993005318e+00
1.289650937636920514e+00 8.856552969410848020e-01 8.642007302448501127e-01
1.443890422625504266e+00 1.291084177628075702e+00 9.923027976582271537e-01
1.529718284844455711e+00 1.293212476324422155e+00 1.020941764473905389e+00
1.630600966615405545e+00 9.939264040470046080e-01 1.120291235648646300e+00
1.759056613702215222e+00 1.060872594342497921e+00 1.058405551320751536e+00
1.513568334468934795e+00 1.122676109393362820e+00 1.109004569729030498e+00
1.099902322543701016e+00 1.446645320266561452e+00 1.157034259151721534e+00
1.253562704509675774e+00 1.378886830804176622e+00 1.334644808032105390e+00
1.513779113632799378e+00 9.746744400548048581e-01 1.292140785837101680e+00
1.327425713285692810e+00 1.164155846770685621e+00 1.378530781747416833e+00
1.393403585525968991e+00 1.136266267646966144e+00 1.364419560354304783e+00
1.430458928526414653e+00 1.003871042198973829e+00 1.398250129154660293e+00
1.190012271333132254e+00 1.054486679670883387e+00 1.591145570408568188e+00
1.235584908134644166e+00 1.115287439860091157e+00 1.555406057474258974e+00
1.246153730173776397e+00 9.840550126236042860e-01 1.498664570381211147e+00
1.067123907311777975e+00 8.387847516317386010e-01 1.259959038866701242e+00
9.777785679434835009e-01 8.431770969435689045e-01 1.147937360171501275e+00
8.424499517795410730e-01 9.565478543567399461e-01 1.149979512178899599e+00
9.108092053626849482e-01 8.163907981132138003e-01 1.093568653181014483e+00
1.280419308396941958e+00 8.603901387179286875e-01 9.136465120224359637e-01
1.349252303584281165e+00 9.188964238615592306e-01 9.087825965479194856e-01
1.201079432529272184e+00 1.259154055369569924e+00 8.986274165617802456e-01
1.098046267549832145e+00 1.550358119797062173e+00 9.443457762773947994e-01
9.998095001866480480e-01 1.739618623768801831e+00 1.025866201855732962e+00
9.239792748518310672e-01 1.428571736817723314e+00 1.225841115504066048e+00
1.056998465285901911e+00 1.575295004535822052e+00 1.279031786619048816e+00
1.064076520305179407e+00 1.705021639028371228e+00 1.079063771162768859e+00
9.396617388064255616e-01 1.457733815967695579e+00 1.268609300420298958e+00
9.893309702910795256e-01 1.468024749139771101e+00 1.341553534767073286e+00
1.042087650295083545e+00 1.691139779615168370e+00 1.203918271978228649e+00
9.601445678610035506e-01 1.548953050135721377e+00 1.091418967935132045e+00
1.084330436708543122e+00 1.627228137712731781e+00 1.290840465391627001e+00
1.167209946266130727e+00 1.244515106434309626e+00 1.225517374926782033e+00
1.015788314157974881e+00 8.759643636183206405e-01 1.135968110319694580e+00
1.201788267598659532e+00 9.078365803748651430e-01 1.064858714903140102e+00
1.221795497739004865e+00 8.470475844612882499e-01 1.202431680384226764e+00
1.038298633328260445e+00 9.566697873607584723e-01 1.459159459400001246e+00
9.974915048620234259e-01 9.585971707357370253e-01 1.583371732816172495e+00
9.020752865468978365e-01 1.145320388747385509e+00 1.503998130357521390e+00
1.040314657615676541e+00 1.394105251649476962e+00 1.492961793569730800e+00
1.284724510161082467e+00 1.458580381514568591e+00 1.249532243344344540e+00
1.288250178544422475e+00 1.384919149862185117e+00 8.808330095221750256e-01
9.350909807556088138e-01 1.503727315523980312e+00 9.437358006130857069e-01
9.048848109213174506e-01 1.342304832056810948e+00 9.545168585147675300e-01
1.313689417850352203e+00 1.528540529577671947e+00 1.051764182749248322e+00
1.433089570900646148e+00 1.396398580859241401e+00 1.013573871767350587e+00
1.489386457063326175e+00 1.328837470557425959e+00 1.177501573159813741e+00
1.476910758222947040e+00 1.104230368911145455e+00 1.231219360745127833e+00
1.400461234841805291e+00 9.523652939370117476e-01 1.148512940456008824e+00
1.365307539285516070e+00 8.907842517346687972e-01 1.111778175660190549e+00
1.608623430297082768e+00 9.970589885655055662e-01 1.175401516627035736e+00
1.623663045858872778e+00 9.752839508794849399e-01 1.056300488393228321e+00
1.659937105250483214e+00 1.079838557168626201e+00 9.510184058941377749e-01
1.630380873930725283e+00 1.172314193452658859e+00 1.121377178626136839e+00
1.630517286457603854e+00 1.164693054908968017e+00 1.123382486888604204e+00
1.324433362180215124e+00 1.330452999514590617e+00 1.189537105114021331e+00
1.296447623858748344e+00 1.107803029169447617e+00 1.120478089514838960e+00
1.083378836676171186e+00 1.265539070099443109e+00 9.014812475431697170e-01
1.276866645117679333e+00 1.121238435300923264e+00 9.962721632515113557e-01
1.336709564746455303e+00 1.132776866338040866e+00 8.598413367203080471e-01
1.411476886692869526e+00 1.083366210256260231e+00 9.163989165199694087e-01
1.086450894825311986e+00 9.958047550682932458e-01 8.393281006950055190e-01
1.273831981638201327e+00 1.118185887308437820e+00 9.058454857015212358e-01
1.155620917512918178e+00 9.960848884114215096e-01 8.365535486817662347e-01
1.081640374546271044e+00 8.433430918087497785e-01 1.103663711162112593e+00
1.049306674323397859e+00 8.957841560121785340e-01 1.371120862470822210e+00
9.042969008966036393e-01 8.978427351537637824e-01 1.411375485680337327e+00
1.367299359703128436e+00 9.061754842212179639e-01 1.251648019830548630e+00
1.578153379081133512e+00 9.214607528080022147e-01 1.036580959562500626e+00
1.589961892546314148e+00 1.019450029267441993e+00 9.397862654249528047e-01
1.761775772437453869e+00 1.015543492225907674e+00 9.917028813347664729e-01
1.566516434661133772e+00 9.671839748267780923e-01 9.601423123529506665e-01
1.202049705416247782e+00 8.636540826015169925e-01 8.750787720780522916e-01
1.170849815025494900e+00 1.042624503816291126e+00 8.700095438908959089e-01
1.035860450441129288e+00 1.200588790661629268e+00 8.628098954896161743e-01
1.296517716479915761e+00 1.292979239914481271e+00 9.081806648167458640e-01
1.551023965493065315e+00 1.223101553787301787e+00 9.518004832297509710e-01
1.457107285181933554e+00 1.377191396600292883e+00 1.040355968911615525e+00
1.164646542014270203e+00 1.658540274489598287e+00 1.023385657617589484e+00
9.824818477510347536e-01 1.719462648540044825e+00 1.128203532469018056e+00
9.077313007017824287e-01 1.548828192523651337e+00 1.178853689820005268e+00
1.187967337578103244e+00 1.506971091468776169e+00 1.297022022939746888e+00
1.079566199571880381e+00 1.508396922585057531e+00 1.256351575641032392e+00
9.443336419168245621e-01 1.381446387187282854e+00 1.319394263798577605e+00
8.974919176321115577e-01 8.375985924210871403e-01 1.276886688379072599e+00
1.231126815393293494e+00 1.057803379443321479e+00 1.183737290993428948e+00
1.102641888405713866e+00 1.329780778523175444e+00 1.147691145869189633e+00
1.040281067308008511e+00 1.657693964169478118e+00 1.283043869639710399e+00
1.120372841744862180e+00 1.443385861823043514e+00 9.701141112525843990e-01
1.161946637466148013e+00 1.460520059891413203e+00 1.037689943056253394e+00
1.167264224049802124e+00 1.345987949098793601e+00 9.296387078319394703e-01
1.281029389405807128e+00 1.654815823693199794e+00 1.090023100560379321e+00
1.022859100356581674e+00 1.642402829117351803e+00 1.000328272584476430e+00
1.048492155951922022e+00 1.686739787574285110e+00 9.502483822780606326e-01
1.073872554589654138e+00 1.758587597625696830e+00 1.141835758801443390e+00
1.374617084018591395e+00 1.517674487459874211e+00 9.879027596020505397e-01
1.323128961834310280e+00 1.286721969175606661e+00 1.186366900824613602e+00
1.486745339686909473e+00 1.039469674109269937e+00 1.447979945169152849e+00
1.219629443646907507e+00 9.739615360482549722e-01 1.519381093619816436e+00
1.223082938255244168e+00 1.082080592879585579e+00 1.595771416374639262e+00
1.013803765564422532e+00 1.269930828879089812e+00 1.535555017373702036e+00
1.047127574890992951e+00 1.202933452227523015e+00 1.630459936125444154e+00
1.317600010206645189e+00 1.116666606153148722e+00 1.354179904888564323e+00
1.458061729339674928e+00 1.208807390411066773e+00 1.287764302310704156e+00
1.510563917533402245e+00 1.042321501383920657e+00 1.272758823120962113e+00
1.425191807967042923e+00 9.123746084452177829e-01 1.300624709155510983e+00
1.401377661154676213e+00 1.024787268213346980e+00 1.432422291529841907e+00
1.498380675671823870e+00 1.088718161393093631e+00 1.430135812247289362e+00
1.603127078916975812e+00 1.145112622883765141e+00 1.152446981070943455e+00
1.772347229423685055e+00 1.054744054308089485e+00 1.069435640209055460e+00
1.617771158897188366e+00 9.805474021242319704e-01 9.077171240065534663e-01
1.247819498543665473e+00 1.163903175905953713e+00 8.972800155497882013e-01
8.797878860590874206e-01 1.434580400259846567e+00 9.662004258290668446e-01
1.098320765588572945e+00 1.797093608597954972e+00 1.053118831196918626e+00
1.226720471075236407e+00 1.548414616969812752e+00 9.097101078782180439e-01
1.373084400144966910e+00 1.388220349215685490e+00 1.286897008726889169e+00
1.249703450696390217e+00 1.070463793206533065e+00 1.471389234229754761e+00
1.048328540289937827e+00 9.779656386036972293e-01 1.300469991777272183e+00
9.359575692528304680e-01 1.296944797028435126e+00 1.233028364929147580e+00
8.782404372103221890e-01 1.255875710725790961e+00 1.000911447094910534e+00
1.157506171957773278e+00 1.412852797368684188e+00 9.119869370988826773e-01
1.624395816368676249e+00 1.179122879398653678e+00 1.002819236180388263e+00
1.849334590931261735e+00 1.024807224097204594e+00 1.078180064328287502e+00
1.551952476505860545e+00 1.278333464852171808e+00 9.925549845789543024e-01
1.295031740182529978e+00 1.354657498388745607e+00 9.401518434314151129e-01
1.192701363997463737e+00 1.570016853560578518e+00 9.435849076940490132e-01
1.120241253039797380e+00 1.618064448588174775e+00 1.188716942198675408e+00
1.193554305323569764e+00 1.761946587626462168e+00 9.936337093191880410e-01
1.025292022523013991e+00 1.590014342125213309e+00 1.243614367046862679e+00
8.851259652191554306e-01 1.064240013722392408e+00 1.181153293025334339e+00
1.026670093045152665e+00 1.393482697924342206e+00 1.487004264378913643e+00
1.198015031824617438e+00 1.213135500000619871e+00 1.516836743372737883e+00
1.466131692491807748e+00 1.187986070749269096e+00 1.235692555766355394e+00
1.573580261855310525e+00 1.244868735036571694e+00 1.116707309417917182e+00
1.385717119876596515e+00 1.136077625715349759e+00 8.932158511585526206e-01
1.275023126317660571e+00 9.129366810102237384e-01 9.052493690777341229e-01
8.447719745787524159e-01 9.028073955952053975e-01 1.093940019377186657e+00
8.202465837558893247e-01 1.127293702944375697e+00 1.130088489577252719e+00
8.487275059705021718e-01 1.028012923460271066e+00 1.220043302697056298e+00
9.748218010053446569e-01 1.262449542922056356e+00 1.514769006820770869e+00
1.194982763206217991e+00 1.288680928646203760e+00 1.420987218291010157e+00
1.371690457158130538e+00 1.468549433243346192e+00 1.052115023315915110e+00
8.884388955075168681e-01 1.560195977461801720e+00 9.251761222693847264e-01
1.010085798541543678e+00 1.586153570023161041e+00 9.884665097830551694e-01
1.080249931857061085e+00 1.823229466606637095e+00 1.060111106189186359e+00
1.117330555526685920e+00 1.617893590317355024e+00 1.028234392345013459e+00
1.410558468048382474e+00 1.312134565987428170e+00 9.871245089027366193e-01
1.470467184701163443e+00 9.061452952934830885e-01 9.373794479142100178e-01
1.109674127275968480e+00 1.192582818337756256e+00 8.824025530007305607e-01
8.768029794604457194e-01 1.269063121008577211e+00 8.886294123145744850e-01
8.988284194589647447e-01 8.593279309557599888e-01 8.777760616143933659e-01
1.294139405297956902e+00 8.675246902230281387e-01 9.211518258580297935e-01
1.531508259325643495e+00 9.865701416394478951e-01 8.962816920682159516e-01
1.372299260369928664e+00 1.138043715902627540e+00 8.986567905682273372e-01
1.228112058486485747e+00 1.053056127367166805e+00 8.641236315623234132e-01
1.126187077655945945e+00 8.675755922932114617e-01 8.769988864811246732e-01
9.347123992582725416e-01 8.396019717191888221e-01 1.026097117423359295e+00
9.059383962825360292e-01 9.936987303237835301e-01 8.748958511909619151e-01
8.770264440104825754e-01 1.016606501998486678e+00 8.491242583440051783e-01
1.002091228942369572e+00 8.717691889918732784e-01 8.774283173043117001e-01
1.193037664485865124e+00 9.949340424598522858e-01 8.537714138840454270e-01
1.082363628690937496e+00 1.105649310420156795e+00 8.256335046488038065e-01
1.196222380077059277e+00 1.514203379762640633e+00 9.909270253104897064e-01
1.235264611491946773e+00 1.555504761878896636e+00 1.070552418141898166e+00
1.335506514455229832e+00 1.359848541033458647e+00 1.174338661372528181e+00
1.262272935154744147e+00 9.911286785267340305e-01 1.291640337968372521e+00
9.429436718974928411e-01 9.604866890949513847e-01 1.321934594364334581e+00
1.112513021330797880e+00 1.104343625175628452e+00 1.791438315852285079e+00
9.809480238837257060e-01 9.460195523417629371e-01 1.608814266117646774e+00
1.071067069418601081e+00 1.073831682111589636e+00 1.807399853025030589e+00
9.624866917573190461e-01 1.169480426212751167e+00 1.618186136541918119e+00
1.354737170288213166e+00 1.051947131577843919e+00 1.532473793456236022e+00
1.213492966988451771e+00 9.882721891080261667e-01 1.551752872201347611e+00
1.060725755781315893e+00 9.220266766823750348e-01 1.611038825495773263e+00
