Time[ps]      Etot[eV]     Epot[eV]     Ekin[eV]    T[K]
0.0000       -1535.6490   -1535.6490       0.0000     0.0
0.0100       -1535.6443   -1535.6473       0.0029     5.6
0.0200       -1535.6450   -1535.6480       0.0030     5.7
0.0300       -1535.6399   -1535.6441       0.0042     8.2
0.0400       -1535.6334   -1535.6375       0.0041     8.0
0.0500       -1535.6330   -1535.6366       0.0036     6.9
0.0600       -1535.6313   -1535.6333       0.0020     3.9
0.0700       -1535.6227   -1535.6342       0.0115    22.3
0.0800       -1535.6204   -1535.6367       0.0163    31.5
0.0900       -1535.6287   -1535.6417       0.0130    25.1
0.1000       -1535.6148   -1535.6433       0.0285    55.2
0.1100       -1535.6154   -1535.6461       0.0306    59.2
0.1200       -1535.6197   -1535.6440       0.0243    47.0
0.1300       -1535.6131   -1535.6427       0.0296    57.2
0.1400       -1535.6050   -1535.6436       0.0385    74.5
0.1500       -1535.6010   -1535.6334       0.0324    62.7
0.1600       -1535.5874   -1535.6228       0.0354    68.4
0.1700       -1535.5830   -1535.6333       0.0503    97.3
0.1800       -1535.5875   -1535.6274       0.0400    77.3
0.1900       -1535.5941   -1535.6385       0.0444    86.0
0.2000       -1535.5837   -1535.6288       0.0451    87.3
0.2100       -1535.5864   -1535.6289       0.0425    82.2
0.2200       -1535.5850   -1535.6308       0.0457    88.4
0.2300       -1535.5847   -1535.6107       0.0259    50.2
0.2400       -1535.5786   -1535.6191       0.0405    78.3
0.2500       -1535.5860   -1535.6257       0.0397    76.7
0.2600       -1535.5938   -1535.6228       0.0290    56.0
0.2700       -1535.5915   -1535.6333       0.0417    80.7
0.2800       -1535.5812   -1535.6153       0.0341    66.0
0.2900       -1535.5864   -1535.6206       0.0342    66.2
0.3000       -1535.5785   -1535.6094       0.0309    59.8
0.3100       -1535.5789   -1535.6077       0.0288    55.8
0.3200       -1535.5792   -1535.6208       0.0416    80.5
0.3300       -1535.5885   -1535.6210       0.0325    62.9
0.3400       -1535.5684   -1535.6055       0.0371    71.7
0.3500       -1535.5621   -1535.6020       0.0399    77.2
0.3600       -1535.5646   -1535.5859       0.0213    41.2
0.3700       -1535.5506   -1535.5890       0.0384    74.3
0.3800       -1535.5516   -1535.5831       0.0315    60.9
0.3900       -1535.5610   -1535.5866       0.0256    49.5
0.4000       -1535.5546   -1535.5945       0.0399    77.1
0.4100       -1535.5402   -1535.5838       0.0437    84.5
0.4200       -1535.5227   -1535.5747       0.0520   100.6
0.4300       -1535.5096   -1535.5868       0.0772   149.3
0.4400       -1535.5125   -1535.5627       0.0503    97.2
0.4500       -1535.4847   -1535.5483       0.0636   123.0
0.4600       -1535.4857   -1535.5608       0.0751   145.3
0.4700       -1535.5050   -1535.5650       0.0600   116.1
0.4800       -1535.5085   -1535.6021       0.0935   180.9
0.4900       -1535.4975   -1535.5997       0.1022   197.7
0.5000       -1535.4762   -1535.6045       0.1283   248.2
0.5100       -1535.4611   -1535.6361       0.1750   338.5
0.5200       -1535.4355   -1535.5792       0.1437   278.0
0.5300       -1535.4493   -1535.5976       0.1483   286.8
0.5400       -1535.4398   -1535.5848       0.1450   280.5
0.5500       -1535.4518   -1535.5500       0.0982   190.0
0.5600       -1535.4395   -1535.6044       0.1649   318.9
0.5700       -1535.4244   -1535.5755       0.1511   292.2
0.5800       -1535.4425   -1535.5624       0.1199   231.9
0.5900       -1535.4602   -1535.6110       0.1508   291.7
0.6000       -1535.4593   -1535.5502       0.0909   175.8
0.6100       -1535.4589   -1535.5716       0.1127   218.0
0.6200       -1535.4468   -1535.5257       0.0789   152.6
0.6300       -1535.4407   -1535.4706       0.0299    57.9
0.6400       -1535.4480   -1535.5333       0.0853   164.9
0.6500       -1535.4380   -1535.4915       0.0535   103.4
0.6600       -1535.4291   -1535.5346       0.1055   204.0
0.6700       -1535.4253   -1535.5744       0.1491   288.4
0.6800       -1535.4080   -1535.5289       0.1209   233.9
0.6900       -1535.3912   -1535.6067       0.2156   416.9
0.7000       -1535.3949   -1535.5523       0.1574   304.4
0.7100       -1535.3617   -1535.4611       0.0994   192.2
0.7200       -1535.3737   -1535.4766       0.1029   199.0
0.7300       -1535.3768   -1535.4511       0.0743   143.7
0.7400       -1535.3843   -1535.5411       0.1568   303.3
0.7500       -1535.3861   -1535.5402       0.1541   298.0
0.7600       -1535.3776   -1535.5877       0.2101   406.4
0.7700       -1535.3848   -1535.6310       0.2461   476.0
0.7800       -1535.4067   -1535.5613       0.1546   299.0
0.7900       -1535.3778   -1535.5771       0.1993   385.5
0.8000       -1535.3879   -1535.5234       0.1355   262.0
0.8100       -1535.3957   -1535.4806       0.0849   164.1
0.8200       -1535.4215   -1535.5335       0.1120   216.7
0.8300       -1535.4367   -1535.5071       0.0704   136.1
0.8400       -1535.4384   -1535.5542       0.1158   224.0
0.8500       -1535.4717   -1535.5770       0.1053   203.6
0.8600       -1535.4537   -1535.5649       0.1112   215.1
0.8700       -1535.4354   -1535.5971       0.1617   312.7
0.8800       -1535.4318   -1535.5153       0.0835   161.5
0.8900       -1535.4323   -1535.4916       0.0594   114.8
0.9000       -1535.4567   -1535.5151       0.0584   112.9
0.9100       -1535.4384   -1535.4796       0.0413    79.8
0.9200       -1535.4498   -1535.5252       0.0753   145.7
0.9300       -1535.4538   -1535.5492       0.0954   184.5
0.9400       -1535.4396   -1535.5417       0.1021   197.5
0.9500       -1535.4131   -1535.5611       0.1480   286.3
0.9600       -1535.4196   -1535.5318       0.1121   216.8
0.9700       -1535.4246   -1535.5286       0.1040   201.2
0.9800       -1535.4260   -1535.5314       0.1054   203.8
0.9900       -1535.4133   -1535.5058       0.0925   178.8
1.0000       -1535.4155   -1535.5127       0.0972   188.0
1.0100       -1535.4125   -1535.5347       0.1222   236.4
1.0200       -1535.4012   -1535.5367       0.1355   262.1
1.0300       -1535.4176   -1535.5883       0.1706   330.1
1.0400       -1535.4107   -1535.6212       0.2105   407.2
1.0500       -1535.3972   -1535.5989       0.2017   390.1
1.0600       -1535.3979   -1535.6073       0.2093   404.8
1.0700       -1535.4067   -1535.5375       0.1308   253.0
1.0800       -1535.4034   -1535.5111       0.1078   208.4
1.0900       -1535.4106   -1535.5055       0.0949   183.5
1.1000       -1535.3936   -1535.4810       0.0874   169.1
1.1100       -1535.3824   -1535.5147       0.1323   255.9
1.1200       -1535.3853   -1535.5275       0.1422   275.1
1.1300       -1535.3876   -1535.5888       0.2012   389.1
1.1400       -1535.3868   -1535.6305       0.2437   471.4
1.1500       -1535.4165   -1535.6229       0.2064   399.2
1.1600       -1535.4136   -1535.6084       0.1948   376.7
1.1700       -1535.3755   -1535.5719       0.1964   379.8
1.1800       -1535.3677   -1535.5236       0.1559   301.6
1.1900       -1535.3531   -1535.4851       0.1321   255.4
1.2000       -1535.3703   -1535.4929       0.1226   237.1
1.2100       -1535.3834   -1535.5053       0.1218   235.6
1.2200       -1535.3723   -1535.5492       0.1769   342.1
1.2300       -1535.3629   -1535.5922       0.2293   443.4
1.2400       -1535.3488   -1535.6098       0.2610   504.8
1.2500       -1535.3434   -1535.6150       0.2715   525.2
1.2600       -1535.3338   -1535.5575       0.2237   432.7
1.2700       -1535.3083   -1535.5228       0.2145   414.9
1.2800       -1535.2970   -1535.5063       0.2093   404.8
1.2900       -1535.3010   -1535.4725       0.1715   331.7
1.3000       -1535.3080   -1535.4858       0.1778   343.9
1.3100       -1535.3119   -1535.5332       0.2213   428.0
1.3200       -1535.3390   -1535.5505       0.2115   409.1
1.3300       -1535.3475   -1535.5957       0.2482   480.0
1.3400       -1535.3272   -1535.6072       0.2800   541.5
1.3500       -1535.3475   -1535.5798       0.2323   449.3
1.3600       -1535.3285   -1535.5393       0.2109   407.9
1.3700       -1535.3071   -1535.4741       0.1670   322.9
1.3800       -1535.3000   -1535.4365       0.1365   264.0
1.3900       -1535.2945   -1535.4117       0.1172   226.6
1.4000       -1535.3136   -1535.4206       0.1070   206.9
1.4100       -1535.3286   -1535.4597       0.1311   253.6
1.4200       -1535.3075   -1535.4883       0.1808   349.7
1.4300       -1535.3116   -1535.5244       0.2129   411.7
1.4400       -1535.3360   -1535.5642       0.2282   441.3
1.4500       -1535.3126   -1535.5544       0.2418   467.6
1.4600       -1535.3322   -1535.5411       0.2089   404.0
1.4700       -1535.3158   -1535.4878       0.1720   332.7
1.4800       -1535.3139   -1535.4422       0.1283   248.1
1.4900       -1535.2897   -1535.3667       0.0770   149.0
1.5000       -1535.2474   -1535.3263       0.0789   152.5
1.5100       -1535.2463   -1535.3410       0.0947   183.1
1.5200       -1535.2204   -1535.3541       0.1337   258.5
1.5300       -1535.2632   -1535.4535       0.1903   368.1
1.5400       -1535.2632   -1535.5036       0.2404   465.0
1.5500       -1535.2713   -1535.5738       0.3025   585.1
1.5600       -1535.2804   -1535.6001       0.3196   618.2
1.5700       -1535.2794   -1535.6168       0.3374   652.5
1.5800       -1535.2632   -1535.5864       0.3232   625.2
1.5900       -1535.2287   -1535.5165       0.2878   556.6
1.6000       -1535.2367   -1535.4949       0.2582   499.4
1.6100       -1535.2384   -1535.4220       0.1837   355.3
1.6200       -1535.2383   -1535.4465       0.2083   402.8
1.6300       -1535.2171   -1535.4222       0.2050   396.5
1.6400       -1535.2503   -1535.4962       0.2459   475.6
1.6500       -1535.2506   -1535.5550       0.3044   588.7
1.6600       -1535.2517   -1535.5906       0.3389   655.4
1.6700       -1535.2871   -1535.6161       0.3290   636.4
1.6800       -1535.2902   -1535.6007       0.3104   600.4
1.6900       -1535.2838   -1535.5591       0.2754   532.6
1.7000       -1535.2807   -1535.4868       0.2061   398.6
1.7100       -1535.2748   -1535.4275       0.1527   295.3
1.7200       -1535.2575   -1535.3769       0.1194   230.9
1.7300       -1535.2531   -1535.4144       0.1613   312.0
1.7400       -1535.2673   -1535.4211       0.1538   297.5
1.7500       -1535.2624   -1535.5066       0.2441   472.2
1.7600       -1535.2723   -1535.5067       0.2344   453.3
1.7700       -1535.2496   -1535.5602       0.3106   600.7
1.7800       -1535.2708   -1535.5770       0.3061   592.1
1.7900       -1535.2766   -1535.5800       0.3035   586.9
1.8000       -1535.2876   -1535.5288       0.2412   466.6
1.8100       -1535.2572   -1535.4748       0.2177   421.0
1.8200       -1535.2271   -1535.3935       0.1664   321.8
1.8300       -1535.2304   -1535.4169       0.1865   360.7
1.8400       -1535.2386   -1535.3711       0.1325   256.3
1.8500       -1535.2136   -1535.3434       0.1298   251.0
1.8600       -1535.2184   -1535.3718       0.1534   296.6
1.8700       -1535.2083   -1535.4240       0.2157   417.1
1.8800       -1535.2036   -1535.4846       0.2810   543.5
1.8900       -1535.2070   -1535.5185       0.3115   602.6
1.9000       -1535.2047   -1535.5184       0.3136   606.6
1.9100       -1535.2249   -1535.5555       0.3307   639.5
1.9200       -1535.2770   -1535.5459       0.2689   520.1
1.9300       -1535.3002   -1535.5258       0.2256   436.3
1.9400       -1535.2942   -1535.5014       0.2071   400.6
1.9500       -1535.3274   -1535.4780       0.1506   291.3
1.9600       -1535.3450   -1535.4953       0.1503   290.7
1.9700       -1535.3399   -1535.5101       0.1702   329.1
1.9800       -1535.3908   -1535.5547       0.1639   317.0
1.9900       -1535.4025   -1535.5702       0.1677   324.3
2.0000       -1535.4135   -1535.5664       0.1530   295.8
2.0100       -1535.4078   -1535.5334       0.1256   243.0
2.0200       -1535.4207   -1535.5462       0.1255   242.7
2.0300       -1535.4232   -1535.4668       0.0436    84.4
2.0400       -1535.4382   -1535.5056       0.0674   130.4
2.0500       -1535.4165   -1535.4586       0.0422    81.6
2.0600       -1535.4120   -1535.4777       0.0657   127.0
2.0700       -1535.4083   -1535.5700       0.1617   312.8
2.0800       -1535.4208   -1535.5452       0.1244   240.6
2.0900       -1535.4294   -1535.5964       0.1671   323.1
2.1000       -1535.4143   -1535.5603       0.1460   282.4
2.1100       -1535.3930   -1535.5032       0.1102   213.2
2.1200       -1535.3842   -1535.5463       0.1622   313.6
2.1300       -1535.3705   -1535.4650       0.0944   182.7
2.1400       -1535.3900   -1535.5395       0.1495   289.2
2.1500       -1535.3746   -1535.5651       0.1905   368.4
2.1600       -1535.3667   -1535.5392       0.1725   333.7
2.1700       -1535.3555   -1535.6260       0.2705   523.2
2.1800       -1535.3260   -1535.5398       0.2138   413.5
2.1900       -1535.3082   -1535.5400       0.2318   448.4
2.2000       -1535.3025   -1535.4506       0.1481   286.5
2.2100       -1535.3335   -1535.4831       0.1496   289.4
2.2200       -1535.3477   -1535.5442       0.1965   380.1
2.2300       -1535.3501   -1535.5027       0.1526   295.1
2.2400       -1535.3310   -1535.5653       0.2343   453.2
2.2500       -1535.2989   -1535.5384       0.2394   463.1
2.2600       -1535.2898   -1535.5262       0.2365   457.4
2.2700       -1535.2731   -1535.4984       0.2253   435.7
2.2800       -1535.2669   -1535.4216       0.1547   299.2
2.2900       -1535.2575   -1535.4525       0.1950   377.2
2.3000       -1535.2524   -1535.4139       0.1615   312.4
2.3100       -1535.2636   -1535.4731       0.2095   405.2
2.3200       -1535.2665   -1535.5210       0.2545   492.2
2.3300       -1535.2948   -1535.4909       0.1961   379.3
2.3400       -1535.2882   -1535.5621       0.2739   529.8
2.3500       -1535.2749   -1535.5463       0.2715   525.0
2.3600       -1535.2662   -1535.4927       0.2265   438.1
2.3700       -1535.2569   -1535.5135       0.2566   496.2
2.3800       -1535.2494   -1535.4402       0.1908   369.1
2.3900       -1535.2564   -1535.4386       0.1822   352.4
2.4000       -1535.2803   -1535.4903       0.2100   406.2
2.4100       -1535.2719   -1535.4849       0.2130   412.0
2.4200       -1535.2960   -1535.5361       0.2401   464.4
2.4300       -1535.2903   -1535.5068       0.2165   418.7
2.4400       -1535.2857   -1535.5495       0.2639   510.4
2.4500       -1535.2850   -1535.5656       0.2806   542.7
2.4600       -1535.2711   -1535.5091       0.2380   460.2
2.4700       -1535.2626   -1535.5385       0.2758   533.5
2.4800       -1535.3001   -1535.4945       0.1944   375.9
2.4900       -1535.3671   -1535.5321       0.1650   319.1
2.5000       -1535.3454   -1535.5406       0.1952   377.6
2.5100       -1535.3673   -1535.5592       0.1919   371.2
2.5200       -1535.3479   -1535.5930       0.2451   474.0
2.5300       -1535.3381   -1535.5342       0.1961   379.3
2.5400       -1535.3440   -1535.5642       0.2202   425.9
2.5500       -1535.3117   -1535.5421       0.2304   445.6
2.5600       -1535.3057   -1535.4407       0.1350   261.1
2.5700       -1535.3311   -1535.4517       0.1206   233.2
2.5800       -1535.3443   -1535.4101       0.0658   127.2
2.5900       -1535.3485   -1535.4507       0.1022   197.6
2.6000       -1535.3478   -1535.5125       0.1647   318.6
2.6100       -1535.3262   -1535.4619       0.1357   262.5
2.6200       -1535.3277   -1535.4934       0.1658   320.7
2.6300       -1535.3148   -1535.4740       0.1592   307.8
2.6400       -1535.3222   -1535.5049       0.1827   353.3
2.6500       -1535.3172   -1535.5343       0.2171   420.0
2.6600       -1535.3209   -1535.4071       0.0862   166.6
2.6700       -1535.3420   -1535.5002       0.1581   305.8
2.6800       -1535.3539   -1535.4752       0.1212   234.4
2.6900       -1535.3646   -1535.5265       0.1619   313.1
2.7000       -1535.3835   -1535.5795       0.1960   379.1
2.7100       -1535.3849   -1535.5402       0.1553   300.3
2.7200       -1535.3940   -1535.6003       0.2062   398.9
2.7300       -1535.4048   -1535.5484       0.1436   277.6
2.7400       -1535.4165   -1535.5853       0.1688   326.5
2.7500       -1535.4203   -1535.6014       0.1811   350.3
2.7600       -1535.4200   -1535.5088       0.0888   171.7
2.7700       -1535.4179   -1535.6148       0.1969   380.8
2.7800       -1535.4305   -1535.5703       0.1398   270.3
2.7900       -1535.4133   -1535.6000       0.1867   361.1
2.8000       -1535.4048   -1535.5808       0.1761   340.5
2.8100       -1535.4007   -1535.5537       0.1530   295.9
2.8200       -1535.3956   -1535.6027       0.2071   400.5
2.8300       -1535.3933   -1535.4813       0.0880   170.1
2.8400       -1535.4060   -1535.5810       0.1750   338.4
2.8500       -1535.4090   -1535.5527       0.1437   277.9
2.8600       -1535.4022   -1535.5140       0.1117   216.1
2.8700       -1535.3825   -1535.5855       0.2031   392.7
2.8800       -1535.3622   -1535.5299       0.1677   324.3
2.8900       -1535.3513   -1535.5358       0.1845   356.8
2.9000       -1535.3659   -1535.5052       0.1393   269.3
2.9100       -1535.3288   -1535.4623       0.1334   258.0
2.9200       -1535.3485   -1535.5094       0.1609   311.1
2.9300       -1535.3717   -1535.4488       0.0770   149.0
2.9400       -1535.3739   -1535.5290       0.1552   300.1
2.9500       -1535.3273   -1535.5098       0.1825   353.0
2.9600       -1535.3355   -1535.4813       0.1458   282.0
2.9700       -1535.3484   -1535.5620       0.2136   413.1
2.9800       -1535.3780   -1535.5431       0.1651   319.3
2.9900       -1535.3858   -1535.5453       0.1595   308.6
3.0000       -1535.3808   -1535.5303       0.1495   289.1
3.0100       -1535.3857   -1535.5085       0.1229   237.6
3.0200       -1535.3771   -1535.5624       0.1853   358.4
3.0300       -1535.3859   -1535.5096       0.1237   239.2
3.0400       -1535.4200   -1535.6124       0.1924   372.2
3.0500       -1535.4284   -1535.6102       0.1818   351.5
3.0600       -1535.4302   -1535.5700       0.1398   270.3
3.0700       -1535.4211   -1535.6070       0.1858   359.4
3.0800       -1535.4020   -1535.5079       0.1059   204.9
3.0900       -1535.3855   -1535.5350       0.1495   289.1
3.1000       -1535.3668   -1535.5096       0.1428   276.3
3.1100       -1535.3794   -1535.5380       0.1585   306.6
3.1200       -1535.3513   -1535.5654       0.2140   413.9
3.1300       -1535.3463   -1535.5355       0.1893   366.1
3.1400       -1535.3364   -1535.5591       0.2227   430.7
3.1500       -1535.3406   -1535.5690       0.2284   441.8
3.1600       -1535.3416   -1535.4903       0.1487   287.6
3.1700       -1535.3263   -1535.4933       0.1670   323.0
3.1800       -1535.3223   -1535.4533       0.1310   253.4
3.1900       -1535.3326   -1535.4429       0.1103   213.4
3.2000       -1535.3582   -1535.4954       0.1372   265.3
3.2100       -1535.3330   -1535.4857       0.1527   295.3
3.2200       -1535.3323   -1535.5533       0.2210   427.4
3.2300       -1535.3111   -1535.5110       0.1999   386.6
3.2400       -1535.3476   -1535.5664       0.2188   423.2
3.2500       -1535.3592   -1535.5655       0.2064   399.1
3.2600       -1535.3611   -1535.5291       0.1680   324.9
3.2700       -1535.3689   -1535.5687       0.1999   386.6
3.2800       -1535.3787   -1535.5448       0.1660   321.1
3.2900       -1535.3803   -1535.5493       0.1690   326.9
3.3000       -1535.3873   -1535.5915       0.2042   395.0
3.3100       -1535.4028   -1535.5848       0.1820   352.0
3.3200       -1535.3901   -1535.5955       0.2054   397.3
3.3300       -1535.3917   -1535.5715       0.1798   347.8
3.3400       -1535.3674   -1535.5346       0.1672   323.3
3.3500       -1535.3260   -1535.5469       0.2209   427.2
3.3600       -1535.2894   -1535.4873       0.1979   382.7
3.3700       -1535.3036   -1535.5034       0.1998   386.5
3.3800       -1535.2945   -1535.4779       0.1833   354.6
3.3900       -1535.3027   -1535.4595       0.1568   303.2
3.4000       -1535.3034   -1535.4750       0.1716   331.9
3.4100       -1535.2910   -1535.4745       0.1835   354.9
3.4200       -1535.2904   -1535.4382       0.1478   285.9
3.4300       -1535.3003   -1535.4655       0.1652   319.6
3.4400       -1535.3015   -1535.4535       0.1520   293.9
3.4500       -1535.2758   -1535.4755       0.1997   386.3
3.4600       -1535.2751   -1535.4259       0.1508   291.6
3.4700       -1535.3045   -1535.4551       0.1505   291.1
3.4800       -1535.3254   -1535.4669       0.1415   273.7
3.4900       -1535.3605   -1535.5139       0.1533   296.6
3.5000       -1535.3624   -1535.5582       0.1958   378.7
3.5100       -1535.3923   -1535.5830       0.1907   368.8
3.5200       -1535.3800   -1535.5811       0.2011   389.0
3.5300       -1535.3383   -1535.6060       0.2677   517.8
3.5400       -1535.3553   -1535.5817       0.2264   437.8
3.5500       -1535.3474   -1535.5866       0.2393   462.8
3.5600       -1535.3701   -1535.5852       0.2150   415.9
3.5700       -1535.3421   -1535.5724       0.2303   445.4
3.5800       -1535.3422   -1535.6089       0.2667   515.8
3.5900       -1535.3375   -1535.5882       0.2508   485.0
3.6000       -1535.3487   -1535.6062       0.2576   498.2
3.6100       -1535.3450   -1535.5874       0.2424   468.9
3.6200       -1535.3311   -1535.5479       0.2169   419.4
3.6300       -1535.3472   -1535.5057       0.1586   306.7
3.6400       -1535.3767   -1535.5100       0.1332   257.7
3.6500       -1535.4052   -1535.4991       0.0939   181.6
3.6600       -1535.4061   -1535.5100       0.1038   200.8
3.6700       -1535.3764   -1535.5026       0.1262   244.0
3.6800       -1535.3982   -1535.5342       0.1360   263.1
3.6900       -1535.3990   -1535.5469       0.1479   286.1
3.7000       -1535.3854   -1535.5184       0.1330   257.2
3.7100       -1535.3945   -1535.4934       0.0990   191.4
3.7200       -1535.3984   -1535.4889       0.0905   175.0
3.7300       -1535.4073   -1535.5031       0.0958   185.3
3.7400       -1535.4029   -1535.5074       0.1045   202.1
3.7500       -1535.4024   -1535.5377       0.1353   261.7
3.7600       -1535.4210   -1535.5906       0.1696   328.0
3.7700       -1535.4225   -1535.6032       0.1807   349.5
3.7800       -1535.4328   -1535.6197       0.1870   361.6
3.7900       -1535.4486   -1535.6035       0.1549   299.6
3.8000       -1535.4523   -1535.5933       0.1410   272.7
3.8100       -1535.4484   -1535.5816       0.1332   257.6
3.8200       -1535.4189   -1535.5565       0.1376   266.1
3.8300       -1535.4006   -1535.5806       0.1800   348.2
3.8400       -1535.4201   -1535.6051       0.1849   357.7
3.8500       -1535.4127   -1535.6023       0.1896   366.7
3.8600       -1535.3992   -1535.6116       0.2124   410.8
3.8700       -1535.3902   -1535.5908       0.2006   388.0
3.8800       -1535.3878   -1535.5460       0.1582   306.0
3.8900       -1535.4029   -1535.5304       0.1275   246.5
3.9000       -1535.4024   -1535.4806       0.0782   151.2
3.9100       -1535.4044   -1535.5033       0.0989   191.3
3.9200       -1535.4000   -1535.5528       0.1528   295.5
3.9300       -1535.4255   -1535.5325       0.1070   206.9
3.9400       -1535.3929   -1535.5590       0.1661   321.3
3.9500       -1535.3897   -1535.5625       0.1728   334.2
3.9600       -1535.4005   -1535.5486       0.1480   286.3
3.9700       -1535.3831   -1535.5706       0.1875   362.6
3.9800       -1535.3752   -1535.5124       0.1371   265.3
3.9900       -1535.3745   -1535.4745       0.1001   193.6
4.0000       -1535.3761   -1535.5120       0.1360   263.0
4.0100       -1535.3763   -1535.5117       0.1353   261.7
4.0200       -1535.4194   -1535.5860       0.1666   322.2
4.0300       -1535.4178   -1535.5972       0.1794   347.0
4.0400       -1535.4274   -1535.5980       0.1705   329.8
4.0500       -1535.4009   -1535.5897       0.1888   365.1
4.0600       -1535.4168   -1535.5907       0.1739   336.4
4.0700       -1535.4396   -1535.5818       0.1421   274.9
4.0800       -1535.4470   -1535.5765       0.1295   250.5
4.0900       -1535.4622   -1535.5306       0.0683   132.1
4.1000       -1535.4563   -1535.5491       0.0928   179.4
4.1100       -1535.4498   -1535.5561       0.1064   205.7
4.1200       -1535.4627   -1535.5931       0.1304   252.1
4.1300       -1535.4635   -1535.6122       0.1487   287.6
4.1400       -1535.4539   -1535.6141       0.1602   309.8
4.1500       -1535.4148   -1535.6087       0.1939   375.0
4.1600       -1535.3829   -1535.5929       0.2100   406.2
4.1700       -1535.3957   -1535.5696       0.1740   336.5
4.1800       -1535.3638   -1535.5665       0.2027   392.1
4.1900       -1535.3561   -1535.5546       0.1985   383.9
4.2000       -1535.3876   -1535.5977       0.2102   406.5
4.2100       -1535.3775   -1535.6210       0.2435   471.0
4.2200       -1535.3848   -1535.6213       0.2365   457.4
4.2300       -1535.3656   -1535.6432       0.2776   536.8
4.2400       -1535.3291   -1535.5992       0.2701   522.4
4.2500       -1535.3494   -1535.5789       0.2295   443.9
4.2600       -1535.3461   -1535.5801       0.2341   452.7
4.2700       -1535.3228   -1535.5067       0.1839   355.6
4.2800       -1535.3167   -1535.5510       0.2343   453.2
4.2900       -1535.3381   -1535.5080       0.1699   328.6
4.3000       -1535.3471   -1535.5475       0.2004   387.6
4.3100       -1535.3427   -1535.6015       0.2588   500.6
4.3200       -1535.3533   -1535.5732       0.2199   425.3
4.3300       -1535.3749   -1535.6211       0.2462   476.2
4.3400       -1535.3452   -1535.5648       0.2196   424.7
4.3500       -1535.3272   -1535.5320       0.2047   396.0
4.3600       -1535.3161   -1535.5768       0.2607   504.3
4.3700       -1535.3318   -1535.5092       0.1774   343.0
4.3800       -1535.3782   -1535.5804       0.2022   391.0
4.3900       -1535.3615   -1535.5651       0.2036   393.8
4.4000       -1535.3651   -1535.5899       0.2248   434.8
4.4100       -1535.3838   -1535.6234       0.2396   463.4
4.4200       -1535.3795   -1535.5931       0.2136   413.1
4.4300       -1535.3673   -1535.5973       0.2300   444.8
4.4400       -1535.3588   -1535.5682       0.2094   405.0
4.4500       -1535.3329   -1535.5247       0.1917   370.9
4.4600       -1535.3141   -1535.5306       0.2165   418.7
4.4700       -1535.3238   -1535.5397       0.2159   417.5
4.4800       -1535.3242   -1535.5457       0.2215   428.4
4.4900       -1535.3279   -1535.5867       0.2588   500.5
4.5000       -1535.3014   -1535.5825       0.2811   543.7
4.5100       -1535.3130   -1535.5879       0.2749   531.6
4.5200       -1535.2872   -1535.6090       0.3218   622.4
4.5300       -1535.2615   -1535.5639       0.3025   585.0
4.5400       -1535.2774   -1535.5277       0.2503   484.1
4.5500       -1535.2779   -1535.4952       0.2173   420.3
4.5600       -1535.2831   -1535.4911       0.2080   402.3
4.5700       -1535.2783   -1535.5215       0.2432   470.4
4.5800       -1535.2925   -1535.5478       0.2553   493.8
4.5900       -1535.3021   -1535.5766       0.2745   530.9
4.6000       -1535.3004   -1535.5926       0.2922   565.1
4.6100       -1535.2819   -1535.5882       0.3063   592.4
4.6200       -1535.2758   -1535.6100       0.3342   646.4
4.6300       -1535.2795   -1535.5876       0.3081   596.0
4.6400       -1535.3166   -1535.5732       0.2565   496.2
4.6500       -1535.3061   -1535.5257       0.2196   424.6
4.6600       -1535.3120   -1535.5030       0.1909   369.3
4.6700       -1535.2974   -1535.4840       0.1866   360.9
4.6800       -1535.3311   -1535.5333       0.2022   391.1
4.6900       -1535.3036   -1535.5204       0.2168   419.4
4.7000       -1535.3250   -1535.5778       0.2529   489.1
4.7100       -1535.3167   -1535.5571       0.2404   465.0
4.7200       -1535.3003   -1535.5797       0.2793   540.3
4.7300       -1535.2924   -1535.5539       0.2615   505.8
4.7400       -1535.2520   -1535.5523       0.3003   580.8
4.7500       -1535.2139   -1535.4387       0.2248   434.8
4.7600       -1535.2482   -1535.4208       0.1726   333.9
4.7700       -1535.2377   -1535.4140       0.1763   340.9
4.7800       -1535.2357   -1535.4673       0.2316   448.0
4.7900       -1535.2318   -1535.5145       0.2827   546.8
4.8000       -1535.1794   -1535.5242       0.3447   666.7
4.8100       -1535.1684   -1535.5413       0.3729   721.3
4.8200       -1535.1429   -1535.5428       0.3998   773.3
4.8300       -1535.1047   -1535.5365       0.4318   835.2
4.8400       -1535.0886   -1535.5228       0.4342   839.7
4.8500       -1535.0601   -1535.3846       0.3245   627.6
4.8600       -1535.0666   -1535.4728       0.4062   785.6
4.8700       -1535.0333   -1535.4383       0.4051   783.5
4.8800       -1535.0332   -1535.5029       0.4697   908.4
4.8900       -1534.9897   -1535.5415       0.5518  1067.2
4.9000       -1534.9883   -1535.4989       0.5106   987.5
4.9100       -1534.9868   -1535.5851       0.5983  1157.2
4.9200       -1535.0031   -1535.5382       0.5351  1034.9
4.9300       -1535.0079   -1535.5764       0.5685  1099.6
4.9400       -1535.0094   -1535.5388       0.5294  1024.0
4.9500       -1534.9757   -1535.4582       0.4825   933.2
4.9600       -1534.9651   -1535.4109       0.4458   862.2
4.9700       -1534.9842   -1535.4198       0.4356   842.5
4.9800       -1534.9989   -1535.4514       0.4525   875.1
4.9900       -1534.9944   -1535.4311       0.4367   844.5
5.0000       -1535.0261   -1535.4159       0.3898   754.0
5.0100       -1534.9700   -1535.3678       0.3977   769.2
5.0200       -1535.0084   -1535.4305       0.4221   816.4
5.0300       -1535.0053   -1535.4425       0.4372   845.6
5.0400       -1534.9898   -1535.4619       0.4721   913.0
5.0500       -1535.0111   -1535.3975       0.3864   747.3
5.0600       -1535.0014   -1535.3059       0.3045   589.0
5.0700       -1534.9562   -1535.3019       0.3457   668.6
5.0800       -1534.9780   -1535.3332       0.3553   687.1
5.0900       -1534.9799   -1535.3835       0.4036   780.6
5.1000       -1534.9938   -1535.3046       0.3108   601.1
5.1100       -1535.0053   -1535.3988       0.3935   761.1
5.1200       -1534.9434   -1535.3452       0.4018   777.0
5.1300       -1534.9759   -1535.4563       0.4804   929.1
5.1400       -1534.9419   -1535.4818       0.5399  1044.2
5.1500       -1534.9230   -1535.5124       0.5894  1140.0
5.1600       -1534.9116   -1535.4543       0.5427  1049.5
5.1700       -1534.9410   -1535.4712       0.5303  1025.6
5.1800       -1534.9645   -1535.4641       0.4996   966.3
5.1900       -1534.9760   -1535.4382       0.4622   893.9
5.2000       -1535.0451   -1535.4246       0.3794   733.9
5.2100       -1535.0148   -1535.3625       0.3477   672.5
5.2200       -1535.0186   -1535.3922       0.3735   722.5
5.2300       -1535.0084   -1535.3374       0.3289   636.2
5.2400       -1535.0295   -1535.4402       0.4107   794.4
5.2500       -1535.0622   -1535.4995       0.4373   845.7
5.2600       -1535.1152   -1535.4986       0.3834   741.6
5.2700       -1535.1408   -1535.4863       0.3455   668.2
5.2800       -1535.1505   -1535.5528       0.4022   778.0
5.2900       -1535.2224   -1535.5466       0.3243   627.2
5.3000       -1535.2292   -1535.5715       0.3423   662.1
5.3100       -1535.2144   -1535.5462       0.3318   641.7
5.3200       -1535.2468   -1535.5203       0.2735   528.9
5.3300       -1535.2356   -1535.4920       0.2564   495.9
5.3400       -1535.2340   -1535.4718       0.2378   460.0
5.3500       -1535.1922   -1535.4335       0.2413   466.6
5.3600       -1535.1865   -1535.4423       0.2558   494.8
5.3700       -1535.2233   -1535.4555       0.2321   449.0
5.3800       -1535.2102   -1535.5239       0.3136   606.6
5.3900       -1535.2311   -1535.5450       0.3139   607.0
5.4000       -1535.2408   -1535.6123       0.3715   718.6
5.4100       -1535.2085   -1535.6063       0.3978   769.4
5.4200       -1535.2182   -1535.5777       0.3594   695.1
5.4300       -1535.2432   -1535.5564       0.3133   605.9
5.4400       -1535.2434   -1535.5011       0.2577   498.4
5.4500       -1535.2048   -1535.4461       0.2413   466.7
5.4600       -1535.1535   -1535.4079       0.2545   492.2
5.4700       -1535.1252   -1535.4119       0.2867   554.5
5.4800       -1535.1207   -1535.4382       0.3175   614.1
5.4900       -1535.1569   -1535.4851       0.3283   634.9
5.5000       -1535.1865   -1535.5390       0.3525   681.7
5.5100       -1535.2054   -1535.5932       0.3878   750.1
5.5200       -1535.2083   -1535.5846       0.3763   727.8
5.5300       -1535.2301   -1535.6238       0.3938   761.6
5.5400       -1535.1944   -1535.6035       0.4091   791.2
5.5500       -1535.1955   -1535.5771       0.3816   738.0
5.5600       -1535.2157   -1535.5401       0.3244   627.4
5.5700       -1535.1745   -1535.4869       0.3124   604.2
5.5800       -1535.1599   -1535.4475       0.2876   556.2
5.5900       -1535.1680   -1535.3832       0.2151   416.1
5.6000       -1535.1558   -1535.3779       0.2221   429.5
5.6100       -1535.1658   -1535.4199       0.2540   491.3
5.6200       -1535.1712   -1535.3887       0.2175   420.7
5.6300       -1535.2248   -1535.4842       0.2594   501.7
5.6400       -1535.2477   -1535.5640       0.3163   611.8
5.6500       -1535.2754   -1535.5768       0.3013   582.8
5.6600       -1535.2833   -1535.5976       0.3143   607.9
5.6700       -1535.2670   -1535.5878       0.3208   620.5
5.6800       -1535.2696   -1535.5344       0.2648   512.2
5.6900       -1535.2519   -1535.5169       0.2650   512.5
5.7000       -1535.2451   -1535.4159       0.1708   330.3
5.7100       -1535.2236   -1535.3639       0.1403   271.4
5.7200       -1535.2064   -1535.3374       0.1309   253.2
5.7300       -1535.1903   -1535.3317       0.1414   273.5
5.7400       -1535.1831   -1535.3653       0.1823   352.5
5.7500       -1535.1983   -1535.4251       0.2268   438.7
5.7600       -1535.2030   -1535.4815       0.2785   538.6
5.7700       -1535.2400   -1535.5651       0.3252   628.9
5.7800       -1535.2856   -1535.5512       0.2656   513.7
5.7900       -1535.2968   -1535.5906       0.2938   568.2
5.8000       -1535.2809   -1535.5434       0.2625   507.8
5.8100       -1535.2764   -1535.4875       0.2111   408.3
5.8200       -1535.2627   -1535.4632       0.2005   387.8
5.8300       -1535.2242   -1535.4130       0.1889   365.3
5.8400       -1535.2134   -1535.4427       0.2293   443.5
5.8500       -1535.1866   -1535.4193       0.2327   450.0
5.8600       -1535.2044   -1535.4863       0.2819   545.2
5.8700       -1535.2106   -1535.5237       0.3131   605.5
5.8800       -1535.2655   -1535.5607       0.2952   570.9
5.8900       -1535.2616   -1535.6052       0.3436   664.6
5.9000       -1535.2503   -1535.6002       0.3498   676.6
5.9100       -1535.2633   -1535.5834       0.3201   619.1
5.9200       -1535.2799   -1535.5718       0.2919   564.5
5.9300       -1535.2713   -1535.5244       0.2531   489.6
5.9400       -1535.2822   -1535.5308       0.2486   480.9
5.9500       -1535.2627   -1535.5027       0.2400   464.2
5.9600       -1535.2804   -1535.5027       0.2223   429.9
5.9700       -1535.3205   -1535.4976       0.1772   342.6
5.9800       -1535.3154   -1535.5231       0.2077   401.8
5.9900       -1535.3210   -1535.5463       0.2252   435.6
6.0000       -1535.3396   -1535.5863       0.2467   477.1
6.0100       -1535.3508   -1535.6068       0.2560   495.1
6.0200       -1535.3634   -1535.6326       0.2692   520.6
6.0300       -1535.3529   -1535.6075       0.2546   492.4
6.0400       -1535.3402   -1535.5941       0.2538   490.9
6.0500       -1535.3334   -1535.5376       0.2042   394.9
6.0600       -1535.3555   -1535.5256       0.1702   329.1
6.0700       -1535.3401   -1535.5016       0.1614   312.2
6.0800       -1535.3402   -1535.4994       0.1592   307.9
6.0900       -1535.3890   -1535.5329       0.1439   278.3
6.1000       -1535.3772   -1535.5669       0.1897   367.0
6.1100       -1535.3694   -1535.5987       0.2292   443.3
6.1200       -1535.3721   -1535.6108       0.2387   461.7
6.1300       -1535.3609   -1535.6056       0.2446   473.2
6.1400       -1535.3545   -1535.5633       0.2088   403.8
6.1500       -1535.3502   -1535.5181       0.1678   324.6
6.1600       -1535.3475   -1535.4880       0.1406   271.9
6.1700       -1535.3356   -1535.4404       0.1048   202.6
6.1800       -1535.3026   -1535.4657       0.1631   315.4
6.1900       -1535.2929   -1535.4648       0.1719   332.5
6.2000       -1535.3127   -1535.5029       0.1902   367.9
6.2100       -1535.3126   -1535.5430       0.2304   445.5
6.2200       -1535.3119   -1535.5149       0.2030   392.7
6.2300       -1535.3151   -1535.5083       0.1932   373.6
6.2400       -1535.3070   -1535.4631       0.1561   301.8
6.2500       -1535.2896   -1535.4338       0.1442   279.0
6.2600       -1535.2595   -1535.4095       0.1500   290.2
6.2700       -1535.2248   -1535.4106       0.1858   359.3
6.2800       -1535.2098   -1535.3906       0.1809   349.8
6.2900       -1535.2141   -1535.3989       0.1848   357.4
6.3000       -1535.2256   -1535.4481       0.2226   430.4
6.3100       -1535.1960   -1535.4409       0.2449   473.6
6.3200       -1535.1671   -1535.4294       0.2623   507.3
6.3300       -1535.1778   -1535.4638       0.2860   553.2
6.3400       -1535.2031   -1535.4774       0.2743   530.6
6.3500       -1535.2100   -1535.4841       0.2741   530.1
6.3600       -1535.2242   -1535.4951       0.2709   523.9
6.3700       -1535.2116   -1535.5165       0.3049   589.6
6.3800       -1535.1899   -1535.5040       0.3141   607.6
6.3900       -1535.2091   -1535.4917       0.2826   546.5
6.4000       -1535.2035   -1535.4422       0.2387   461.6
6.4100       -1535.1963   -1535.3826       0.1864   360.4
6.4200       -1535.2019   -1535.4049       0.2030   392.6
6.4300       -1535.2255   -1535.4492       0.2237   432.7
6.4400       -1535.2272   -1535.4316       0.2044   395.4
6.4500       -1535.2370   -1535.4927       0.2557   494.6
6.4600       -1535.2327   -1535.5380       0.3053   590.5
6.4700       -1535.2587   -1535.5776       0.3189   616.7
6.4800       -1535.2534   -1535.5846       0.3312   640.6
6.4900       -1535.2013   -1535.5125       0.3112   601.9
6.5000       -1535.2019   -1535.4877       0.2857   552.7
6.5100       -1535.2109   -1535.4708       0.2598   502.5
6.5200       -1535.2427   -1535.4699       0.2272   439.4
6.5300       -1535.2678   -1535.5432       0.2754   532.6
6.5400       -1535.2453   -1535.5137       0.2684   519.1
6.5500       -1535.2462   -1535.5375       0.2913   563.3
6.5600       -1535.2694   -1535.5917       0.3223   623.4
6.5700       -1535.2921   -1535.5814       0.2893   559.5
6.5800       -1535.3196   -1535.6201       0.3005   581.1
6.5900       -1535.3244   -1535.6075       0.2832   547.6
6.6000       -1535.2911   -1535.5720       0.2810   543.4
6.6100       -1535.2963   -1535.5565       0.2602   503.2
6.6200       -1535.2879   -1535.5205       0.2326   449.9
6.6300       -1535.2881   -1535.5161       0.2280   440.9
6.6400       -1535.2931   -1535.5380       0.2450   473.8
6.6500       -1535.3155   -1535.5573       0.2418   467.6
6.6600       -1535.2785   -1535.5875       0.3091   597.7
6.6700       -1535.2633   -1535.5935       0.3303   638.8
6.6800       -1535.2998   -1535.6185       0.3187   616.3
6.6900       -1535.3239   -1535.6231       0.2992   578.7
6.7000       -1535.3346   -1535.6041       0.2694   521.1
6.7100       -1535.3665   -1535.5955       0.2290   442.9
6.7200       -1535.3714   -1535.5505       0.1791   346.4
6.7300       -1535.3625   -1535.5289       0.1663   321.7
6.7400       -1535.3550   -1535.5441       0.1891   365.8
6.7500       -1535.3588   -1535.5379       0.1790   346.3
6.7600       -1535.3487   -1535.5485       0.1998   386.4
6.7700       -1535.3727   -1535.5755       0.2028   392.2
6.7800       -1535.3554   -1535.5574       0.2019   390.5
6.7900       -1535.3648   -1535.5641       0.1993   385.5
6.8000       -1535.3804   -1535.5766       0.1961   379.4
6.8100       -1535.3762   -1535.5079       0.1317   254.7
6.8200       -1535.3683   -1535.5049       0.1366   264.2
6.8300       -1535.3467   -1535.4767       0.1300   251.4
6.8400       -1535.3284   -1535.4358       0.1074   207.7
6.8500       -1535.3133   -1535.4567       0.1434   277.3
6.8600       -1535.3212   -1535.4441       0.1230   237.9
6.8700       -1535.2736   -1535.4492       0.1756   339.7
6.8800       -1535.2489   -1535.4803       0.2314   447.6
6.8900       -1535.2709   -1535.4868       0.2159   417.6
6.9000       -1535.2635   -1535.4960       0.2325   449.6
6.9100       -1535.2707   -1535.4904       0.2197   424.9
6.9200       -1535.2397   -1535.4388       0.1990   384.9
6.9300       -1535.2687   -1535.4565       0.1878   363.3
6.9400       -1535.2857   -1535.4027       0.1170   226.3
6.9500       -1535.2879   -1535.3850       0.0971   187.8
6.9600       -1535.2766   -1535.4226       0.1459   282.3
6.9700       -1535.2567   -1535.3845       0.1277   247.1
6.9800       -1535.2663   -1535.4031       0.1368   264.6
6.9900       -1535.2505   -1535.4115       0.1610   311.4
7.0000       -1535.2446   -1535.4308       0.1863   360.3
7.0100       -1535.2540   -1535.4306       0.1766   341.7
7.0200       -1535.2415   -1535.4442       0.2026   391.9
7.0300       -1535.2675   -1535.4485       0.1810   350.1
7.0400       -1535.2443   -1535.4487       0.2044   395.3
7.0500       -1535.2494   -1535.4280       0.1786   345.5
7.0600       -1535.2542   -1535.4695       0.2153   416.3
7.0700       -1535.2316   -1535.4661       0.2345   453.5
7.0800       -1535.2328   -1535.4633       0.2305   445.7
7.0900       -1535.2416   -1535.4349       0.1933   373.8
7.1000       -1535.2914   -1535.5085       0.2171   419.8
7.1100       -1535.3034   -1535.4967       0.1933   373.9
7.1200       -1535.2971   -1535.5510       0.2538   491.0
7.1300       -1535.3100   -1535.5557       0.2457   475.2
7.1400       -1535.3175   -1535.5623       0.2447   473.3
7.1500       -1535.2730   -1535.5622       0.2893   559.5
7.1600       -1535.3060   -1535.5673       0.2613   505.3
7.1700       -1535.3495   -1535.5659       0.2164   418.6
7.1800       -1535.3314   -1535.5836       0.2522   487.7
7.1900       -1535.3430   -1535.5342       0.1912   369.7
7.2000       -1535.3559   -1535.5453       0.1894   366.3
7.2100       -1535.3373   -1535.5321       0.1948   376.7
7.2200       -1535.3368   -1535.5824       0.2455   474.9
7.2300       -1535.3351   -1535.5958       0.2606   504.1
7.2400       -1535.3331   -1535.6009       0.2677   517.8
7.2500       -1535.3133   -1535.5985       0.2852   551.6
7.2600       -1535.3027   -1535.6004       0.2977   575.8
7.2700       -1535.2979   -1535.5760       0.2781   537.9
7.2800       -1535.3185   -1535.5818       0.2633   509.2
7.2900       -1535.3389   -1535.5503       0.2114   408.8
7.3000       -1535.3295   -1535.5582       0.2286   442.2
7.3100       -1535.2905   -1535.5461       0.2556   494.3
7.3200       -1535.2835   -1535.5666       0.2831   547.6
7.3300       -1535.2599   -1535.5775       0.3176   614.3
7.3400       -1535.2815   -1535.5735       0.2919   564.6
7.3500       -1535.2775   -1535.6008       0.3233   625.2
7.3600       -1535.3004   -1535.6121       0.3117   602.9
7.3700       -1535.3039   -1535.5838       0.2799   541.3
7.3800       -1535.3229   -1535.6006       0.2777   537.1
7.3900       -1535.3200   -1535.5457       0.2257   436.6
7.4000       -1535.3183   -1535.5050       0.1868   361.2
7.4100       -1535.3417   -1535.5263       0.1845   356.9
7.4200       -1535.3197   -1535.4586       0.1389   268.6
7.4300       -1535.3067   -1535.4702       0.1635   316.2
7.4400       -1535.3124   -1535.5008       0.1883   364.3
7.4500       -1535.3002   -1535.4870       0.1867   361.2
7.4600       -1535.3064   -1535.5243       0.2179   421.5
7.4700       -1535.2961   -1535.5002       0.2040   394.6
7.4800       -1535.2891   -1535.5127       0.2236   432.5
7.4900       -1535.2850   -1535.5129       0.2279   440.9
7.5000       -1535.3074   -1535.4878       0.1803   348.7
7.5100       -1535.3039   -1535.4910       0.1871   361.8
7.5200       -1535.3187   -1535.4510       0.1323   255.9
7.5300       -1535.3031   -1535.4230       0.1199   231.9
7.5400       -1535.3026   -1535.4348       0.1322   255.7
7.5500       -1535.3082   -1535.4846       0.1764   341.1
7.5600       -1535.3175   -1535.5073       0.1898   367.2
7.5700       -1535.3218   -1535.5589       0.2371   458.5
7.5800       -1535.3004   -1535.5808       0.2803   542.2
7.5900       -1535.2728   -1535.5551       0.2823   546.0
7.6000       -1535.2859   -1535.5370       0.2511   485.7
7.6100       -1535.2815   -1535.5104       0.2289   442.8
7.6200       -1535.2508   -1535.4570       0.2063   399.0
7.6300       -1535.2656   -1535.4612       0.1956   378.4
7.6400       -1535.2706   -1535.4498       0.1792   346.5
7.6500       -1535.2719   -1535.5190       0.2471   478.0
7.6600       -1535.2918   -1535.5290       0.2372   458.8
7.6700       -1535.2920   -1535.5745       0.2825   546.3
7.6800       -1535.2887   -1535.6236       0.3349   647.8
7.6900       -1535.2862   -1535.5919       0.3057   591.3
7.7000       -1535.2689   -1535.5861       0.3172   613.5
7.7100       -1535.2855   -1535.5862       0.3008   581.7
7.7200       -1535.2993   -1535.5544       0.2551   493.4
7.7300       -1535.2873   -1535.5491       0.2618   506.4
7.7400       -1535.3052   -1535.5315       0.2263   437.7
7.7500       -1535.3010   -1535.5110       0.2100   406.2
7.7600       -1535.3072   -1535.5555       0.2483   480.3
7.7700       -1535.2984   -1535.5731       0.2747   531.3
7.7800       -1535.3180   -1535.5794       0.2614   505.5
7.7900       -1535.2762   -1535.5877       0.3115   602.5
7.8000       -1535.2944   -1535.5814       0.2869   555.0
7.8100       -1535.3149   -1535.5799       0.2650   512.6
7.8200       -1535.3279   -1535.5573       0.2294   443.7
7.8300       -1535.3207   -1535.5007       0.1799   348.0
7.8400       -1535.2997   -1535.4740       0.1742   337.0
7.8500       -1535.3143   -1535.4633       0.1490   288.2
7.8600       -1535.3034   -1535.4735       0.1702   329.1
7.8700       -1535.3387   -1535.5116       0.1730   334.5
7.8800       -1535.3170   -1535.4845       0.1675   323.9
7.8900       -1535.3355   -1535.5141       0.1786   345.5
7.9000       -1535.3463   -1535.4794       0.1331   257.3
7.9100       -1535.3564   -1535.4467       0.0903   174.6
7.9200       -1535.3517   -1535.4552       0.1035   200.1
7.9300       -1535.3410   -1535.3964       0.0553   107.1
7.9400       -1535.3574   -1535.4078       0.0504    97.5
7.9500       -1535.3562   -1535.4404       0.0842   162.9
7.9600       -1535.3690   -1535.4117       0.0427    82.5
7.9700       -1535.3765   -1535.4872       0.1107   214.2
7.9800       -1535.3996   -1535.4925       0.0929   179.7
7.9900       -1535.4319   -1535.5064       0.0746   144.3
8.0000       -1535.4296   -1535.5408       0.1112   215.0
8.0100       -1535.4349   -1535.5067       0.0718   138.9
8.0200       -1535.4082   -1535.4948       0.0867   167.6
8.0300       -1535.4122   -1535.5072       0.0950   183.8
8.0400       -1535.4060   -1535.4819       0.0759   146.8
8.0500       -1535.4177   -1535.5395       0.1217   235.5
8.0600       -1535.4225   -1535.5744       0.1519   293.8
8.0700       -1535.4132   -1535.5960       0.1828   353.6
8.0800       -1535.4116   -1535.6377       0.2261   437.3
8.0900       -1535.4168   -1535.5979       0.1812   350.4
8.1000       -1535.4389   -1535.5861       0.1472   284.7
8.1100       -1535.4304   -1535.5989       0.1685   325.9
8.1200       -1535.4194   -1535.5583       0.1390   268.8
8.1300       -1535.3884   -1535.5786       0.1901   367.8
8.1400       -1535.3822   -1535.5552       0.1730   334.7
8.1500       -1535.3651   -1535.5604       0.1953   377.7
8.1600       -1535.3575   -1535.6269       0.2694   521.0
8.1700       -1535.3253   -1535.5606       0.2353   455.2
8.1800       -1535.3234   -1535.6103       0.2869   555.0
8.1900       -1535.3087   -1535.5214       0.2127   411.5
8.2000       -1535.3456   -1535.4934       0.1478   285.9
8.2100       -1535.3483   -1535.5416       0.1933   373.8
8.2200       -1535.3285   -1535.5020       0.1735   335.5
8.2300       -1535.3438   -1535.5839       0.2401   464.4
8.2400       -1535.3802   -1535.5985       0.2183   422.3
8.2500       -1535.3958   -1535.5667       0.1710   330.7
8.2600       -1535.3966   -1535.6237       0.2271   439.2
8.2700       -1535.4246   -1535.5686       0.1440   278.5
8.2800       -1535.4435   -1535.5712       0.1276   246.9
8.2900       -1535.4279   -1535.5440       0.1161   224.5
8.3000       -1535.3993   -1535.5004       0.1011   195.6
8.3100       -1535.4047   -1535.5676       0.1629   315.0
8.3200       -1535.3922   -1535.5650       0.1728   334.3
8.3300       -1535.3667   -1535.5763       0.2095   405.3
8.3400       -1535.3554   -1535.5719       0.2164   418.6
8.3500       -1535.3358   -1535.5182       0.1824   352.7
8.3600       -1535.3420   -1535.5543       0.2123   410.7
8.3700       -1535.3417   -1535.5051       0.1634   316.0
8.3800       -1535.3255   -1535.4515       0.1260   243.6
8.3900       -1535.3092   -1535.4910       0.1818   351.7
8.4000       -1535.2859   -1535.4685       0.1826   353.2
8.4100       -1535.2527   -1535.5182       0.2655   513.5
8.4200       -1535.2474   -1535.5754       0.3280   634.4
8.4300       -1535.2537   -1535.5336       0.2799   541.4
8.4400       -1535.2290   -1535.5709       0.3420   661.4
8.4500       -1535.1764   -1535.4602       0.2838   548.9
8.4600       -1535.1835   -1535.4571       0.2736   529.2
8.4700       -1535.1972   -1535.4736       0.2764   534.6
8.4800       -1535.1797   -1535.3922       0.2125   411.1
8.4900       -1535.1865   -1535.4739       0.2874   555.9
8.5000       -1535.1878   -1535.4442       0.2564   495.9
8.5100       -1535.1952   -1535.5920       0.3967   767.3
8.5200       -1535.1950   -1535.4908       0.2958   572.1
8.5300       -1535.2072   -1535.5118       0.3046   589.1
8.5400       -1535.2426   -1535.5013       0.2588   500.5
8.5500       -1535.2680   -1535.4615       0.1934   374.1
8.5600       -1535.2797   -1535.5013       0.2216   428.5
8.5700       -1535.2884   -1535.4026       0.1142   220.9
8.5800       -1535.2668   -1535.4481       0.1813   350.7
8.5900       -1535.2709   -1535.4911       0.2202   425.9
8.6000       -1535.3035   -1535.5306       0.2271   439.3
8.6100       -1535.3378   -1535.5873       0.2495   482.6
8.6200       -1535.3389   -1535.5470       0.2081   402.4
8.6300       -1535.3429   -1535.5639       0.2210   427.4
8.6400       -1535.3493   -1535.5785       0.2292   443.3
8.6500       -1535.3645   -1535.5363       0.1718   332.2
8.6600       -1535.3404   -1535.5489       0.2084   403.1
8.6700       -1535.3410   -1535.4882       0.1472   284.8
8.6800       -1535.3482   -1535.5026       0.1545   298.8
8.6900       -1535.3803   -1535.5929       0.2126   411.2
8.7000       -1535.3808   -1535.5671       0.1863   360.3
8.7100       -1535.3878   -1535.6058       0.2180   421.7
8.7200       -1535.3611   -1535.5518       0.1906   368.7
8.7300       -1535.3414   -1535.5551       0.2137   413.4
8.7400       -1535.3656   -1535.5802       0.2146   415.1
8.7500       -1535.3556   -1535.5047       0.1491   288.4
8.7600       -1535.3526   -1535.5365       0.1839   355.7
8.7700       -1535.3393   -1535.4901       0.1508   291.7
8.7800       -1535.3368   -1535.5365       0.1998   386.4
8.7900       -1535.3722   -1535.5978       0.2255   436.2
8.8000       -1535.3844   -1535.5350       0.1506   291.4
8.8100       -1535.4104   -1535.6053       0.1948   376.9
8.8200       -1535.4056   -1535.5369       0.1313   253.9
8.8300       -1535.3948   -1535.5533       0.1584   306.4
8.8400       -1535.3905   -1535.5690       0.1785   345.1
8.8500       -1535.3687   -1535.5145       0.1458   282.0
8.8600       -1535.3716   -1535.5675       0.1959   378.9
8.8700       -1535.3763   -1535.5559       0.1797   347.5
8.8800       -1535.3909   -1535.5731       0.1822   352.4
8.8900       -1535.3976   -1535.6146       0.2170   419.7
8.9000       -1535.3979   -1535.5390       0.1411   273.0
8.9100       -1535.4082   -1535.5421       0.1339   259.0
8.9200       -1535.4095   -1535.5397       0.1303   251.9
8.9300       -1535.4102   -1535.5213       0.1112   215.0
8.9400       -1535.4059   -1535.5640       0.1581   305.8
8.9500       -1535.4113   -1535.5469       0.1356   262.3
8.9600       -1535.3695   -1535.5698       0.2004   387.5
8.9700       -1535.3706   -1535.6001       0.2295   444.0
8.9800       -1535.3588   -1535.5453       0.1865   360.7
8.9900       -1535.3441   -1535.6000       0.2559   494.9
9.0000       -1535.3197   -1535.5042       0.1844   356.7
9.0100       -1535.3078   -1535.5082       0.2003   387.5
9.0200       -1535.3067   -1535.5270       0.2203   426.1
9.0300       -1535.2945   -1535.4988       0.2043   395.1
9.0400       -1535.3053   -1535.5409       0.2356   455.7
9.0500       -1535.2924   -1535.5040       0.2115   409.1
9.0600       -1535.3115   -1535.5774       0.2659   514.3
9.0700       -1535.3070   -1535.6053       0.2983   577.0
9.0800       -1535.2883   -1535.5284       0.2401   464.3
9.0900       -1535.2998   -1535.5391       0.2393   462.7
9.1000       -1535.3080   -1535.4853       0.1773   342.9
9.1100       -1535.2911   -1535.5478       0.2568   496.6
9.1200       -1535.3032   -1535.5711       0.2678   518.0
9.1300       -1535.2972   -1535.5146       0.2174   420.5
9.1400       -1535.2841   -1535.5791       0.2950   570.5
9.1500       -1535.2946   -1535.4717       0.1771   342.5
9.1600       -1535.3266   -1535.5750       0.2483   480.3
9.1700       -1535.3107   -1535.4978       0.1871   361.8
9.1800       -1535.3167   -1535.4526       0.1359   262.9
9.1900       -1535.3308   -1535.4719       0.1412   273.0
9.2000       -1535.3112   -1535.4274       0.1162   224.8
9.2100       -1535.2967   -1535.5362       0.2395   463.2
9.2200       -1535.3495   -1535.4731       0.1236   239.1
9.2300       -1535.3369   -1535.5304       0.1935   374.2
9.2400       -1535.3291   -1535.4867       0.1576   304.8
9.2500       -1535.3423   -1535.4766       0.1343   259.7
9.2600       -1535.3284   -1535.5125       0.1841   356.0
9.2700       -1535.3348   -1535.4221       0.0872   168.7
9.2800       -1535.3475   -1535.5244       0.1769   342.1
9.2900       -1535.3124   -1535.5129       0.2005   387.8
9.3000       -1535.3267   -1535.5919       0.2652   512.9
9.3100       -1535.3071   -1535.6263       0.3192   617.3
9.3200       -1535.3041   -1535.4832       0.1791   346.4
9.3300       -1535.3009   -1535.5609       0.2601   503.0
9.3400       -1535.3063   -1535.4443       0.1380   267.0
9.3500       -1535.3049   -1535.5233       0.2183   422.3
9.3600       -1535.2918   -1535.4909       0.1991   385.2
9.3700       -1535.3124   -1535.5284       0.2159   417.6
9.3800       -1535.3218   -1535.5742       0.2525   488.3
9.3900       -1535.3030   -1535.5239       0.2208   427.1
9.4000       -1535.2774   -1535.5899       0.3125   604.4
9.4100       -1535.2901   -1535.4463       0.1562   302.1
9.4200       -1535.3125   -1535.5125       0.2000   386.9
9.4300       -1535.3118   -1535.4852       0.1735   335.5
9.4400       -1535.3307   -1535.5323       0.2016   390.0
9.4500       -1535.3128   -1535.6126       0.2998   579.9
9.4600       -1535.3059   -1535.4790       0.1731   334.9
9.4700       -1535.2962   -1535.6284       0.3322   642.5
9.4800       -1535.3057   -1535.5325       0.2268   438.6
9.4900       -1535.3189   -1535.5591       0.2403   464.7
9.5000       -1535.2961   -1535.4418       0.1457   281.7
9.5100       -1535.2905   -1535.5402       0.2497   482.9
9.5200       -1535.2828   -1535.5586       0.2758   533.4
9.5300       -1535.2857   -1535.4996       0.2139   413.7
9.5400       -1535.3135   -1535.5799       0.2663   515.1
9.5500       -1535.3158   -1535.5115       0.1957   378.5
9.5600       -1535.3021   -1535.5603       0.2582   499.3
9.5700       -1535.3182   -1535.5587       0.2405   465.1
9.5800       -1535.2880   -1535.4686       0.1806   349.3
9.5900       -1535.2707   -1535.5211       0.2505   484.4
9.6000       -1535.2854   -1535.4154       0.1300   251.4
9.6100       -1535.2618   -1535.5080       0.2462   476.1
9.6200       -1535.2457   -1535.5403       0.2947   569.9
9.6300       -1535.2839   -1535.4672       0.1833   354.6
9.6400       -1535.2757   -1535.4926       0.2170   419.6
9.6500       -1535.2517   -1535.4576       0.2059   398.2
9.6600       -1535.2735   -1535.4976       0.2241   433.4
9.6700       -1535.2906   -1535.5152       0.2246   434.4
9.6800       -1535.2632   -1535.4150       0.1518   293.5
9.6900       -1535.2689   -1535.4743       0.2054   397.3
9.7000       -1535.2498   -1535.4438       0.1940   375.2
9.7100       -1535.2467   -1535.5434       0.2967   573.9
9.7200       -1535.2822   -1535.4733       0.1912   369.7
9.7300       -1535.3027   -1535.4498       0.1471   284.6
9.7400       -1535.2682   -1535.4806       0.2124   410.8
9.7500       -1535.2877   -1535.4803       0.1926   372.5
9.7600       -1535.2551   -1535.5644       0.3093   598.2
9.7700       -1535.2153   -1535.4607       0.2454   474.6
9.7800       -1535.1772   -1535.4687       0.2915   563.9
9.7900       -1535.2188   -1535.4937       0.2749   531.6
9.8000       -1535.2155   -1535.4979       0.2824   546.1
9.8100       -1535.2078   -1535.5667       0.3589   694.1
9.8200       -1535.2465   -1535.4581       0.2116   409.3
9.8300       -1535.2471   -1535.5414       0.2943   569.2
9.8400       -1535.2366   -1535.5614       0.3249   628.3
9.8500       -1535.2713   -1535.5608       0.2895   559.9
9.8600       -1535.2567   -1535.5923       0.3356   649.2
9.8700       -1535.2795   -1535.5070       0.2275   439.9
9.8800       -1535.2634   -1535.5887       0.3253   629.1
9.8900       -1535.2726   -1535.5796       0.3070   593.8
9.9000       -1535.2852   -1535.5669       0.2818   545.0
9.9100       -1535.2922   -1535.5773       0.2851   551.4
9.9200       -1535.2694   -1535.4857       0.2163   418.4
9.9300       -1535.2578   -1535.5686       0.3108   601.2
9.9400       -1535.2571   -1535.5532       0.2961   572.7
9.9500       -1535.2618   -1535.5511       0.2893   559.5
9.9600       -1535.2718   -1535.5692       0.2974   575.2
9.9700       -1535.2514   -1535.5079       0.2565   496.2
9.9800       -1535.2590   -1535.5927       0.3337   645.4
9.9900       -1535.2643   -1535.5504       0.2861   553.4
10.0000      -1535.2250   -1535.5187       0.2937   568.1
